2024-12-02 10:45:45.36634 INFO::Writing function arguments to log file
2024-12-02 10:45:45.366821 DEBUG::Function arguments
2024-12-02 10:45:45.366969 DEBUG::Output folder: PL_Long_family_no_d8
2024-12-02 10:45:45.367112 DEBUG::Min Abundance: 0.000000
2024-12-02 10:45:45.367239 DEBUG::Min Prevalence: 0.100000
2024-12-02 10:45:45.367366 DEBUG::Normalization: TSS
2024-12-02 10:45:45.36749 DEBUG::Transform: LOG
2024-12-02 10:45:45.367612 DEBUG::Analysis method: LM
2024-12-02 10:45:45.36773 DEBUG::Max significance: 0.250000
2024-12-02 10:45:45.367848 DEBUG::Random effects: Mouse_ID
2024-12-02 10:45:45.367976 DEBUG::Fixed effects: Day_Num
2024-12-02 10:45:45.368093 DEBUG::Correction method: BH
2024-12-02 10:45:45.368225 DEBUG::Standardize: TRUE
2024-12-02 10:45:45.36834 DEBUG::Cores: 1
2024-12-02 10:45:45.368458 INFO::Verifying options selected are valid
2024-12-02 10:45:45.368834 INFO::Determining format of input files
2024-12-02 10:45:45.369176 INFO::Input format is data samples as rows and metadata samples as rows
2024-12-02 10:45:45.370817 DEBUG::The following samples were found to have features but no metadata. They will be removed. HEB24001,HEB24002,HEB24003,HEB24004,HEB24005,HEB24006,HEB24009,HEB24011,HEB24012,HEB24013,HEB24014,HEB24015,HEB24016,HEB24018,HEB24019,HEB24020,HEB24021,HEB24022,HEB24023,HEB24024,HEB24025,HEB24026,HEB24027,HEB24028,HEB24029,HEB24030,HEB24031,HEB24032,HEB24033,HEB24034,HEB24035,HEB24036,HEB24037,HEB24038,HEB24039,HEB24041,HEB24043,HEB24044,HEB24045,HEB24046,HEB24047,HEB24048,HEB24049,HEB24050,HEB24051,HEB24052,HEB24053,HEB24054,HEB24055,HEB24056,HEB24057,HEB24059,HEB24060,HEB24061,HEB24062,HEB24063,HEB24064,HEB24066,HEB24068,HEB24069,HEB24070,HEB24071,HEB24072,HEB24073,HEB24074,HEB24075,HEB24076,HEB24077,HEB24078,HEB24079,HEB24080,HEB24081,HEB24082,HEB24083,HEB24084,HEB24085,HEB24086,HEB24087,HEB24089,HEB24091,HEB24092,HEB24093,HEB24094,HEB24095,HEB24096,HEB24101,HEB24102,HEB24103,HEB24104,HEB24105,HEB24106,HEB24107,HEB24108,HEB24109,HEB24110,HEB24112,HEB24113,HEB24114,HEB24115,HEB24116,HEB24117,HEB24118,HEB24119,HEB24121,HEB24122,HEB24124,HEB24125,HEB24126,HEB24127,HEB24128,HEB24129,HEB24130,HEB24131,HEB24132,HEB24133,HEB24134,HEB24135,HEB24136,HEB24137,HEB24138,HEB24145,HEB24146,HEB24147,HEB24148,HEB24149,HEB24150,HEB24151,HEB24152,HEB24153,HEB24154,HEB24155,HEB24156,HEB24157,HEB24158,HEB24159,HEB24160,HEB24161,HEB24162,HEB24163,HEB24164,HEB24165,HEB24166,HEB24167,HEB24168,HEB24169,HEB24170,HEB24171,HEB24172,HEB24173,HEB24174,HEB24175,HEB24176,HEB24177,HEB24178,HEB24179,HEB24180,HEB24181,HEB24182,HEB24183,HEB24184,HEB24185,HEB24186,HEB24187,HEB24188,HEB24189,HEB24190,HEB24191,HEB24192,HEB24193,HEB24194,HEB24195,HEB24196,HEB24197,HEB24198
2024-12-02 10:45:45.371049 DEBUG::A total of 24 samples were found in both the data and metadata
2024-12-02 10:45:45.371211 DEBUG::Reordering data/metadata to use same sample ordering
2024-12-02 10:45:45.371816 INFO::Formula for random effects: expr ~ (1 | Mouse_ID)
2024-12-02 10:45:45.372299 INFO::Formula for fixed effects: expr ~  Day_Num
2024-12-02 10:45:45.37275 INFO::Filter data based on min abundance and min prevalence
2024-12-02 10:45:45.373104 INFO::Total samples in data: 24
2024-12-02 10:45:45.373429 INFO::Min samples required with min abundance for a feature not to be filtered: 2.400000
2024-12-02 10:45:45.374459 INFO::Total filtered features: 40
2024-12-02 10:45:45.374957 INFO::Filtered feature names from abundance and prevalence filtering: k__Archaea.p__Euryarchaeota.c__Halobacteria.o__Halobacteriales.f__Halobacteriaceae, k__Bacteria.p__Actinobacteria.c__Actinobacteria.o__Actinomycetales.f__Micrococcaceae, k__Bacteria.p__Actinobacteria.c__Actinobacteria.o__Actinomycetales.f__Nocardiaceae, k__Bacteria.p__Firmicutes.c__Bacilli.o__Lactobacillales.f__Aerococcaceae, k__Bacteria.p__Firmicutes.c__Bacilli.o__Lactobacillales.__, k__Bacteria.p__Proteobacteria.c__Alphaproteobacteria.o__Rhizobiales.f__Hyphomicrobiaceae, k__Bacteria.p__Firmicutes.c__Bacilli.o__Bacillales.f__.Thermicanaceae., k__Bacteria.p__Proteobacteria.c__Alphaproteobacteria.o__Caulobacterales.f__Caulobacteraceae, k__Bacteria.p__Proteobacteria.c__Alphaproteobacteria.o__.f__, k__Bacteria.p__Firmicutes.c__Clostridia.o__.f__, k__Bacteria.p__Firmicutes.c__Clostridia.o__Natranaerobiales.f__Anaerobrancaceae, k__Bacteria.p__Proteobacteria.c__Alphaproteobacteria.o__Rhodobacterales.f__Rhodobacteraceae, k__Bacteria.p__Actinobacteria.c__Actinobacteria.o__Actinomycetales.f__Micromonosporaceae, k__Bacteria.p__Proteobacteria.c__Gammaproteobacteria.o__Alteromonadales.f__OM60, k__Bacteria.p__Proteobacteria.c__Gammaproteobacteria.o__Cardiobacteriales.f__, k__Bacteria.p__Proteobacteria.c__Alphaproteobacteria.o__Rhizobiales.__, k__Bacteria.p__Actinobacteria.c__Actinobacteria.o__Actinomycetales.f__Mycobacteriaceae, k__Bacteria.p__Actinobacteria.c__Actinobacteria.o__Actinomycetales.f__Microbacteriaceae, k__Bacteria.p__Actinobacteria.c__Actinobacteria.o__Actinomycetales.f__Nocardioidaceae, k__Bacteria.p__Proteobacteria.c__Alphaproteobacteria.o__Sphingomonadales.f__Sphingomonadaceae, k__Bacteria.p__Actinobacteria.c__Actinobacteria.o__Actinomycetales.f__Pseudonocardiaceae, k__Bacteria.p__Chloroflexi.c__Thermomicrobia.o__JG30.KF.CM45.f__, k__Bacteria.p__Proteobacteria.c__Epsilonproteobacteria.o__Campylobacterales.f__Campylobacteraceae, k__Bacteria.p__Proteobacteria.c__Betaproteobacteria.o__Burkholderiales.f__Oxalobacteraceae, k__Bacteria.p__Bacteroidetes.c__Flavobacteriia.o__Flavobacteriales.f__Cryomorphaceae, k__Bacteria.p__Proteobacteria.c__Betaproteobacteria.o__MKC10.f__, k__Bacteria.p__Actinobacteria.c__Actinobacteria.o__Actinomycetales.f__Actinomycetaceae, k__Bacteria.p__Proteobacteria.c__Alphaproteobacteria.o__Rhodospirillales.f__Rhodospirillaceae, k__Bacteria.p__Bacteroidetes.c__Flavobacteriia.o__Flavobacteriales.f__Flavobacteriaceae, k__Bacteria.p__Proteobacteria.c__Epsilonproteobacteria.o__Campylobacterales.f__Helicobacteraceae, k__Bacteria.p__Bacteroidetes.c__Bacteroidia.o__Bacteroidales.f__.Paraprevotellaceae., k__Bacteria.p__Spirochaetes.c__Spirochaetes.o__Spirochaetales.f__Spirochaetaceae, k__Bacteria.p__Actinobacteria.c__Thermoleophilia.__.__, k__Bacteria.p__Proteobacteria.c__Alphaproteobacteria.o__Rhizobiales.f__Bradyrhizobiaceae, k__Bacteria.p__.Thermi..c__Deinococci.o__Thermales.f__Thermaceae, k__Bacteria.p__Verrucomicrobia.__.__.__, k__Bacteria.p__Proteobacteria.c__Alphaproteobacteria.o__Sphingomonadales.f__Erythrobacteraceae, k__Bacteria.p__Firmicutes.c__Bacilli.o__Bacillales.f__, k__Bacteria.p__Proteobacteria.c__Deltaproteobacteria.o__Myxococcales.f__Myxococcaceae, k__Bacteria.p__Actinobacteria.__.__.__
2024-12-02 10:45:45.376077 INFO::Total filtered features with variance filtering: 0
2024-12-02 10:45:45.376513 INFO::Filtered feature names from variance filtering:
2024-12-02 10:45:45.376857 INFO::Running selected normalization method: TSS
2024-12-02 10:45:45.377654 INFO::Applying z-score to standardize continuous metadata
2024-12-02 10:45:45.380287 INFO::Running selected transform method: LOG
2024-12-02 10:45:45.381212 INFO::Running selected analysis method: LM
2024-12-02 10:45:45.382142 INFO::Fitting model to feature number 1, k__Bacteria.p__Bacteroidetes.c__Bacteroidia.o__Bacteroidales.f__S24.7
2024-12-02 10:45:45.401621 INFO::Fitting model to feature number 2, k__Bacteria.p__Firmicutes.c__Bacilli.o__Lactobacillales.f__Lactobacillaceae
2024-12-02 10:45:45.419492 INFO::Fitting model to feature number 3, k__Bacteria.p__Firmicutes.c__Bacilli.o__Bacillales.f__.Exiguobacteraceae.
2024-12-02 10:45:45.437623 INFO::Fitting model to feature number 4, k__Bacteria.p__Firmicutes.c__Bacilli.o__Lactobacillales.f__Streptococcaceae
2024-12-02 10:45:45.459979 INFO::Fitting model to feature number 5, k__Bacteria.p__Firmicutes.c__Bacilli.o__Bacillales.f__Bacillaceae
2024-12-02 10:45:45.478787 INFO::Fitting model to feature number 6, k__Bacteria.p__Firmicutes.c__Bacilli.o__Turicibacterales.f__Turicibacteraceae
2024-12-02 10:45:45.504854 INFO::Fitting model to feature number 7, k__Bacteria.p__Verrucomicrobia.c__Verrucomicrobiae.o__Verrucomicrobiales.f__Verrucomicrobiaceae
2024-12-02 10:45:45.545051 INFO::Fitting model to feature number 8, k__Bacteria.__.__.__.__
2024-12-02 10:45:45.580618 INFO::Fitting model to feature number 9, k__Bacteria.p__Firmicutes.c__Clostridia.o__Clostridiales.f__Clostridiaceae
2024-12-02 10:45:45.696595 INFO::Fitting model to feature number 10, k__Bacteria.p__Firmicutes.c__Clostridia.o__Clostridiales.__
2024-12-02 10:45:45.739217 INFO::Fitting model to feature number 11, k__Bacteria.p__Firmicutes.c__Bacilli.o__Lactobacillales.f__Leuconostocaceae
2024-12-02 10:45:45.759144 INFO::Fitting model to feature number 12, k__Bacteria.p__Firmicutes.c__Clostridia.o__Clostridiales.f__
2024-12-02 10:45:45.78658 INFO::Fitting model to feature number 13, k__Bacteria.p__Proteobacteria.c__Gammaproteobacteria.o__Enterobacteriales.f__Enterobacteriaceae
2024-12-02 10:45:45.80679 INFO::Fitting model to feature number 14, k__Bacteria.p__Cyanobacteria.c__Chloroplast.o__Streptophyta.f__
2024-12-02 10:45:45.825228 INFO::Fitting model to feature number 15, k__Bacteria.p__Proteobacteria.c__Alphaproteobacteria.o__Rickettsiales.f__mitochondria
2024-12-02 10:45:45.84603 INFO::Fitting model to feature number 16, k__Bacteria.p__Bacteroidetes.c__Bacteroidia.o__Bacteroidales.f__Bacteroidaceae
2024-12-02 10:45:45.86961 INFO::Fitting model to feature number 17, k__Bacteria.p__Firmicutes.c__Erysipelotrichi.o__Erysipelotrichales.f__Erysipelotrichaceae
2024-12-02 10:45:45.890297 INFO::Fitting model to feature number 18, k__Bacteria.p__Firmicutes.c__Clostridia.o__Clostridiales.f__Ruminococcaceae
2024-12-02 10:45:45.925616 INFO::Fitting model to feature number 19, k__Bacteria.p__Firmicutes.c__Clostridia.o__Clostridiales.f__Lachnospiraceae
2024-12-02 10:45:45.949858 INFO::Fitting model to feature number 20, k__Bacteria.p__Bacteroidetes.c__Bacteroidia.o__Bacteroidales.f__Porphyromonadaceae
2024-12-02 10:45:45.968482 INFO::Fitting model to feature number 21, k__Bacteria.p__Bacteroidetes.c__Bacteroidia.o__Bacteroidales.__
2024-12-02 10:45:45.9939 INFO::Fitting model to feature number 22, k__Bacteria.p__Firmicutes.c__Clostridia.__.__
2024-12-02 10:45:46.013263 INFO::Fitting model to feature number 23, k__Bacteria.p__Firmicutes.c__Clostridia.o__Clostridiales.f__Eubacteriaceae
2024-12-02 10:45:46.031233 INFO::Fitting model to feature number 24, k__Bacteria.p__Firmicutes.c__Clostridia.o__Clostridiales.f__Peptococcaceae
2024-12-02 10:45:46.057715 INFO::Fitting model to feature number 25, k__Bacteria.p__Proteobacteria.c__Gammaproteobacteria.o__Pseudomonadales.f__Moraxellaceae
2024-12-02 10:45:46.09046 INFO::Fitting model to feature number 26, k__Bacteria.p__Actinobacteria.c__Actinobacteria.o__Actinomycetales.f__
2024-12-02 10:45:46.112492 INFO::Fitting model to feature number 27, k__Bacteria.p__Tenericutes.c__Mollicutes.o__RF39.f__
2024-12-02 10:45:46.138177 INFO::Fitting model to feature number 28, k__Bacteria.p__Actinobacteria.c__Actinobacteria.o__Bifidobacteriales.f__Bifidobacteriaceae
2024-12-02 10:45:46.15672 INFO::Fitting model to feature number 29, k__Bacteria.p__Firmicutes.c__Clostridia.o__Clostridiales.f__Peptostreptococcaceae
2024-12-02 10:45:46.209511 INFO::Fitting model to feature number 30, k__Bacteria.p__Proteobacteria.c__Alphaproteobacteria.o__RF32.f__
2024-12-02 10:45:46.227449 INFO::Fitting model to feature number 31, k__Bacteria.p__Firmicutes.__.__.__
2024-12-02 10:45:46.250013 INFO::Fitting model to feature number 32, k__Bacteria.p__Proteobacteria.c__Betaproteobacteria.o__Burkholderiales.f__Alcaligenaceae
2024-12-02 10:45:46.268154 INFO::Fitting model to feature number 33, k__Bacteria.p__Deferribacteres.c__Deferribacteres.o__Deferribacterales.f__Deferribacteraceae
2024-12-02 10:45:46.284267 INFO::Fitting model to feature number 34, k__Bacteria.p__Bacteroidetes.c__Bacteroidia.o__Bacteroidales.f__Prevotellaceae
2024-12-02 10:45:46.301519 INFO::Fitting model to feature number 35, k__Bacteria.p__Actinobacteria.c__Actinobacteria.o__Actinomycetales.f__Streptomycetaceae
2024-12-02 10:45:46.317786 INFO::Fitting model to feature number 36, k__Bacteria.p__Actinobacteria.c__Actinobacteria.o__Actinomycetales.f__Brevibacteriaceae
2024-12-02 10:45:46.335321 INFO::Fitting model to feature number 37, k__Bacteria.p__Actinobacteria.c__Actinobacteria.o__Actinomycetales.f__Corynebacteriaceae
2024-12-02 10:45:46.35366 INFO::Fitting model to feature number 38, Unassigned.__.__.__.__
2024-12-02 10:45:46.374175 INFO::Fitting model to feature number 39, k__Bacteria.p__Actinobacteria.c__Actinobacteria.o__Actinomycetales.f__Intrasporangiaceae
2024-12-02 10:45:46.395708 INFO::Fitting model to feature number 40, k__Bacteria.p__Actinobacteria.c__Actinobacteria.o__Actinomycetales.f__Dermabacteraceae
2024-12-02 10:45:46.414924 INFO::Fitting model to feature number 41, k__Bacteria.p__Firmicutes.c__Bacilli.o__Bacillales.__
2024-12-02 10:45:46.436832 INFO::Fitting model to feature number 42, k__Bacteria.p__Proteobacteria.c__Gammaproteobacteria.o__Xanthomonadales.f__Xanthomonadaceae
2024-12-02 10:45:46.453869 INFO::Fitting model to feature number 43, k__Bacteria.p__Firmicutes.c__Clostridia.o__Clostridiales.f__Dehalobacteriaceae
2024-12-02 10:45:46.472786 INFO::Fitting model to feature number 44, k__Bacteria.p__Firmicutes.c__Clostridia.o__Clostridiales.f__.Mogibacteriaceae.
2024-12-02 10:45:46.490359 INFO::Fitting model to feature number 45, k__Bacteria.p__Firmicutes.c__Bacilli.o__Bacillales.f__Staphylococcaceae
2024-12-02 10:45:46.507155 INFO::Fitting model to feature number 46, k__Bacteria.p__Bacteroidetes.__.__.__
2024-12-02 10:45:46.527269 INFO::Fitting model to feature number 47, k__Bacteria.p__Actinobacteria.c__Actinobacteria.__.__
2024-12-02 10:45:46.549523 INFO::Fitting model to feature number 48, k__Bacteria.p__Bacteroidetes.c__Bacteroidia.o__Bacteroidales.f__Rikenellaceae
2024-12-02 10:45:46.584543 INFO::Fitting model to feature number 49, k__Bacteria.p__Firmicutes.c__Clostridia.o__Clostridiales.f__Veillonellaceae
2024-12-02 10:45:46.606294 INFO::Fitting model to feature number 50, k__Bacteria.p__Actinobacteria.c__Coriobacteriia.o__Coriobacteriales.f__Coriobacteriaceae
2024-12-02 10:45:46.624823 INFO::Fitting model to feature number 51, k__Bacteria.p__Proteobacteria.c__Alphaproteobacteria.o__Rhizobiales.f__Methylobacteriaceae
2024-12-02 10:45:46.64342 INFO::Fitting model to feature number 52, k__Bacteria.p__Actinobacteria.c__Actinobacteria.o__Actinomycetales.__
2024-12-02 10:45:46.662159 INFO::Fitting model to feature number 53, k__Bacteria.p__Actinobacteria.c__Actinobacteria.o__Actinomycetales.f__Nocardiopsaceae
2024-12-02 10:45:46.683559 INFO::Fitting model to feature number 54, k__Bacteria.p__Proteobacteria.c__Alphaproteobacteria.__.__
2024-12-02 10:45:46.703733 INFO::Fitting model to feature number 55, k__Bacteria.p__Firmicutes.c__Bacilli.o__Bacillales.f__Paenibacillaceae
2024-12-02 10:45:46.729329 INFO::Fitting model to feature number 56, k__Bacteria.p__Proteobacteria.c__Alphaproteobacteria.o__Rhizobiales.f__Rhizobiaceae
2024-12-02 10:45:46.749545 INFO::Fitting model to feature number 57, k__Bacteria.p__Firmicutes.c__Bacilli.__.__
2024-12-02 10:45:46.768391 INFO::Fitting model to feature number 58, k__Bacteria.p__Proteobacteria.c__Gammaproteobacteria.o__Pasteurellales.f__Pasteurellaceae
2024-12-02 10:45:46.787026 INFO::Fitting model to feature number 59, k__Bacteria.p__Firmicutes.c__Bacilli.o__Bacillales.f__Planococcaceae
2024-12-02 10:45:46.810333 INFO::Fitting model to feature number 60, k__Bacteria.p__Proteobacteria.c__Gammaproteobacteria.__.__
2024-12-02 10:45:46.828129 INFO::Fitting model to feature number 61, k__Bacteria.p__Proteobacteria.c__Betaproteobacteria.o__Burkholderiales.f__Comamonadaceae
2024-12-02 10:45:46.847739 INFO::Fitting model to feature number 62, k__Bacteria.p__Proteobacteria.c__Gammaproteobacteria.o__Pseudomonadales.f__Pseudomonadaceae
2024-12-02 10:45:46.866808 INFO::Fitting model to feature number 63, k__Bacteria.p__Firmicutes.c__Clostridia.o__Clostridiales.f__.Tissierellaceae.
2024-12-02 10:45:46.890692 INFO::Counting total values for each feature
2024-12-02 10:45:46.892544 INFO::Writing filtered data to file PL_Long_family_no_d8/features/filtered_data.tsv
2024-12-02 10:45:46.894185 INFO::Writing filtered, normalized data to file PL_Long_family_no_d8/features/filtered_data_norm.tsv
2024-12-02 10:45:46.896227 INFO::Writing filtered, normalized, transformed data to file PL_Long_family_no_d8/features/filtered_data_norm_transformed.tsv
2024-12-02 10:45:46.898466 INFO::Writing residuals to file PL_Long_family_no_d8/fits/residuals.rds
2024-12-02 10:45:46.899411 INFO::Writing fitted values to file PL_Long_family_no_d8/fits/fitted.rds
2024-12-02 10:45:46.900358 INFO::Writing extracted random effects to file PL_Long_family_no_d8/fits/ranef.rds
2024-12-02 10:45:46.900962 INFO::Writing all results to file (ordered by increasing q-values): PL_Long_family_no_d8/all_results.tsv
2024-12-02 10:45:46.901909 INFO::Writing the significant results (those which are less than or equal to the threshold of 0.250000 ) to file (ordered by increasing q-values): PL_Long_family_no_d8/significant_results.tsv
2024-12-02 10:45:46.902424 INFO::Writing heatmap of significant results to file: PL_Long_family_no_d8/heatmap.pdf
2024-12-02 10:45:46.903106 INFO::Writing association plots (one for each significant association) to output folder: PL_Long_family_no_d8
