2024-12-02 13:15:28.410843 INFO::Writing function arguments to log file
2024-12-02 13:15:28.414017 DEBUG::Function arguments
2024-12-02 13:15:28.414507 DEBUG::Output folder: Echo_lean_genus_c
2024-12-02 13:15:28.414836 DEBUG::Min Abundance: 0.000000
2024-12-02 13:15:28.415118 DEBUG::Min Prevalence: 0.100000
2024-12-02 13:15:28.41551 DEBUG::Normalization: TSS
2024-12-02 13:15:28.416031 DEBUG::Transform: LOG
2024-12-02 13:15:28.41636 DEBUG::Analysis method: LM
2024-12-02 13:15:28.416615 DEBUG::Max significance: 0.250000
2024-12-02 13:15:28.416889 DEBUG::Random effects: Mouse_ID,Day
2024-12-02 13:15:28.417142 DEBUG::Fixed effects: Lean_mass_percentage
2024-12-02 13:15:28.417443 DEBUG::Correction method: BH
2024-12-02 13:15:28.417765 DEBUG::Standardize: TRUE
2024-12-02 13:15:28.418134 DEBUG::Cores: 1
2024-12-02 13:15:28.418393 INFO::Verifying options selected are valid
2024-12-02 13:15:28.419566 INFO::Determining format of input files
2024-12-02 13:15:28.420909 INFO::Input format is data samples as rows and metadata samples as rows
2024-12-02 13:15:28.425129 DEBUG::The following samples were found to have features but no metadata. They will be removed. HEB24001,HEB24002,HEB24003,HEB24004,HEB24005,HEB24006,HEB24007,HEB24008,HEB24009,HEB24010,HEB24011,HEB24012,HEB24013,HEB24014,HEB24015,HEB24016,HEB24018,HEB24019,HEB24020,HEB24021,HEB24022,HEB24024,HEB24026,HEB24027,HEB24028,HEB24029,HEB24030,HEB24031,HEB24032,HEB24033,HEB24034,HEB24035,HEB24036,HEB24038,HEB24039,HEB24043,HEB24046,HEB24047,HEB24048,HEB24049,HEB24050,HEB24051,HEB24052,HEB24053,HEB24054,HEB24059,HEB24060,HEB24061,HEB24062,HEB24063,HEB24064,HEB24065,HEB24066,HEB24067,HEB24069,HEB24070,HEB24071,HEB24072,HEB24073,HEB24074,HEB24075,HEB24076,HEB24077,HEB24078,HEB24079,HEB24080,HEB24081,HEB24082,HEB24083,HEB24084,HEB24085,HEB24086,HEB24087,HEB24091,HEB24092,HEB24093,HEB24094,HEB24095,HEB24096,HEB24097,HEB24098,HEB24099,HEB24100,HEB24101,HEB24102,HEB24103,HEB24104,HEB24105,HEB24107,HEB24108,HEB24109,HEB24110,HEB24111,HEB24112,HEB24113,HEB24114,HEB24115,HEB24116,HEB24117,HEB24118,HEB24119,HEB24120,HEB24121,HEB24123,HEB24124,HEB24125,HEB24126,HEB24128,HEB24145,HEB24146,HEB24147,HEB24148,HEB24149,HEB24150,HEB24151,HEB24152,HEB24153,HEB24154,HEB24155,HEB24156,HEB24157,HEB24158,HEB24159,HEB24160,HEB24161,HEB24162,HEB24163,HEB24164,HEB24165,HEB24166,HEB24167,HEB24168,HEB24169,HEB24170,HEB24171,HEB24172,HEB24173,HEB24174,HEB24175,HEB24176,HEB24177,HEB24178,HEB24179,HEB24180,HEB24181,HEB24182,HEB24183,HEB24184,HEB24185,HEB24186,HEB24187,HEB24188,HEB24189,HEB24190,HEB24191,HEB24192,HEB24193,HEB24194,HEB24195,HEB24196,HEB24197,HEB24198
2024-12-02 13:15:28.425646 DEBUG::A total of 36 samples were found in both the data and metadata
2024-12-02 13:15:28.425938 DEBUG::Reordering data/metadata to use same sample ordering
2024-12-02 13:15:28.429245 INFO::Formula for random effects: expr ~ (1 | Mouse_ID) + (1 | Day)
2024-12-02 13:15:28.43057 INFO::Formula for fixed effects: expr ~  Lean_mass_percentage
2024-12-02 13:15:28.431407 INFO::Filter data based on min abundance and min prevalence
2024-12-02 13:15:28.432287 INFO::Total samples in data: 36
2024-12-02 13:15:28.433202 INFO::Min samples required with min abundance for a feature not to be filtered: 3.600000
2024-12-02 13:15:28.437538 INFO::Total filtered features: 87
2024-12-02 13:15:28.438799 INFO::Filtered feature names from abundance and prevalence filtering: k__Archaea.p__Euryarchaeota.c__Halobacteria.o__Halobacteriales.f__Halobacteriaceae.__, k__Bacteria.p__Actinobacteria.c__Actinobacteria.o__Actinomycetales.f__Micrococcaceae.__, k__Bacteria.p__Firmicutes.c__Bacilli.__.__.__, k__Bacteria.p__Actinobacteria.c__Actinobacteria.o__Actinomycetales.f__Nocardiaceae.g__Rhodococcus, k__Bacteria.p__Firmicutes.c__Clostridia.o__Clostridiales.f__Veillonellaceae.g__Megasphaera, k__Bacteria.p__Firmicutes.c__Bacilli.o__Bacillales.f__Planococcaceae.g__, k__Bacteria.p__Firmicutes.c__Bacilli.o__Lactobacillales.f__Aerococcaceae.g__, k__Bacteria.p__Proteobacteria.c__Alphaproteobacteria.o__Rhizobiales.f__Methylobacteriaceae.g__Methylobacterium, k__Bacteria.p__Proteobacteria.c__Gammaproteobacteria.__.__.__, k__Bacteria.p__Proteobacteria.c__Betaproteobacteria.o__Burkholderiales.f__Comamonadaceae.__, k__Bacteria.p__Proteobacteria.c__Gammaproteobacteria.o__Pseudomonadales.f__Pseudomonadaceae.g__, k__Bacteria.p__Proteobacteria.c__Alphaproteobacteria.o__Rhizobiales.f__Rhizobiaceae.g__, k__Bacteria.p__Proteobacteria.c__Gammaproteobacteria.o__Enterobacteriales.f__Enterobacteriaceae.g__Escherichia, k__Bacteria.p__Firmicutes.c__Clostridia.o__Clostridiales.f__Peptococcaceae.g__Desulfosporosinus, k__Bacteria.p__Firmicutes.c__Bacilli.o__Lactobacillales.__.__, k__Bacteria.p__Firmicutes.c__Clostridia.o__Clostridiales.f__.Tissierellaceae..g__Sporanaerobacter, k__Bacteria.p__Firmicutes.c__Bacilli.o__Lactobacillales.f__Lactobacillaceae.__, k__Bacteria.p__Proteobacteria.c__Alphaproteobacteria.o__Rhizobiales.f__Hyphomicrobiaceae.g__, k__Bacteria.p__Firmicutes.c__Bacilli.o__Bacillales.f__.Thermicanaceae..g__Bacillus, k__Bacteria.p__Actinobacteria.c__Actinobacteria.o__Actinomycetales.f__Micrococcaceae.g__Sinomonas, k__Bacteria.p__Firmicutes.c__Bacilli.o__Lactobacillales.f__Aerococcaceae.g__Aerococcus, k__Bacteria.p__Proteobacteria.c__Alphaproteobacteria.o__Rickettsiales.f__mitochondria.g__Plantago, k__Bacteria.p__Proteobacteria.c__Alphaproteobacteria.o__Caulobacterales.f__Caulobacteraceae.g__, k__Bacteria.p__Firmicutes.c__Clostridia.o__Clostridiales.f__.Tissierellaceae..g__Gallicola, k__Bacteria.p__Firmicutes.c__Clostridia.o__Clostridiales.f__Clostridiaceae.__, k__Bacteria.p__Actinobacteria.c__Actinobacteria.o__Actinomycetales.f__Streptomycetaceae.g__, k__Bacteria.p__Firmicutes.c__Clostridia.o__Clostridiales.f__.Tissierellaceae..g__Anaerococcus, k__Bacteria.p__Proteobacteria.c__Alphaproteobacteria.o__.f__.g__, k__Bacteria.p__Firmicutes.c__Clostridia.o__.f__.g__, k__Bacteria.p__Proteobacteria.c__Gammaproteobacteria.o__Pseudomonadales.f__Pseudomonadaceae.g__Pseudomonas, k__Bacteria.p__Firmicutes.c__Clostridia.o__Clostridiales.f__Clostridiaceae.g__Caloramator, k__Bacteria.p__Firmicutes.c__Clostridia.o__Natranaerobiales.f__Anaerobrancaceae.g__A55_D21, k__Bacteria.p__Proteobacteria.c__Alphaproteobacteria.o__Rhodobacterales.f__Rhodobacteraceae.__, k__Bacteria.p__Firmicutes.c__Bacilli.o__Bacillales.f__Paenibacillaceae.g__Paenibacillus, k__Bacteria.p__Proteobacteria.c__Alphaproteobacteria.o__Rhizobiales.f__Rhizobiaceae.g__Agrobacterium, k__Bacteria.p__Proteobacteria.c__Alphaproteobacteria.o__Rhodobacterales.f__Rhodobacteraceae.g__, k__Bacteria.p__Actinobacteria.c__Actinobacteria.o__Actinomycetales.f__Micromonosporaceae.g__, k__Archaea.p__Euryarchaeota.c__Halobacteria.o__Halobacteriales.f__Halobacteriaceae.g__Halobacteriaceae, k__Bacteria.p__Proteobacteria.c__Alphaproteobacteria.o__Rickettsiales.f__mitochondria.__, k__Bacteria.p__Proteobacteria.c__Gammaproteobacteria.o__Alteromonadales.f__OM60.g__, k__Archaea.p__Euryarchaeota.c__Halobacteria.o__Halobacteriales.f__Halobacteriaceae.g__Halorubrum, k__Bacteria.p__Proteobacteria.c__Gammaproteobacteria.o__Cardiobacteriales.f__.g__, k__Bacteria.p__Proteobacteria.c__Alphaproteobacteria.o__Rhodobacterales.f__Rhodobacteraceae.g__Rhodobaca, k__Bacteria.p__Proteobacteria.c__Alphaproteobacteria.o__Rhodobacterales.f__Rhodobacteraceae.g__Paracoccus, k__Bacteria.p__Proteobacteria.c__Betaproteobacteria.o__Burkholderiales.f__Comamonadaceae.g__Brachymonas, k__Bacteria.p__Firmicutes.c__Bacilli.o__Bacillales.f__Paenibacillaceae.g__, k__Bacteria.p__Proteobacteria.c__Alphaproteobacteria.o__Rhizobiales.__.__, k__Bacteria.p__Actinobacteria.c__Actinobacteria.o__Actinomycetales.f__Mycobacteriaceae.g__Mycobacterium, k__Bacteria.p__Firmicutes.c__Clostridia.o__Clostridiales.f__.Tissierellaceae..g__ecb11, k__Bacteria.p__Actinobacteria.c__Actinobacteria.o__Actinomycetales.f__Microbacteriaceae.g__Microbacterium, k__Bacteria.p__Proteobacteria.c__Betaproteobacteria.o__Burkholderiales.f__Comamonadaceae.g__, k__Bacteria.p__Actinobacteria.c__Actinobacteria.o__Actinomycetales.f__Nocardioidaceae.g__, k__Bacteria.p__Proteobacteria.c__Alphaproteobacteria.o__Sphingomonadales.f__Sphingomonadaceae.g__Kaistobacter, k__Archaea.p__Euryarchaeota.c__Halobacteria.o__Halobacteriales.f__Halobacteriaceae.g__Haloarcula, k__Bacteria.p__Actinobacteria.c__Actinobacteria.o__Actinomycetales.f__Pseudonocardiaceae.g__Saccharomonospora, k__Bacteria.p__Firmicutes.c__Clostridia.o__Clostridiales.f__.Tissierellaceae..__, k__Bacteria.p__Chloroflexi.c__Thermomicrobia.o__JG30.KF.CM45.f__.g__, k__Bacteria.p__Proteobacteria.c__Betaproteobacteria.o__Burkholderiales.f__Comamonadaceae.g__Comamonas, k__Bacteria.p__Proteobacteria.c__Epsilonproteobacteria.o__Campylobacterales.f__Campylobacteraceae.g__Campylobacter, k__Bacteria.p__Proteobacteria.c__Alphaproteobacteria.o__Rickettsiales.f__mitochondria.g__Abies, k__Bacteria.p__Proteobacteria.c__Betaproteobacteria.o__Burkholderiales.f__Oxalobacteraceae.g__, k__Bacteria.p__Bacteroidetes.c__Flavobacteriia.o__Flavobacteriales.f__Cryomorphaceae.g__, k__Bacteria.p__Proteobacteria.c__Betaproteobacteria.o__MKC10.f__.g__, k__Bacteria.p__Actinobacteria.c__Actinobacteria.o__Actinomycetales.f__Actinomycetaceae.g__Arcanobacterium, k__Bacteria.p__Proteobacteria.c__Alphaproteobacteria.o__Rhodospirillales.f__Rhodospirillaceae.g__Azospirillum, k__Bacteria.p__Actinobacteria.c__Actinobacteria.o__Actinomycetales.f__Actinomycetaceae.g__Actinomyces, k__Bacteria.p__Bacteroidetes.c__Flavobacteriia.o__Flavobacteriales.f__Flavobacteriaceae.g__, k__Bacteria.p__Proteobacteria.c__Epsilonproteobacteria.o__Campylobacterales.f__Helicobacteraceae.g__Sulfurimonas, k__Bacteria.p__Bacteroidetes.c__Bacteroidia.o__Bacteroidales.f__Prevotellaceae.g__, k__Bacteria.p__Bacteroidetes.c__Bacteroidia.o__Bacteroidales.f__.Paraprevotellaceae..g__.Prevotella., k__Bacteria.p__Proteobacteria.c__Gammaproteobacteria.o__Enterobacteriales.f__Enterobacteriaceae.g__Klebsiella, k__Bacteria.p__Spirochaetes.c__Spirochaetes.o__Spirochaetales.f__Spirochaetaceae.g__Treponema, k__Bacteria.p__Firmicutes.c__Clostridia.o__Clostridiales.f__.Tissierellaceae..g__, k__Bacteria.p__Actinobacteria.c__Thermoleophilia.__.__.__, k__Bacteria.p__Proteobacteria.c__Alphaproteobacteria.o__Rhizobiales.f__Bradyrhizobiaceae.g__Bradyrhizobium, k__Bacteria.p__.Thermi..c__Deinococci.o__Thermales.f__Thermaceae.g__Thermus, k__Bacteria.p__Verrucomicrobia.__.__.__.__, k__Bacteria.p__Proteobacteria.c__Alphaproteobacteria.o__Sphingomonadales.f__Erythrobacteraceae.g__Erythrobacter, k__Bacteria.p__Proteobacteria.c__Alphaproteobacteria.o__Sphingomonadales.f__Sphingomonadaceae.g__Sphingomonas, k__Bacteria.p__Firmicutes.c__Bacilli.o__Bacillales.f__Bacillaceae.__, k__Bacteria.p__Spirochaetes.c__Spirochaetes.o__Spirochaetales.f__Spirochaetaceae.__, k__Bacteria.p__Firmicutes.c__Bacilli.o__Bacillales.f__.g__, k__Bacteria.p__Firmicutes.c__Clostridia.o__Clostridiales.f__Veillonellaceae.g__, k__Bacteria.p__Firmicutes.c__Clostridia.o__Clostridiales.f__Veillonellaceae.__, k__Bacteria.p__Proteobacteria.c__Deltaproteobacteria.o__Myxococcales.f__Myxococcaceae.g__Myxococcus, k__Bacteria.p__Proteobacteria.c__Alphaproteobacteria.o__Rhodospirillales.f__Rhodospirillaceae.__, k__Bacteria.p__Actinobacteria.__.__.__.__
2024-12-02 13:15:28.441319 INFO::Total filtered features with variance filtering: 0
2024-12-02 13:15:28.441913 INFO::Filtered feature names from variance filtering:
2024-12-02 13:15:28.442514 INFO::Running selected normalization method: TSS
2024-12-02 13:15:28.444867 INFO::Applying z-score to standardize continuous metadata
2024-12-02 13:15:28.454633 INFO::Running selected transform method: LOG
2024-12-02 13:15:28.45644 INFO::Running selected analysis method: LM
2024-12-02 13:15:28.458246 INFO::Fitting model to feature number 1, k__Bacteria.p__Bacteroidetes.c__Bacteroidia.o__Bacteroidales.f__S24.7.g__
2024-12-02 13:15:28.530288 INFO::Fitting model to feature number 2, k__Bacteria.p__Firmicutes.c__Bacilli.o__Lactobacillales.f__Lactobacillaceae.g__
2024-12-02 13:15:28.567194 INFO::Fitting model to feature number 3, k__Bacteria.p__Firmicutes.c__Bacilli.o__Bacillales.f__.Exiguobacteraceae..g__
2024-12-02 13:15:28.607873 INFO::Fitting model to feature number 4, k__Bacteria.p__Firmicutes.c__Bacilli.o__Lactobacillales.f__Streptococcaceae.g__Streptococcus
2024-12-02 13:15:28.638964 INFO::Fitting model to feature number 5, k__Bacteria.p__Firmicutes.c__Bacilli.o__Bacillales.f__Bacillaceae.g__Bacillus
2024-12-02 13:15:28.683225 INFO::Fitting model to feature number 6, k__Bacteria.p__Firmicutes.c__Bacilli.o__Lactobacillales.f__Lactobacillaceae.g__Lactobacillus
2024-12-02 13:15:28.717903 INFO::Fitting model to feature number 7, k__Bacteria.p__Firmicutes.c__Bacilli.o__Turicibacterales.f__Turicibacteraceae.g__Turicibacter
2024-12-02 13:15:28.763691 INFO::Fitting model to feature number 8, k__Bacteria.p__Verrucomicrobia.c__Verrucomicrobiae.o__Verrucomicrobiales.f__Verrucomicrobiaceae.g__Akkermansia
2024-12-02 13:15:28.825803 INFO::Fitting model to feature number 9, k__Bacteria.__.__.__.__.__
2024-12-02 13:15:28.850041 INFO::Fitting model to feature number 10, k__Bacteria.p__Firmicutes.c__Clostridia.o__Clostridiales.f__Clostridiaceae.g__
2024-12-02 13:15:28.881778 INFO::Fitting model to feature number 11, k__Bacteria.p__Firmicutes.c__Clostridia.o__Clostridiales.__.__
2024-12-02 13:15:28.907451 INFO::Fitting model to feature number 12, k__Bacteria.p__Firmicutes.c__Bacilli.o__Lactobacillales.f__Leuconostocaceae.g__
2024-12-02 13:15:28.933435 INFO::Fitting model to feature number 13, k__Bacteria.p__Firmicutes.c__Clostridia.o__Clostridiales.f__.g__
2024-12-02 13:15:28.95777 INFO::Fitting model to feature number 14, k__Bacteria.p__Proteobacteria.c__Gammaproteobacteria.o__Enterobacteriales.f__Enterobacteriaceae.g__
2024-12-02 13:15:28.980712 INFO::Fitting model to feature number 15, k__Bacteria.p__Cyanobacteria.c__Chloroplast.o__Streptophyta.f__.g__
2024-12-02 13:15:29.002804 INFO::Fitting model to feature number 16, k__Bacteria.p__Proteobacteria.c__Alphaproteobacteria.o__Rickettsiales.f__mitochondria.g__Lardizabala
2024-12-02 13:15:29.023514 INFO::Fitting model to feature number 17, k__Bacteria.p__Bacteroidetes.c__Bacteroidia.o__Bacteroidales.f__Bacteroidaceae.g__Bacteroides
2024-12-02 13:15:29.045124 INFO::Fitting model to feature number 18, k__Bacteria.p__Firmicutes.c__Bacilli.o__Lactobacillales.f__Streptococcaceae.g__Lactococcus
2024-12-02 13:15:29.066337 INFO::Fitting model to feature number 19, k__Bacteria.p__Firmicutes.c__Erysipelotrichi.o__Erysipelotrichales.f__Erysipelotrichaceae.__
2024-12-02 13:15:29.087607 INFO::Fitting model to feature number 20, k__Bacteria.p__Firmicutes.c__Clostridia.o__Clostridiales.f__Ruminococcaceae.__
2024-12-02 13:15:29.110095 INFO::Fitting model to feature number 21, k__Bacteria.p__Firmicutes.c__Clostridia.o__Clostridiales.f__Lachnospiraceae.g__Epulopiscium
2024-12-02 13:15:29.131635 INFO::Fitting model to feature number 22, k__Bacteria.p__Firmicutes.c__Clostridia.o__Clostridiales.f__Ruminococcaceae.g__Ruminococcus
2024-12-02 13:15:29.162514 INFO::Fitting model to feature number 23, k__Bacteria.p__Bacteroidetes.c__Bacteroidia.o__Bacteroidales.f__Porphyromonadaceae.g__Parabacteroides
2024-12-02 13:15:29.183597 INFO::Fitting model to feature number 24, k__Bacteria.p__Firmicutes.c__Clostridia.o__Clostridiales.f__Lachnospiraceae.g__
2024-12-02 13:15:29.204581 INFO::Fitting model to feature number 25, k__Bacteria.p__Firmicutes.c__Clostridia.o__Clostridiales.f__Lachnospiraceae.g__Lachnospira
2024-12-02 13:15:29.225474 INFO::Fitting model to feature number 26, k__Bacteria.p__Firmicutes.c__Clostridia.o__Clostridiales.f__Clostridiaceae.g__SMB53
2024-12-02 13:15:29.248971 INFO::Fitting model to feature number 27, k__Bacteria.p__Firmicutes.c__Clostridia.o__Clostridiales.f__Ruminococcaceae.g__Faecalibacterium
2024-12-02 13:15:29.272511 INFO::Fitting model to feature number 28, k__Bacteria.p__Firmicutes.c__Clostridia.o__Clostridiales.f__Lachnospiraceae.__
2024-12-02 13:15:29.297594 INFO::Fitting model to feature number 29, k__Bacteria.p__Firmicutes.c__Clostridia.o__Clostridiales.f__Lachnospiraceae.g__Blautia
2024-12-02 13:15:29.319348 INFO::Fitting model to feature number 30, k__Bacteria.p__Bacteroidetes.c__Bacteroidia.o__Bacteroidales.__.__
2024-12-02 13:15:29.341239 INFO::Fitting model to feature number 31, k__Bacteria.p__Firmicutes.c__Clostridia.__.__.__
2024-12-02 13:15:29.364937 INFO::Fitting model to feature number 32, k__Bacteria.p__Firmicutes.c__Clostridia.o__Clostridiales.f__Ruminococcaceae.g__Oscillospira
2024-12-02 13:15:29.386736 INFO::Fitting model to feature number 33, k__Bacteria.p__Firmicutes.c__Clostridia.o__Clostridiales.f__Eubacteriaceae.g__Pseudoramibacter_Eubacterium
2024-12-02 13:15:29.408024 INFO::Fitting model to feature number 34, k__Bacteria.p__Firmicutes.c__Clostridia.o__Clostridiales.f__Peptococcaceae.g__rc4.4
2024-12-02 13:15:29.442187 INFO::Fitting model to feature number 35, k__Bacteria.p__Proteobacteria.c__Gammaproteobacteria.o__Pseudomonadales.f__Moraxellaceae.g__Acinetobacter
2024-12-02 13:15:29.474075 INFO::Fitting model to feature number 36, k__Bacteria.p__Firmicutes.c__Erysipelotrichi.o__Erysipelotrichales.f__Erysipelotrichaceae.g__Allobaculum
2024-12-02 13:15:29.495706 INFO::Fitting model to feature number 37, k__Bacteria.p__Actinobacteria.c__Actinobacteria.o__Actinomycetales.f__.g__
2024-12-02 13:15:29.516731 INFO::Fitting model to feature number 38, k__Bacteria.p__Tenericutes.c__Mollicutes.o__RF39.f__.g__
2024-12-02 13:15:29.538288 INFO::Fitting model to feature number 39, k__Bacteria.p__Firmicutes.c__Erysipelotrichi.o__Erysipelotrichales.f__Erysipelotrichaceae.g__Catenibacterium
2024-12-02 13:15:29.56093 INFO::Fitting model to feature number 40, k__Bacteria.p__Firmicutes.c__Clostridia.o__Clostridiales.f__Ruminococcaceae.g__
2024-12-02 13:15:29.583008 INFO::Fitting model to feature number 41, k__Bacteria.p__Actinobacteria.c__Actinobacteria.o__Bifidobacteriales.f__Bifidobacteriaceae.g__Bifidobacterium
2024-12-02 13:15:29.604195 INFO::Fitting model to feature number 42, k__Bacteria.p__Firmicutes.c__Clostridia.o__Clostridiales.f__Peptostreptococcaceae.g__
2024-12-02 13:15:29.627969 INFO::Fitting model to feature number 43, k__Bacteria.p__Proteobacteria.c__Alphaproteobacteria.o__RF32.f__.g__
2024-12-02 13:15:29.649555 INFO::Fitting model to feature number 44, k__Bacteria.p__Firmicutes.c__Clostridia.o__Clostridiales.f__Clostridiaceae.g__Candidatus.Arthromitus
2024-12-02 13:15:29.671001 INFO::Fitting model to feature number 45, k__Bacteria.p__Firmicutes.__.__.__.__
2024-12-02 13:15:29.691819 INFO::Fitting model to feature number 46, k__Bacteria.p__Proteobacteria.c__Betaproteobacteria.o__Burkholderiales.f__Alcaligenaceae.g__Sutterella
2024-12-02 13:15:29.71297 INFO::Fitting model to feature number 47, k__Bacteria.p__Deferribacteres.c__Deferribacteres.o__Deferribacterales.f__Deferribacteraceae.g__Mucispirillum
2024-12-02 13:15:29.734555 INFO::Fitting model to feature number 48, k__Bacteria.p__Bacteroidetes.c__Bacteroidia.o__Bacteroidales.f__Prevotellaceae.g__Prevotella
2024-12-02 13:15:29.755682 INFO::Fitting model to feature number 49, k__Bacteria.p__Actinobacteria.c__Actinobacteria.o__Actinomycetales.f__Streptomycetaceae.g__Streptomyces
2024-12-02 13:15:29.785066 INFO::Fitting model to feature number 50, k__Bacteria.p__Actinobacteria.c__Actinobacteria.o__Actinomycetales.f__Brevibacteriaceae.g__Brevibacterium
2024-12-02 13:15:29.80884 INFO::Fitting model to feature number 51, k__Bacteria.p__Actinobacteria.c__Actinobacteria.o__Actinomycetales.f__Corynebacteriaceae.g__Corynebacterium
2024-12-02 13:15:29.830906 INFO::Fitting model to feature number 52, k__Bacteria.p__Proteobacteria.c__Gammaproteobacteria.o__Enterobacteriales.f__Enterobacteriaceae.g__Plesiomonas
2024-12-02 13:15:29.852846 INFO::Fitting model to feature number 53, Unassigned.__.__.__.__.__
2024-12-02 13:15:29.8748 INFO::Fitting model to feature number 54, k__Bacteria.p__Actinobacteria.c__Actinobacteria.o__Actinomycetales.f__Intrasporangiaceae.g__
2024-12-02 13:15:29.896636 INFO::Fitting model to feature number 55, k__Bacteria.p__Actinobacteria.c__Actinobacteria.o__Actinomycetales.f__Dermabacteraceae.g__Brachybacterium
2024-12-02 13:15:29.918065 INFO::Fitting model to feature number 56, k__Bacteria.p__Firmicutes.c__Bacilli.o__Bacillales.__.__
2024-12-02 13:15:29.940075 INFO::Fitting model to feature number 57, k__Bacteria.p__Proteobacteria.c__Gammaproteobacteria.o__Xanthomonadales.f__Xanthomonadaceae.g__Stenotrophomonas
2024-12-02 13:15:29.963263 INFO::Fitting model to feature number 58, k__Bacteria.p__Firmicutes.c__Clostridia.o__Clostridiales.f__Dehalobacteriaceae.g__Dehalobacterium
2024-12-02 13:15:29.986185 INFO::Fitting model to feature number 59, k__Bacteria.p__Firmicutes.c__Clostridia.o__Clostridiales.f__.Mogibacteriaceae..g__
2024-12-02 13:15:30.007697 INFO::Fitting model to feature number 60, k__Bacteria.p__Firmicutes.c__Bacilli.o__Bacillales.f__Staphylococcaceae.g__Jeotgalicoccus
2024-12-02 13:15:30.028976 INFO::Fitting model to feature number 61, k__Bacteria.p__Firmicutes.c__Erysipelotrichi.o__Erysipelotrichales.f__Erysipelotrichaceae.g__
2024-12-02 13:15:30.050275 INFO::Fitting model to feature number 62, k__Bacteria.p__Bacteroidetes.__.__.__.__
2024-12-02 13:15:30.073122 INFO::Fitting model to feature number 63, k__Bacteria.p__Firmicutes.c__Clostridia.o__Clostridiales.f__Clostridiaceae.g__Clostridium
2024-12-02 13:15:30.113037 INFO::Fitting model to feature number 64, k__Bacteria.p__Actinobacteria.c__Actinobacteria.__.__.__
2024-12-02 13:15:30.140617 INFO::Fitting model to feature number 65, k__Bacteria.p__Bacteroidetes.c__Bacteroidia.o__Bacteroidales.f__Rikenellaceae.g__
2024-12-02 13:15:30.172624 INFO::Fitting model to feature number 66, k__Bacteria.p__Firmicutes.c__Clostridia.o__Clostridiales.f__Veillonellaceae.g__Dialister
2024-12-02 13:15:30.197326 INFO::Fitting model to feature number 67, k__Bacteria.p__Actinobacteria.c__Coriobacteriia.o__Coriobacteriales.f__Coriobacteriaceae.g__
2024-12-02 13:15:30.222641 INFO::Fitting model to feature number 68, k__Bacteria.p__Actinobacteria.c__Actinobacteria.o__Actinomycetales.f__Streptomycetaceae.__
2024-12-02 13:15:30.282688 INFO::Fitting model to feature number 69, k__Bacteria.p__Firmicutes.c__Clostridia.o__Clostridiales.f__Lachnospiraceae.g__Coprococcus
2024-12-02 13:15:30.312721 INFO::Fitting model to feature number 70, k__Bacteria.p__Actinobacteria.c__Coriobacteriia.o__Coriobacteriales.f__Coriobacteriaceae.g__Adlercreutzia
2024-12-02 13:15:30.338608 INFO::Fitting model to feature number 71, k__Bacteria.p__Proteobacteria.c__Alphaproteobacteria.o__Rhizobiales.f__Methylobacteriaceae.g__
2024-12-02 13:15:30.360802 INFO::Fitting model to feature number 72, k__Bacteria.p__Firmicutes.c__Clostridia.o__Clostridiales.f__Veillonellaceae.g__Acidaminococcus
2024-12-02 13:15:30.386009 INFO::Fitting model to feature number 73, k__Bacteria.p__Actinobacteria.c__Actinobacteria.o__Actinomycetales.__.__
2024-12-02 13:15:30.423143 INFO::Fitting model to feature number 74, k__Bacteria.p__Actinobacteria.c__Actinobacteria.o__Actinomycetales.f__Nocardiopsaceae.g__Prauseria
2024-12-02 13:15:30.467699 INFO::Fitting model to feature number 75, k__Bacteria.p__Proteobacteria.c__Alphaproteobacteria.__.__.__
2024-12-02 13:15:30.504066 INFO::Fitting model to feature number 76, k__Bacteria.p__Firmicutes.c__Bacilli.o__Bacillales.f__Paenibacillaceae.__
2024-12-02 13:15:30.666077 INFO::Fitting model to feature number 77, k__Bacteria.p__Proteobacteria.c__Alphaproteobacteria.o__Rhizobiales.f__Rhizobiaceae.__
2024-12-02 13:15:30.715121 INFO::Fitting model to feature number 78, k__Bacteria.p__Proteobacteria.c__Gammaproteobacteria.o__Pasteurellales.f__Pasteurellaceae.g__Gallibacterium
2024-12-02 13:15:30.754396 INFO::Fitting model to feature number 79, k__Bacteria.p__Firmicutes.c__Clostridia.o__Clostridiales.f__Veillonellaceae.g__Megamonas
2024-12-02 13:15:30.789155 INFO::Counting total values for each feature
2024-12-02 13:15:30.791524 INFO::Writing filtered data to file Echo_lean_genus_c/features/filtered_data.tsv
2024-12-02 13:15:30.793746 INFO::Writing filtered, normalized data to file Echo_lean_genus_c/features/filtered_data_norm.tsv
2024-12-02 13:15:30.796765 INFO::Writing filtered, normalized, transformed data to file Echo_lean_genus_c/features/filtered_data_norm_transformed.tsv
2024-12-02 13:15:30.800179 WARNING::Deleting existing residuals file: Echo_lean_genus_c/fits/residuals.rds
2024-12-02 13:15:30.801129 INFO::Writing residuals to file Echo_lean_genus_c/fits/residuals.rds
2024-12-02 13:15:30.805557 WARNING::Deleting existing fitted file: Echo_lean_genus_c/fits/fitted.rds
2024-12-02 13:15:30.807532 INFO::Writing fitted values to file Echo_lean_genus_c/fits/fitted.rds
2024-12-02 13:15:30.809601 WARNING::Deleting existing ranef file: Echo_lean_genus_c/fits/ranef.rds
2024-12-02 13:15:30.811213 INFO::Writing extracted random effects to file Echo_lean_genus_c/fits/ranef.rds
2024-12-02 13:15:30.812223 INFO::Writing all results to file (ordered by increasing q-values): Echo_lean_genus_c/all_results.tsv
2024-12-02 13:15:30.813491 INFO::Writing the significant results (those which are less than or equal to the threshold of 0.250000 ) to file (ordered by increasing q-values): Echo_lean_genus_c/significant_results.tsv
2024-12-02 13:15:30.814173 INFO::Writing heatmap of significant results to file: Echo_lean_genus_c/heatmap.pdf
2024-12-02 13:15:30.815206 INFO::Writing association plots (one for each significant association) to output folder: Echo_lean_genus_c
2024-12-02 13:15:30.81646 INFO::Plotting associations from most to least significant, grouped by metadata
2024-12-02 13:15:30.816978 INFO::Plotting data for metadata number 1, Lean_mass_percentage
2024-12-02 13:15:30.81992 INFO::Creating scatter plot for continuous data, Lean_mass_percentage vs k__Bacteria.p__Verrucomicrobia.c__Verrucomicrobiae.o__Verrucomicrobiales.f__Verrucomicrobiaceae.g__Akkermansia
2024-12-02 13:15:30.909447 DEBUG::`geom_smooth()` using formula = 'y ~ x'
2024-12-02 13:15:30.909829 INFO::Creating scatter plot for continuous data, Lean_mass_percentage vs k__Bacteria.p__Firmicutes.c__Clostridia.o__Clostridiales.f__Clostridiaceae.g__SMB53
2024-12-02 13:15:30.97644 DEBUG::`geom_smooth()` using formula = 'y ~ x'
2024-12-02 13:15:30.976797 INFO::Creating scatter plot for continuous data, Lean_mass_percentage vs k__Bacteria.p__Firmicutes.c__Clostridia.o__Clostridiales.f__Clostridiaceae.g__
2024-12-02 13:15:31.055068 DEBUG::`geom_smooth()` using formula = 'y ~ x'
