2024-12-02 14:51:41.147969 INFO::Writing function arguments to log file
2024-12-02 14:51:41.148514 DEBUG::Function arguments
2024-12-02 14:51:41.148671 DEBUG::Output folder: ABX_Phylum
2024-12-02 14:51:41.148809 DEBUG::Min Abundance: 0.000000
2024-12-02 14:51:41.14894 DEBUG::Min Prevalence: 0.100000
2024-12-02 14:51:41.149062 DEBUG::Normalization: TSS
2024-12-02 14:51:41.149187 DEBUG::Transform: LOG
2024-12-02 14:51:41.149312 DEBUG::Analysis method: LM
2024-12-02 14:51:41.14944 DEBUG::Max significance: 0.250000
2024-12-02 14:51:41.149579 DEBUG::Random effects: Mouse_ID,Day
2024-12-02 14:51:41.149703 DEBUG::Fixed effects: Antibiotics
2024-12-02 14:51:41.149834 DEBUG::Correction method: BH
2024-12-02 14:51:41.149961 DEBUG::Standardize: TRUE
2024-12-02 14:51:41.150082 DEBUG::Cores: 1
2024-12-02 14:51:41.150189 INFO::Verifying options selected are valid
2024-12-02 14:51:41.150568 INFO::Determining format of input files
2024-12-02 14:51:41.150916 INFO::Input format is data samples as rows and metadata samples as rows
2024-12-02 14:51:41.151307 DEBUG::The following samples were found to have features but no metadata. They will be removed. HEB24001,HEB24002,HEB24003,HEB24004,HEB24005,HEB24006,HEB24007,HEB24008,HEB24010,HEB24011,HEB24013,HEB24014,HEB24015,HEB24016,HEB24017,HEB24018,HEB24019,HEB24021,HEB24022,HEB24023,HEB24024,HEB24025,HEB24026,HEB24034,HEB24036,HEB24037,HEB24038,HEB24039,HEB24040,HEB24042,HEB24043,HEB24044,HEB24047,HEB24048,HEB24049,HEB24050,HEB24051,HEB24052,HEB24053,HEB24054,HEB24058,HEB24059,HEB24060,HEB24061,HEB24062,HEB24063,HEB24065,HEB24066,HEB24067,HEB24069,HEB24070,HEB24075,HEB24076,HEB24077,HEB24078,HEB24079,HEB24080,HEB24081,HEB24083,HEB24085,HEB24086,HEB24087,HEB24088,HEB24090,HEB24092,HEB24094,HEB24095,HEB24096,HEB24097,HEB24098,HEB24099,HEB24100,HEB24106,HEB24107,HEB24108,HEB24109,HEB24110,HEB24111,HEB24112,HEB24113,HEB24116,HEB24118,HEB24119,HEB24120,HEB24121,HEB24122,HEB24123,HEB24124,HEB24125,HEB24126,HEB24133,HEB24134,HEB24135,HEB24136,HEB24137,HEB24138,HEB24139,HEB24140,HEB24141,HEB24142,HEB24143,HEB24144,HEB24151,HEB24152,HEB24153,HEB24154,HEB24155,HEB24156,HEB24157,HEB24158,HEB24159,HEB24160,HEB24161,HEB24162,HEB24169,HEB24170,HEB24171,HEB24172,HEB24173,HEB24174,HEB24175,HEB24176,HEB24177,HEB24178,HEB24179,HEB24180,HEB24187,HEB24188,HEB24189,HEB24190,HEB24191,HEB24192,HEB24193,HEB24194,HEB24195,HEB24196,HEB24197,HEB24198
2024-12-02 14:51:41.151463 DEBUG::A total of 60 samples were found in both the data and metadata
2024-12-02 14:51:41.151585 DEBUG::Reordering data/metadata to use same sample ordering
2024-12-02 14:51:41.151923 INFO::Formula for random effects: expr ~ (1 | Mouse_ID) + (1 | Day)
2024-12-02 14:51:41.15227 INFO::Formula for fixed effects: expr ~  Antibiotics
2024-12-02 14:51:41.152652 INFO::Filter data based on min abundance and min prevalence
2024-12-02 14:51:41.152949 INFO::Total samples in data: 60
2024-12-02 14:51:41.153235 INFO::Min samples required with min abundance for a feature not to be filtered: 6.000000
2024-12-02 14:51:41.153662 INFO::Total filtered features: 2
2024-12-02 14:51:41.153975 INFO::Filtered feature names from abundance and prevalence filtering: k__Bacteria.p__Chloroflexi, k__Bacteria.p__Spirochaetes
2024-12-02 14:51:41.15445 INFO::Total filtered features with variance filtering: 0
2024-12-02 14:51:41.154772 INFO::Filtered feature names from variance filtering:
2024-12-02 14:51:41.155048 INFO::Running selected normalization method: TSS
2024-12-02 14:51:41.155556 INFO::Applying z-score to standardize continuous metadata
2024-12-02 14:51:41.157094 INFO::Running selected transform method: LOG
2024-12-02 14:51:41.157577 INFO::Running selected analysis method: LM
2024-12-02 14:51:41.158175 INFO::Fitting model to feature number 1, k__Bacteria.p__Bacteroidetes
2024-12-02 14:51:41.18148 INFO::Fitting model to feature number 2, k__Bacteria.p__Firmicutes
2024-12-02 14:51:41.202907 INFO::Fitting model to feature number 3, k__Bacteria.p__Verrucomicrobia
2024-12-02 14:51:41.225117 INFO::Fitting model to feature number 4, k__Bacteria.__
2024-12-02 14:51:41.25405 INFO::Fitting model to feature number 5, k__Bacteria.p__Proteobacteria
2024-12-02 14:51:41.278113 INFO::Fitting model to feature number 6, k__Bacteria.p__Cyanobacteria
2024-12-02 14:51:41.300953 INFO::Fitting model to feature number 7, k__Bacteria.p__Actinobacteria
2024-12-02 14:51:41.323935 INFO::Fitting model to feature number 8, k__Bacteria.p__Tenericutes
2024-12-02 14:51:41.350534 INFO::Fitting model to feature number 9, k__Bacteria.p__Deferribacteres
2024-12-02 14:51:41.378742 INFO::Fitting model to feature number 10, Unassigned.__
2024-12-02 14:51:41.401392 INFO::Fitting model to feature number 11, k__Archaea.p__Euryarchaeota
2024-12-02 14:51:41.436723 INFO::Fitting model to feature number 12, k__Bacteria.p__.Thermi.
2024-12-02 14:51:41.463603 INFO::Counting total values for each feature
2024-12-02 14:51:41.464574 INFO::Writing filtered data to file ABX_Phylum/features/filtered_data.tsv
2024-12-02 14:51:41.465465 INFO::Writing filtered, normalized data to file ABX_Phylum/features/filtered_data_norm.tsv
2024-12-02 14:51:41.466896 INFO::Writing filtered, normalized, transformed data to file ABX_Phylum/features/filtered_data_norm_transformed.tsv
2024-12-02 14:51:41.46804 WARNING::Deleting existing residuals file: ABX_Phylum/fits/residuals.rds
2024-12-02 14:51:41.468929 INFO::Writing residuals to file ABX_Phylum/fits/residuals.rds
2024-12-02 14:51:41.469601 WARNING::Deleting existing fitted file: ABX_Phylum/fits/fitted.rds
2024-12-02 14:51:41.47023 INFO::Writing fitted values to file ABX_Phylum/fits/fitted.rds
2024-12-02 14:51:41.470834 WARNING::Deleting existing ranef file: ABX_Phylum/fits/ranef.rds
2024-12-02 14:51:41.47137 INFO::Writing extracted random effects to file ABX_Phylum/fits/ranef.rds
2024-12-02 14:51:41.471863 INFO::Writing all results to file (ordered by increasing q-values): ABX_Phylum/all_results.tsv
2024-12-02 14:51:41.472757 INFO::Writing the significant results (those which are less than or equal to the threshold of 0.250000 ) to file (ordered by increasing q-values): ABX_Phylum/significant_results.tsv
2024-12-02 14:51:41.473391 INFO::Writing heatmap of significant results to file: ABX_Phylum/heatmap.pdf
2024-12-02 14:51:41.474183 INFO::Writing association plots (one for each significant association) to output folder: ABX_Phylum
2024-12-02 14:51:41.474961 INFO::Plotting associations from most to least significant, grouped by metadata
2024-12-02 14:51:41.47536 INFO::Plotting data for metadata number 1, Antibiotics
2024-12-02 14:51:41.476564 INFO::Creating boxplot for categorical data, Antibiotics vs k__Bacteria.p__Cyanobacteria
2024-12-02 14:51:41.528936 INFO::Creating boxplot for categorical data, Antibiotics vs Unassigned.__
2024-12-02 14:51:41.582696 INFO::Creating boxplot for categorical data, Antibiotics vs k__Bacteria.__
2024-12-02 14:51:41.633953 INFO::Creating boxplot for categorical data, Antibiotics vs k__Bacteria.p__Proteobacteria
2024-12-02 14:51:41.708259 INFO::Creating boxplot for categorical data, Antibiotics vs k__Bacteria.p__Actinobacteria
2024-12-02 14:51:41.76267 INFO::Creating boxplot for categorical data, Antibiotics vs k__Bacteria.p__Bacteroidetes
2024-12-02 14:51:41.812464 INFO::Creating boxplot for categorical data, Antibiotics vs k__Archaea.p__Euryarchaeota
2024-12-02 14:51:41.862353 INFO::Creating boxplot for categorical data, Antibiotics vs k__Bacteria.p__Tenericutes
2024-12-02 14:51:41.911283 INFO::Creating boxplot for categorical data, Antibiotics vs k__Bacteria.p__Deferribacteres
2024-12-02 14:51:41.974713 INFO::Creating boxplot for categorical data, Antibiotics vs k__Bacteria.p__.Thermi.
2024-12-02 14:51:42.027656 INFO::Creating boxplot for categorical data, Antibiotics vs k__Bacteria.p__Firmicutes
