2024-12-02 17:53:26.13861 INFO::Writing function arguments to log file
2024-12-02 17:53:26.165422 DEBUG::Function arguments
2024-12-02 17:53:26.166415 DEBUG::Output folder: PGH_Long
2024-12-02 17:53:26.167747 DEBUG::Min Abundance: 0.000000
2024-12-02 17:53:26.168303 DEBUG::Min Prevalence: 0.100000
2024-12-02 17:53:26.1698 DEBUG::Normalization: TSS
2024-12-02 17:53:26.170648 DEBUG::Transform: LOG
2024-12-02 17:53:26.171978 DEBUG::Analysis method: LM
2024-12-02 17:53:26.172759 DEBUG::Max significance: 0.250000
2024-12-02 17:53:26.173537 DEBUG::Random effects: Mouse_ID
2024-12-02 17:53:26.174414 DEBUG::Fixed effects: Day_Num,Hormone
2024-12-02 17:53:26.17474 DEBUG::Correction method: BH
2024-12-02 17:53:26.176025 DEBUG::Standardize: TRUE
2024-12-02 17:53:26.17667 DEBUG::Cores: 1
2024-12-02 17:53:26.177283 INFO::Verifying options selected are valid
2024-12-02 17:53:26.180951 INFO::Determining format of input files
2024-12-02 17:53:26.183407 INFO::Input format is data samples as rows and metadata samples as rows
2024-12-02 17:53:26.18968 DEBUG::The following samples were found to have features but no metadata. They will be removed. HEB24007,HEB24008,HEB24009,HEB24010,HEB24011,HEB24012,HEB24013,HEB24014,HEB24015,HEB24017,HEB24018,HEB24019,HEB24021,HEB24022,HEB24024,HEB24026,HEB24035,HEB24036,HEB24038,HEB24039,HEB24040,HEB24042,HEB24043,HEB24046,HEB24047,HEB24048,HEB24049,HEB24050,HEB24051,HEB24052,HEB24053,HEB24054,HEB24058,HEB24060,HEB24061,HEB24062,HEB24063,HEB24064,HEB24065,HEB24066,HEB24067,HEB24069,HEB24070,HEB24072,HEB24073,HEB24074,HEB24075,HEB24076,HEB24077,HEB24078,HEB24079,HEB24080,HEB24082,HEB24083,HEB24085,HEB24086,HEB24087,HEB24088,HEB24090,HEB24091,HEB24092,HEB24094,HEB24095,HEB24096,HEB24097,HEB24098,HEB24099,HEB24100,HEB24101,HEB24102,HEB24103,HEB24104,HEB24107,HEB24108,HEB24109,HEB24111,HEB24112,HEB24114,HEB24115,HEB24116,HEB24117,HEB24118,HEB24119,HEB24120,HEB24121,HEB24123,HEB24124,HEB24125,HEB24126,HEB24128,HEB24139,HEB24140,HEB24141,HEB24142,HEB24143,HEB24144,HEB24145,HEB24146,HEB24147,HEB24148,HEB24149,HEB24150,HEB24151,HEB24152,HEB24153,HEB24154,HEB24155,HEB24156,HEB24157,HEB24158,HEB24159,HEB24160,HEB24161,HEB24162,HEB24175,HEB24176,HEB24177,HEB24178,HEB24179,HEB24180,HEB24181,HEB24182,HEB24183,HEB24184,HEB24185,HEB24186,HEB24187,HEB24188,HEB24189,HEB24190,HEB24191,HEB24192,HEB24193,HEB24194,HEB24195,HEB24196,HEB24197,HEB24198
2024-12-02 17:53:26.19074 DEBUG::A total of 60 samples were found in both the data and metadata
2024-12-02 17:53:26.191184 DEBUG::Reordering data/metadata to use same sample ordering
2024-12-02 17:53:26.198416 INFO::Formula for random effects: expr ~ (1 | Mouse_ID)
2024-12-02 17:53:26.212227 INFO::Formula for fixed effects: expr ~  Day_Num + Hormone
2024-12-02 17:53:26.213968 INFO::Filter data based on min abundance and min prevalence
2024-12-02 17:53:26.216548 INFO::Total samples in data: 60
2024-12-02 17:53:26.21763 INFO::Min samples required with min abundance for a feature not to be filtered: 6.000000
2024-12-02 17:53:26.226122 INFO::Total filtered features: 90
2024-12-02 17:53:26.228364 INFO::Filtered feature names from abundance and prevalence filtering: k__Bacteria.p__Firmicutes.c__Bacilli.o__Bacillales.f__Bacillaceae.g__Bacillus.__, k__Bacteria.p__Actinobacteria.c__Actinobacteria.o__Actinomycetales.f__Streptomycetaceae.__.__, k__Archaea.p__Euryarchaeota.c__Halobacteria.o__Halobacteriales.f__Halobacteriaceae.__.__, k__Bacteria.p__Actinobacteria.c__Actinobacteria.o__Actinomycetales.f__Micrococcaceae.__.__, k__Bacteria.p__Proteobacteria.c__Alphaproteobacteria.__.__.__.__, k__Bacteria.p__Firmicutes.c__Bacilli.o__Bacillales.f__Planococcaceae.g__.s__, k__Bacteria.p__Firmicutes.c__Bacilli.o__Lactobacillales.f__Aerococcaceae.g__.s__, k__Bacteria.p__Proteobacteria.c__Alphaproteobacteria.o__Rhizobiales.f__Methylobacteriaceae.g__Methylobacterium.s__, k__Bacteria.p__Proteobacteria.c__Gammaproteobacteria.o__Pseudomonadales.f__Pseudomonadaceae.g__.s__, k__Bacteria.p__Proteobacteria.c__Alphaproteobacteria.o__Rhizobiales.f__Rhizobiaceae.g__.s__, k__Bacteria.p__Proteobacteria.c__Gammaproteobacteria.o__Enterobacteriales.f__Enterobacteriaceae.g__Escherichia.s__coli, k__Bacteria.p__Firmicutes.c__Clostridia.o__Clostridiales.f__Peptococcaceae.g__Desulfosporosinus.s__meridiei, k__Bacteria.p__Firmicutes.c__Clostridia.o__Clostridiales.f__Clostridiaceae.g__Clostridium.s__butyricum, k__Bacteria.p__Firmicutes.c__Bacilli.o__Lactobacillales.__.__.__, k__Bacteria.p__Firmicutes.c__Clostridia.o__Clostridiales.f__.Tissierellaceae..g__Sporanaerobacter.s__, k__Bacteria.p__Proteobacteria.c__Alphaproteobacteria.o__Rhizobiales.f__Hyphomicrobiaceae.g__.s__, k__Bacteria.p__Firmicutes.c__Bacilli.o__Bacillales.f__.Thermicanaceae..g__Bacillus.s__schlegelii, k__Bacteria.p__Actinobacteria.c__Actinobacteria.o__Actinomycetales.f__Micrococcaceae.g__Sinomonas.s__, k__Bacteria.p__Firmicutes.c__Bacilli.o__Lactobacillales.f__Aerococcaceae.g__Aerococcus.s__, k__Bacteria.p__Firmicutes.c__Clostridia.o__Clostridiales.f__Clostridiaceae.g__Clostridium.__, k__Bacteria.p__Actinobacteria.c__Actinobacteria.o__Bifidobacteriales.f__Bifidobacteriaceae.g__Bifidobacterium.__, k__Bacteria.p__Proteobacteria.c__Alphaproteobacteria.o__Rickettsiales.f__mitochondria.g__Plantago.s__sericea, k__Bacteria.p__Proteobacteria.c__Alphaproteobacteria.o__Caulobacterales.f__Caulobacteraceae.g__.s__, k__Bacteria.p__Firmicutes.c__Clostridia.o__Clostridiales.f__.Tissierellaceae..g__Gallicola.s__, k__Bacteria.p__Firmicutes.c__Clostridia.o__Clostridiales.f__Clostridiaceae.__.__, k__Bacteria.p__Firmicutes.c__Bacilli.o__Lactobacillales.f__Lactobacillaceae.g__Lactobacillus.s__zeae, k__Bacteria.p__Actinobacteria.c__Actinobacteria.o__Actinomycetales.f__Streptomycetaceae.g__.s__, k__Bacteria.p__Firmicutes.c__Clostridia.o__Clostridiales.f__.Tissierellaceae..g__Anaerococcus.s__, k__Bacteria.p__Proteobacteria.c__Alphaproteobacteria.o__.f__.g__.s__, k__Bacteria.p__Firmicutes.c__Clostridia.o__.f__.g__.s__, k__Bacteria.p__Proteobacteria.c__Gammaproteobacteria.o__Pseudomonadales.f__Pseudomonadaceae.g__Pseudomonas.s__, k__Bacteria.p__Firmicutes.c__Clostridia.o__Clostridiales.f__Clostridiaceae.g__Caloramator.s__, k__Bacteria.p__Firmicutes.c__Clostridia.o__Natranaerobiales.f__Anaerobrancaceae.g__A55_D21.s__, k__Bacteria.p__Proteobacteria.c__Alphaproteobacteria.o__Rhodobacterales.f__Rhodobacteraceae.__.__, k__Bacteria.p__Firmicutes.c__Bacilli.o__Bacillales.f__Paenibacillaceae.g__Paenibacillus.s__, k__Bacteria.p__Proteobacteria.c__Alphaproteobacteria.o__Rhizobiales.f__Rhizobiaceae.g__Agrobacterium.s__, k__Bacteria.p__Proteobacteria.c__Alphaproteobacteria.o__Rhodobacterales.f__Rhodobacteraceae.g__.s__, k__Bacteria.p__Actinobacteria.c__Actinobacteria.o__Actinomycetales.f__Micromonosporaceae.g__.s__, k__Archaea.p__Euryarchaeota.c__Halobacteria.o__Halobacteriales.f__Halobacteriaceae.g__Halobacteriaceae.s__XD46, k__Bacteria.p__Proteobacteria.c__Alphaproteobacteria.o__Rickettsiales.f__mitochondria.__.__, k__Bacteria.p__Proteobacteria.c__Gammaproteobacteria.o__Alteromonadales.f__OM60.g__.s__, k__Archaea.p__Euryarchaeota.c__Halobacteria.o__Halobacteriales.f__Halobacteriaceae.g__Halorubrum.s__, k__Bacteria.p__Proteobacteria.c__Gammaproteobacteria.o__Cardiobacteriales.f__.g__.s__, k__Bacteria.p__Proteobacteria.c__Alphaproteobacteria.o__Rhodobacterales.f__Rhodobacteraceae.g__Rhodobaca.s__, k__Bacteria.p__Proteobacteria.c__Alphaproteobacteria.o__Rhodobacterales.f__Rhodobacteraceae.g__Paracoccus.s__marcusii, k__Bacteria.p__Proteobacteria.c__Betaproteobacteria.o__Burkholderiales.f__Comamonadaceae.g__Brachymonas.s__denitrificans, k__Bacteria.p__Firmicutes.c__Bacilli.o__Bacillales.f__Paenibacillaceae.g__.s__, k__Bacteria.p__Proteobacteria.c__Alphaproteobacteria.o__Rhizobiales.__.__.__, k__Bacteria.p__Actinobacteria.c__Actinobacteria.o__Actinomycetales.f__Mycobacteriaceae.g__Mycobacterium.s__, k__Bacteria.p__Firmicutes.c__Clostridia.o__Clostridiales.f__.Tissierellaceae..g__ecb11.s__, k__Bacteria.p__Actinobacteria.c__Actinobacteria.o__Actinomycetales.f__Microbacteriaceae.g__Microbacterium.s__, k__Bacteria.p__Proteobacteria.c__Betaproteobacteria.o__Burkholderiales.f__Comamonadaceae.g__.s__, k__Bacteria.p__Actinobacteria.c__Actinobacteria.o__Actinomycetales.f__Nocardioidaceae.g__.s__, k__Bacteria.p__Proteobacteria.c__Alphaproteobacteria.o__Sphingomonadales.f__Sphingomonadaceae.g__Kaistobacter.s__, k__Archaea.p__Euryarchaeota.c__Halobacteria.o__Halobacteriales.f__Halobacteriaceae.g__Haloarcula.s__, k__Bacteria.p__Actinobacteria.c__Actinobacteria.o__Actinomycetales.f__Pseudonocardiaceae.g__Saccharomonospora.s__, k__Bacteria.p__Firmicutes.c__Clostridia.o__Clostridiales.f__.Tissierellaceae..__.__, k__Bacteria.p__Chloroflexi.c__Thermomicrobia.o__JG30.KF.CM45.f__.g__.s__, k__Bacteria.p__Proteobacteria.c__Betaproteobacteria.o__Burkholderiales.f__Comamonadaceae.g__Comamonas.s__, k__Bacteria.p__Proteobacteria.c__Epsilonproteobacteria.o__Campylobacterales.f__Campylobacteraceae.g__Campylobacter.s__, k__Bacteria.p__Proteobacteria.c__Alphaproteobacteria.o__Rickettsiales.f__mitochondria.g__Abies.s__homolepis, k__Bacteria.p__Proteobacteria.c__Betaproteobacteria.o__Burkholderiales.f__Oxalobacteraceae.g__.s__, k__Bacteria.p__Bacteroidetes.c__Flavobacteriia.o__Flavobacteriales.f__Cryomorphaceae.g__.s__, k__Bacteria.p__Proteobacteria.c__Betaproteobacteria.o__MKC10.f__.g__.s__, k__Bacteria.p__Actinobacteria.c__Actinobacteria.o__Actinomycetales.f__Actinomycetaceae.g__Arcanobacterium.s__, k__Bacteria.p__Proteobacteria.c__Alphaproteobacteria.o__Rhodospirillales.f__Rhodospirillaceae.g__Azospirillum.s__, k__Bacteria.p__Actinobacteria.c__Actinobacteria.o__Actinomycetales.f__Actinomycetaceae.g__Actinomyces.s__, k__Bacteria.p__Bacteroidetes.c__Flavobacteriia.o__Flavobacteriales.f__Flavobacteriaceae.g__.s__, k__Bacteria.p__Proteobacteria.c__Epsilonproteobacteria.o__Campylobacterales.f__Helicobacteraceae.g__Sulfurimonas.s__, k__Bacteria.p__Bacteroidetes.c__Bacteroidia.o__Bacteroidales.f__Prevotellaceae.g__.s__, k__Bacteria.p__Bacteroidetes.c__Bacteroidia.o__Bacteroidales.f__.Paraprevotellaceae..g__.Prevotella..s__, k__Bacteria.p__Firmicutes.c__Bacilli.o__Lactobacillales.f__Lactobacillaceae.g__Lactobacillus.__, k__Bacteria.p__Proteobacteria.c__Gammaproteobacteria.o__Enterobacteriales.f__Enterobacteriaceae.g__Klebsiella.s__, k__Bacteria.p__Spirochaetes.c__Spirochaetes.o__Spirochaetales.f__Spirochaetaceae.g__Treponema.s__, k__Bacteria.p__Firmicutes.c__Clostridia.o__Clostridiales.f__.Tissierellaceae..g__.s__, k__Bacteria.p__Actinobacteria.c__Thermoleophilia.__.__.__.__, k__Bacteria.p__Proteobacteria.c__Alphaproteobacteria.o__Rhizobiales.f__Bradyrhizobiaceae.g__Bradyrhizobium.s__, k__Bacteria.p__.Thermi..c__Deinococci.o__Thermales.f__Thermaceae.g__Thermus.s__, k__Bacteria.p__Verrucomicrobia.__.__.__.__.__, k__Bacteria.p__Proteobacteria.c__Alphaproteobacteria.o__Rhodospirillales.f__Rhodospirillaceae.g__Azospirillum.s__amazonense, k__Bacteria.p__Proteobacteria.c__Alphaproteobacteria.o__Sphingomonadales.f__Erythrobacteraceae.g__Erythrobacter.s__, k__Bacteria.p__Proteobacteria.c__Alphaproteobacteria.o__Sphingomonadales.f__Sphingomonadaceae.g__Sphingomonas.s__, k__Bacteria.p__Firmicutes.c__Bacilli.o__Bacillales.f__Bacillaceae.__.__, k__Bacteria.p__Spirochaetes.c__Spirochaetes.o__Spirochaetales.f__Spirochaetaceae.__.__, k__Bacteria.p__Firmicutes.c__Bacilli.o__Bacillales.f__.g__.s__, k__Bacteria.p__Firmicutes.c__Clostridia.o__Clostridiales.f__Veillonellaceae.g__.s__, k__Bacteria.p__Firmicutes.c__Clostridia.o__Clostridiales.f__Veillonellaceae.__.__, k__Bacteria.p__Proteobacteria.c__Deltaproteobacteria.o__Myxococcales.f__Myxococcaceae.g__Myxococcus.s__, k__Bacteria.p__Proteobacteria.c__Alphaproteobacteria.o__Rhodospirillales.f__Rhodospirillaceae.__.__, k__Bacteria.p__Actinobacteria.__.__.__.__.__
2024-12-02 17:53:26.235703 INFO::Total filtered features with variance filtering: 0
2024-12-02 17:53:26.237007 INFO::Filtered feature names from variance filtering:
2024-12-02 17:53:26.238493 INFO::Running selected normalization method: TSS
2024-12-02 17:53:26.243425 INFO::Applying z-score to standardize continuous metadata
2024-12-02 17:53:26.258538 INFO::Running selected transform method: LOG
2024-12-02 17:53:26.261277 INFO::Running selected analysis method: LM
2024-12-02 17:53:26.264905 INFO::Fitting model to feature number 1, k__Bacteria.p__Bacteroidetes.c__Bacteroidia.o__Bacteroidales.f__S24.7.g__.s__
2024-12-02 17:53:26.340933 INFO::Fitting model to feature number 2, k__Bacteria.p__Firmicutes.c__Bacilli.o__Lactobacillales.f__Lactobacillaceae.g__.s__
2024-12-02 17:53:26.383253 INFO::Fitting model to feature number 3, k__Bacteria.p__Firmicutes.c__Bacilli.o__Bacillales.f__.Exiguobacteraceae..g__.s__
2024-12-02 17:53:26.432825 INFO::Fitting model to feature number 4, k__Bacteria.p__Firmicutes.c__Bacilli.o__Lactobacillales.f__Streptococcaceae.g__Streptococcus.s__
2024-12-02 17:53:26.466359 INFO::Fitting model to feature number 5, k__Bacteria.p__Firmicutes.c__Bacilli.o__Bacillales.f__Bacillaceae.g__Bacillus.s__cereus
2024-12-02 17:53:26.492347 INFO::Fitting model to feature number 6, k__Bacteria.p__Firmicutes.c__Bacilli.o__Lactobacillales.f__Lactobacillaceae.g__Lactobacillus.s__
2024-12-02 17:53:26.530178 INFO::Fitting model to feature number 7, k__Bacteria.p__Firmicutes.c__Bacilli.o__Turicibacterales.f__Turicibacteraceae.g__Turicibacter.s__
2024-12-02 17:53:26.555112 INFO::Fitting model to feature number 8, k__Bacteria.p__Verrucomicrobia.c__Verrucomicrobiae.o__Verrucomicrobiales.f__Verrucomicrobiaceae.g__Akkermansia.s__muciniphila
2024-12-02 17:53:26.576222 INFO::Fitting model to feature number 9, k__Bacteria.__.__.__.__.__.__
2024-12-02 17:53:26.605165 INFO::Fitting model to feature number 10, k__Bacteria.p__Firmicutes.c__Clostridia.o__Clostridiales.f__Clostridiaceae.g__.s__
2024-12-02 17:53:26.681632 INFO::Fitting model to feature number 11, k__Bacteria.p__Firmicutes.c__Bacilli.o__Lactobacillales.f__Lactobacillaceae.g__Lactobacillus.s__helveticus
2024-12-02 17:53:26.698933 INFO::Fitting model to feature number 12, k__Bacteria.p__Firmicutes.c__Clostridia.o__Clostridiales.__.__.__
2024-12-02 17:53:26.716436 INFO::Fitting model to feature number 13, k__Bacteria.p__Firmicutes.c__Bacilli.o__Lactobacillales.f__Leuconostocaceae.g__.s__
2024-12-02 17:53:26.734868 INFO::Fitting model to feature number 14, k__Bacteria.p__Firmicutes.c__Clostridia.o__Clostridiales.f__.g__.s__
2024-12-02 17:53:26.753774 INFO::Fitting model to feature number 15, k__Bacteria.p__Proteobacteria.c__Gammaproteobacteria.o__Enterobacteriales.f__Enterobacteriaceae.g__.s__
2024-12-02 17:53:26.783021 INFO::Fitting model to feature number 16, k__Bacteria.p__Cyanobacteria.c__Chloroplast.o__Streptophyta.f__.g__.s__
2024-12-02 17:53:26.801215 INFO::Fitting model to feature number 17, k__Bacteria.p__Proteobacteria.c__Alphaproteobacteria.o__Rickettsiales.f__mitochondria.g__Lardizabala.s__biternata
2024-12-02 17:53:26.818314 INFO::Fitting model to feature number 18, k__Bacteria.p__Bacteroidetes.c__Bacteroidia.o__Bacteroidales.f__Bacteroidaceae.g__Bacteroides.s__
2024-12-02 17:53:26.83547 INFO::Fitting model to feature number 19, k__Bacteria.p__Firmicutes.c__Bacilli.o__Lactobacillales.f__Streptococcaceae.g__Lactococcus.s__
2024-12-02 17:53:26.852136 INFO::Fitting model to feature number 20, k__Bacteria.p__Firmicutes.c__Erysipelotrichi.o__Erysipelotrichales.f__Erysipelotrichaceae.__.__
2024-12-02 17:53:26.869411 INFO::Fitting model to feature number 21, k__Bacteria.p__Firmicutes.c__Clostridia.o__Clostridiales.f__Ruminococcaceae.__.__
2024-12-02 17:53:26.885861 INFO::Fitting model to feature number 22, k__Bacteria.p__Firmicutes.c__Clostridia.o__Clostridiales.f__Lachnospiraceae.g__Epulopiscium.s__
2024-12-02 17:53:26.910568 INFO::Fitting model to feature number 23, k__Bacteria.p__Firmicutes.c__Clostridia.o__Clostridiales.f__Ruminococcaceae.g__Ruminococcus.s__
2024-12-02 17:53:26.932266 INFO::Fitting model to feature number 24, k__Bacteria.p__Bacteroidetes.c__Bacteroidia.o__Bacteroidales.f__Porphyromonadaceae.g__Parabacteroides.s__gordonii
2024-12-02 17:53:26.953327 INFO::Fitting model to feature number 25, k__Bacteria.p__Firmicutes.c__Clostridia.o__Clostridiales.f__Lachnospiraceae.g__.s__
2024-12-02 17:53:26.992178 INFO::Fitting model to feature number 26, k__Bacteria.p__Firmicutes.c__Clostridia.o__Clostridiales.f__Lachnospiraceae.g__Lachnospira.s__
2024-12-02 17:53:27.032791 INFO::Fitting model to feature number 27, k__Bacteria.p__Firmicutes.c__Clostridia.o__Clostridiales.f__Clostridiaceae.g__SMB53.s__
2024-12-02 17:53:27.051202 INFO::Fitting model to feature number 28, k__Bacteria.p__Firmicutes.c__Clostridia.o__Clostridiales.f__Ruminococcaceae.g__Faecalibacterium.s__prausnitzii
2024-12-02 17:53:27.067783 INFO::Fitting model to feature number 29, k__Bacteria.p__Firmicutes.c__Clostridia.o__Clostridiales.f__Lachnospiraceae.__.__
2024-12-02 17:53:27.084911 INFO::Fitting model to feature number 30, k__Bacteria.p__Firmicutes.c__Clostridia.o__Clostridiales.f__Lachnospiraceae.g__Blautia.s__
2024-12-02 17:53:27.102268 INFO::Fitting model to feature number 31, k__Bacteria.p__Bacteroidetes.c__Bacteroidia.o__Bacteroidales.f__Bacteroidaceae.g__Bacteroides.__
2024-12-02 17:53:27.119099 INFO::Fitting model to feature number 32, k__Bacteria.p__Bacteroidetes.c__Bacteroidia.o__Bacteroidales.__.__.__
2024-12-02 17:53:27.136251 INFO::Fitting model to feature number 33, k__Bacteria.p__Firmicutes.c__Clostridia.__.__.__.__
2024-12-02 17:53:27.153042 INFO::Fitting model to feature number 34, k__Bacteria.p__Firmicutes.c__Clostridia.o__Clostridiales.f__Ruminococcaceae.g__Oscillospira.s__
2024-12-02 17:53:27.169977 INFO::Fitting model to feature number 35, k__Bacteria.p__Firmicutes.c__Clostridia.o__Clostridiales.f__Eubacteriaceae.g__Pseudoramibacter_Eubacterium.s__
2024-12-02 17:53:27.186863 INFO::Fitting model to feature number 36, k__Bacteria.p__Firmicutes.c__Clostridia.o__Clostridiales.f__Peptococcaceae.g__rc4.4.s__
2024-12-02 17:53:27.203474 INFO::Fitting model to feature number 37, k__Bacteria.p__Proteobacteria.c__Gammaproteobacteria.o__Pseudomonadales.f__Moraxellaceae.g__Acinetobacter.s__
2024-12-02 17:53:27.219923 INFO::Fitting model to feature number 38, k__Bacteria.p__Firmicutes.c__Erysipelotrichi.o__Erysipelotrichales.f__Erysipelotrichaceae.g__Allobaculum.s__
2024-12-02 17:53:27.236295 INFO::Fitting model to feature number 39, k__Bacteria.p__Actinobacteria.c__Actinobacteria.o__Actinomycetales.f__.g__.s__
2024-12-02 17:53:27.252535 INFO::Fitting model to feature number 40, k__Bacteria.p__Tenericutes.c__Mollicutes.o__RF39.f__.g__.s__
2024-12-02 17:53:27.268845 INFO::Fitting model to feature number 41, k__Bacteria.p__Firmicutes.c__Erysipelotrichi.o__Erysipelotrichales.f__Erysipelotrichaceae.g__Catenibacterium.s__
2024-12-02 17:53:27.28553 INFO::Fitting model to feature number 42, k__Bacteria.p__Firmicutes.c__Clostridia.o__Clostridiales.f__Ruminococcaceae.g__.s__
2024-12-02 17:53:27.315904 INFO::Fitting model to feature number 43, k__Bacteria.p__Firmicutes.c__Bacilli.o__Bacillales.f__Bacillaceae.g__Bacillus.s__
2024-12-02 17:53:27.335643 INFO::Fitting model to feature number 44, k__Bacteria.p__Actinobacteria.c__Actinobacteria.o__Bifidobacteriales.f__Bifidobacteriaceae.g__Bifidobacterium.s__longum
2024-12-02 17:53:27.352184 INFO::Fitting model to feature number 45, k__Bacteria.p__Bacteroidetes.c__Bacteroidia.o__Bacteroidales.f__Bacteroidaceae.g__Bacteroides.s__uniformis
2024-12-02 17:53:27.36873 INFO::Fitting model to feature number 46, k__Bacteria.p__Firmicutes.c__Clostridia.o__Clostridiales.f__Peptostreptococcaceae.g__.s__
2024-12-02 17:53:27.385373 INFO::Fitting model to feature number 47, k__Bacteria.p__Proteobacteria.c__Alphaproteobacteria.o__RF32.f__.g__.s__
2024-12-02 17:53:27.402284 INFO::Fitting model to feature number 48, k__Bacteria.p__Firmicutes.c__Clostridia.o__Clostridiales.f__Clostridiaceae.g__Candidatus.Arthromitus.s__
2024-12-02 17:53:27.418826 INFO::Fitting model to feature number 49, k__Bacteria.p__Firmicutes.__.__.__.__.__
2024-12-02 17:53:27.435832 INFO::Fitting model to feature number 50, k__Bacteria.p__Proteobacteria.c__Betaproteobacteria.o__Burkholderiales.f__Alcaligenaceae.g__Sutterella.s__
2024-12-02 17:53:27.452259 INFO::Fitting model to feature number 51, k__Bacteria.p__Deferribacteres.c__Deferribacteres.o__Deferribacterales.f__Deferribacteraceae.g__Mucispirillum.s__
2024-12-02 17:53:27.469367 INFO::Fitting model to feature number 52, k__Bacteria.p__Bacteroidetes.c__Bacteroidia.o__Bacteroidales.f__Prevotellaceae.g__Prevotella.s__
2024-12-02 17:53:27.485792 INFO::Fitting model to feature number 53, k__Bacteria.p__Actinobacteria.c__Actinobacteria.o__Actinomycetales.f__Streptomycetaceae.g__Streptomyces.s__
2024-12-02 17:53:27.502526 INFO::Fitting model to feature number 54, k__Bacteria.p__Actinobacteria.c__Actinobacteria.o__Actinomycetales.f__Brevibacteriaceae.g__Brevibacterium.s__casei
2024-12-02 17:53:27.51908 INFO::Fitting model to feature number 55, k__Bacteria.p__Firmicutes.c__Clostridia.o__Clostridiales.f__Ruminococcaceae.g__Ruminococcus.__
2024-12-02 17:53:27.535759 INFO::Fitting model to feature number 56, k__Bacteria.p__Actinobacteria.c__Actinobacteria.o__Actinomycetales.f__Corynebacteriaceae.g__Corynebacterium.s__
2024-12-02 17:53:27.552017 INFO::Fitting model to feature number 57, k__Bacteria.p__Proteobacteria.c__Gammaproteobacteria.o__Enterobacteriales.f__Enterobacteriaceae.g__Plesiomonas.s__shigelloides
2024-12-02 17:53:27.568446 INFO::Fitting model to feature number 58, Unassigned.__.__.__.__.__.__
2024-12-02 17:53:27.596104 INFO::Fitting model to feature number 59, k__Bacteria.p__Actinobacteria.c__Actinobacteria.o__Actinomycetales.f__Intrasporangiaceae.g__.s__
2024-12-02 17:53:27.616375 INFO::Fitting model to feature number 60, k__Bacteria.p__Actinobacteria.c__Actinobacteria.o__Actinomycetales.f__Dermabacteraceae.g__Brachybacterium.s__
2024-12-02 17:53:27.636133 INFO::Fitting model to feature number 61, k__Bacteria.p__Firmicutes.c__Bacilli.o__Bacillales.__.__.__
2024-12-02 17:53:27.654469 INFO::Fitting model to feature number 62, k__Bacteria.p__Proteobacteria.c__Gammaproteobacteria.o__Xanthomonadales.f__Xanthomonadaceae.g__Stenotrophomonas.s__maltophilia
2024-12-02 17:53:27.671716 INFO::Fitting model to feature number 63, k__Bacteria.p__Firmicutes.c__Clostridia.o__Clostridiales.f__Dehalobacteriaceae.g__Dehalobacterium.s__
2024-12-02 17:53:27.688746 INFO::Fitting model to feature number 64, k__Bacteria.p__Firmicutes.c__Clostridia.o__Clostridiales.f__.Mogibacteriaceae..g__.s__
2024-12-02 17:53:27.706658 INFO::Fitting model to feature number 65, k__Bacteria.p__Firmicutes.c__Bacilli.o__Bacillales.f__Staphylococcaceae.g__Jeotgalicoccus.s__
2024-12-02 17:53:27.724816 INFO::Fitting model to feature number 66, k__Bacteria.p__Firmicutes.c__Erysipelotrichi.o__Erysipelotrichales.f__Erysipelotrichaceae.g__.s__
2024-12-02 17:53:27.741062 INFO::Fitting model to feature number 67, k__Bacteria.p__Bacteroidetes.__.__.__.__.__
2024-12-02 17:53:27.757947 INFO::Fitting model to feature number 68, k__Bacteria.p__Firmicutes.c__Clostridia.o__Clostridiales.f__Clostridiaceae.g__Clostridium.s__
2024-12-02 17:53:27.77438 INFO::Fitting model to feature number 69, k__Bacteria.p__Actinobacteria.c__Actinobacteria.__.__.__.__
2024-12-02 17:53:27.790985 INFO::Fitting model to feature number 70, k__Bacteria.p__Bacteroidetes.c__Bacteroidia.o__Bacteroidales.f__Rikenellaceae.g__.s__
2024-12-02 17:53:27.807853 INFO::Fitting model to feature number 71, k__Bacteria.p__Firmicutes.c__Clostridia.o__Clostridiales.f__Veillonellaceae.g__Dialister.s__
2024-12-02 17:53:27.824595 INFO::Fitting model to feature number 72, k__Bacteria.p__Actinobacteria.c__Coriobacteriia.o__Coriobacteriales.f__Coriobacteriaceae.g__.s__
2024-12-02 17:53:27.841087 INFO::Fitting model to feature number 73, k__Bacteria.p__Firmicutes.c__Clostridia.o__Clostridiales.f__Lachnospiraceae.g__Coprococcus.s__
2024-12-02 17:53:27.863496 INFO::Fitting model to feature number 74, k__Bacteria.p__Actinobacteria.c__Coriobacteriia.o__Coriobacteriales.f__Coriobacteriaceae.g__Adlercreutzia.s__
2024-12-02 17:53:27.903739 INFO::Fitting model to feature number 75, k__Bacteria.p__Proteobacteria.c__Alphaproteobacteria.o__Rhizobiales.f__Methylobacteriaceae.g__.s__
2024-12-02 17:53:27.927806 INFO::Fitting model to feature number 76, k__Bacteria.p__Firmicutes.c__Clostridia.o__Clostridiales.f__Veillonellaceae.g__Acidaminococcus.s__
2024-12-02 17:53:27.94486 INFO::Fitting model to feature number 77, k__Bacteria.p__Actinobacteria.c__Actinobacteria.o__Actinomycetales.__.__.__
2024-12-02 17:53:27.962068 INFO::Fitting model to feature number 78, k__Bacteria.p__Actinobacteria.c__Actinobacteria.o__Actinomycetales.f__Nocardiopsaceae.g__Prauseria.s__
2024-12-02 17:53:27.979017 INFO::Fitting model to feature number 79, k__Bacteria.p__Firmicutes.c__Bacilli.o__Bacillales.f__Paenibacillaceae.__.__
2024-12-02 17:53:27.996388 INFO::Fitting model to feature number 80, k__Bacteria.p__Proteobacteria.c__Alphaproteobacteria.o__Rhizobiales.f__Rhizobiaceae.__.__
2024-12-02 17:53:28.014934 INFO::Fitting model to feature number 81, k__Bacteria.p__Firmicutes.c__Bacilli.__.__.__.__
2024-12-02 17:53:28.033954 INFO::Fitting model to feature number 82, k__Bacteria.p__Actinobacteria.c__Actinobacteria.o__Actinomycetales.f__Nocardiaceae.g__Rhodococcus.s__
2024-12-02 17:53:28.054765 INFO::Fitting model to feature number 83, k__Bacteria.p__Firmicutes.c__Clostridia.o__Clostridiales.f__Veillonellaceae.g__Megasphaera.s__
2024-12-02 17:53:28.074788 INFO::Fitting model to feature number 84, k__Bacteria.p__Proteobacteria.c__Gammaproteobacteria.o__Pasteurellales.f__Pasteurellaceae.g__Gallibacterium.s__
2024-12-02 17:53:28.094483 INFO::Fitting model to feature number 85, k__Bacteria.p__Proteobacteria.c__Gammaproteobacteria.__.__.__.__
2024-12-02 17:53:28.112238 INFO::Fitting model to feature number 86, k__Bacteria.p__Proteobacteria.c__Betaproteobacteria.o__Burkholderiales.f__Comamonadaceae.__.__
2024-12-02 17:53:28.130839 INFO::Fitting model to feature number 87, k__Bacteria.p__Firmicutes.c__Clostridia.o__Clostridiales.f__Clostridiaceae.g__Clostridium.s__thermopalmarium
2024-12-02 17:53:28.158051 INFO::Fitting model to feature number 88, k__Bacteria.p__Firmicutes.c__Clostridia.o__Clostridiales.f__Veillonellaceae.g__Megamonas.s__
2024-12-02 17:53:28.1807 INFO::Fitting model to feature number 89, k__Bacteria.p__Firmicutes.c__Bacilli.o__Lactobacillales.f__Lactobacillaceae.__.__
2024-12-02 17:53:28.20816 INFO::Counting total values for each feature
2024-12-02 17:53:28.215229 INFO::Writing filtered data to file PGH_Long/features/filtered_data.tsv
2024-12-02 17:53:28.220082 INFO::Writing filtered, normalized data to file PGH_Long/features/filtered_data_norm.tsv
2024-12-02 17:53:28.22536 INFO::Writing filtered, normalized, transformed data to file PGH_Long/features/filtered_data_norm_transformed.tsv
2024-12-02 17:53:28.230135 WARNING::Deleting existing residuals file: PGH_Long/fits/residuals.rds
2024-12-02 17:53:28.232045 INFO::Writing residuals to file PGH_Long/fits/residuals.rds
2024-12-02 17:53:28.234174 WARNING::Deleting existing fitted file: PGH_Long/fits/fitted.rds
2024-12-02 17:53:28.234777 INFO::Writing fitted values to file PGH_Long/fits/fitted.rds
2024-12-02 17:53:28.236029 WARNING::Deleting existing ranef file: PGH_Long/fits/ranef.rds
2024-12-02 17:53:28.236631 INFO::Writing extracted random effects to file PGH_Long/fits/ranef.rds
2024-12-02 17:53:28.237459 INFO::Writing all results to file (ordered by increasing q-values): PGH_Long/all_results.tsv
2024-12-02 17:53:28.238808 INFO::Writing the significant results (those which are less than or equal to the threshold of 0.250000 ) to file (ordered by increasing q-values): PGH_Long/significant_results.tsv
2024-12-02 17:53:28.239424 INFO::Writing heatmap of significant results to file: PGH_Long/heatmap.pdf
2024-12-02 17:53:28.24077 INFO::Writing association plots (one for each significant association) to output folder: PGH_Long
2024-12-02 17:53:28.244428 INFO::Plotting associations from most to least significant, grouped by metadata
2024-12-02 17:53:28.245148 INFO::Plotting data for metadata number 1, Day_Num
2024-12-02 17:53:28.246165 INFO::Creating scatter plot for continuous data, Day_Num vs k__Bacteria.p__Firmicutes.c__Clostridia.o__Clostridiales.f__Lachnospiraceae.g__.s__
2024-12-02 17:53:28.355201 DEBUG::`geom_smooth()` using formula = 'y ~ x'
2024-12-02 17:53:28.355575 INFO::Creating scatter plot for continuous data, Day_Num vs k__Bacteria.p__Firmicutes.c__Clostridia.o__Clostridiales.f__Lachnospiraceae.g__Lachnospira.s__
2024-12-02 17:53:28.414651 DEBUG::`geom_smooth()` using formula = 'y ~ x'
2024-12-02 17:53:28.415084 INFO::Creating scatter plot for continuous data, Day_Num vs k__Bacteria.p__Firmicutes.c__Clostridia.o__Clostridiales.f__Ruminococcaceae.g__Ruminococcus.__
2024-12-02 17:53:28.471417 DEBUG::`geom_smooth()` using formula = 'y ~ x'
2024-12-02 17:53:28.471795 INFO::Creating scatter plot for continuous data, Day_Num vs k__Bacteria.p__Firmicutes.c__Clostridia.o__Clostridiales.__.__.__
2024-12-02 17:53:28.530521 DEBUG::`geom_smooth()` using formula = 'y ~ x'
2024-12-02 17:53:28.530958 INFO::Creating scatter plot for continuous data, Day_Num vs k__Bacteria.p__Firmicutes.c__Bacilli.o__Lactobacillales.f__Lactobacillaceae.__.__
2024-12-02 17:53:28.601537 DEBUG::`geom_smooth()` using formula = 'y ~ x'
