2024-12-02 09:52:48.079326 INFO::Writing function arguments to log file
2024-12-02 09:52:48.079759 DEBUG::Function arguments
2024-12-02 09:52:48.079922 DEBUG::Output folder: PL_Phylum
2024-12-02 09:52:48.080063 DEBUG::Min Abundance: 0.000000
2024-12-02 09:52:48.080192 DEBUG::Min Prevalence: 0.100000
2024-12-02 09:52:48.080323 DEBUG::Normalization: TSS
2024-12-02 09:52:48.08046 DEBUG::Transform: LOG
2024-12-02 09:52:48.080593 DEBUG::Analysis method: LM
2024-12-02 09:52:48.080726 DEBUG::Max significance: 0.250000
2024-12-02 09:52:48.080865 DEBUG::Random effects: Mouse_ID,Day
2024-12-02 09:52:48.080989 DEBUG::Fixed effects: TimePoint
2024-12-02 09:52:48.081112 DEBUG::Correction method: BH
2024-12-02 09:52:48.081234 DEBUG::Standardize: TRUE
2024-12-02 09:52:48.081362 DEBUG::Cores: 1
2024-12-02 09:52:48.081484 INFO::Verifying options selected are valid
2024-12-02 09:52:48.081873 INFO::Determining format of input files
2024-12-02 09:52:48.082211 INFO::Input format is data samples as rows and metadata samples as rows
2024-12-02 09:52:48.082685 DEBUG::The following samples were found to have features but no metadata. They will be removed. HEB24001,HEB24002,HEB24003,HEB24004,HEB24005,HEB24006,HEB24009,HEB24010,HEB24011,HEB24012,HEB24013,HEB24014,HEB24015,HEB24016,HEB24018,HEB24019,HEB24020,HEB24021,HEB24022,HEB24023,HEB24024,HEB24025,HEB24026,HEB24027,HEB24028,HEB24029,HEB24030,HEB24031,HEB24032,HEB24033,HEB24034,HEB24035,HEB24036,HEB24037,HEB24038,HEB24039,HEB24041,HEB24043,HEB24044,HEB24045,HEB24046,HEB24047,HEB24048,HEB24049,HEB24050,HEB24051,HEB24052,HEB24053,HEB24054,HEB24055,HEB24056,HEB24057,HEB24059,HEB24060,HEB24061,HEB24062,HEB24063,HEB24064,HEB24065,HEB24066,HEB24067,HEB24068,HEB24069,HEB24070,HEB24071,HEB24072,HEB24073,HEB24074,HEB24075,HEB24076,HEB24077,HEB24078,HEB24079,HEB24080,HEB24081,HEB24082,HEB24083,HEB24084,HEB24085,HEB24086,HEB24087,HEB24089,HEB24091,HEB24092,HEB24093,HEB24094,HEB24095,HEB24096,HEB24101,HEB24102,HEB24103,HEB24104,HEB24105,HEB24106,HEB24107,HEB24108,HEB24109,HEB24110,HEB24111,HEB24112,HEB24113,HEB24114,HEB24115,HEB24116,HEB24117,HEB24118,HEB24119,HEB24120,HEB24121,HEB24122,HEB24123,HEB24124,HEB24125,HEB24126,HEB24127,HEB24128,HEB24129,HEB24130,HEB24131,HEB24132,HEB24133,HEB24134,HEB24135,HEB24136,HEB24137,HEB24138,HEB24145,HEB24146,HEB24147,HEB24148,HEB24149,HEB24150,HEB24151,HEB24152,HEB24153,HEB24154,HEB24155,HEB24156,HEB24157,HEB24158,HEB24159,HEB24160,HEB24161,HEB24162,HEB24163,HEB24164,HEB24165,HEB24166,HEB24167,HEB24168,HEB24169,HEB24170,HEB24171,HEB24172,HEB24173,HEB24174,HEB24181,HEB24182,HEB24183,HEB24184,HEB24185,HEB24186,HEB24187,HEB24188,HEB24189,HEB24190,HEB24191,HEB24192,HEB24193,HEB24194,HEB24195,HEB24196,HEB24197,HEB24198
2024-12-02 09:52:48.082857 DEBUG::A total of 24 samples were found in both the data and metadata
2024-12-02 09:52:48.082976 DEBUG::Reordering data/metadata to use same sample ordering
2024-12-02 09:52:48.083283 INFO::Formula for random effects: expr ~ (1 | Mouse_ID) + (1 | Day)
2024-12-02 09:52:48.083633 INFO::Formula for fixed effects: expr ~  TimePoint
2024-12-02 09:52:48.084062 INFO::Filter data based on min abundance and min prevalence
2024-12-02 09:52:48.084368 INFO::Total samples in data: 24
2024-12-02 09:52:48.084685 INFO::Min samples required with min abundance for a feature not to be filtered: 2.400000
2024-12-02 09:52:48.085255 INFO::Total filtered features: 4
2024-12-02 09:52:48.085652 INFO::Filtered feature names from abundance and prevalence filtering: k__Archaea.p__Euryarchaeota, k__Bacteria.p__Chloroflexi, k__Bacteria.p__Spirochaetes, k__Bacteria.p__.Thermi.
2024-12-02 09:52:48.086135 INFO::Total filtered features with variance filtering: 0
2024-12-02 09:52:48.086475 INFO::Filtered feature names from variance filtering:
2024-12-02 09:52:48.086803 INFO::Running selected normalization method: TSS
2024-12-02 09:52:48.08732 INFO::Applying z-score to standardize continuous metadata
2024-12-02 09:52:48.089229 INFO::Running selected transform method: LOG
2024-12-02 09:52:48.089692 INFO::Running selected analysis method: LM
2024-12-02 09:52:48.090248 INFO::Fitting model to feature number 1, k__Bacteria.p__Bacteroidetes
2024-12-02 09:52:48.119911 INFO::Fitting model to feature number 2, k__Bacteria.p__Firmicutes
2024-12-02 09:52:48.140411 INFO::Fitting model to feature number 3, k__Bacteria.p__Verrucomicrobia
2024-12-02 09:52:48.161073 INFO::Fitting model to feature number 4, k__Bacteria.__
2024-12-02 09:52:48.182616 INFO::Fitting model to feature number 5, k__Bacteria.p__Proteobacteria
2024-12-02 09:52:48.203015 INFO::Fitting model to feature number 6, k__Bacteria.p__Cyanobacteria
2024-12-02 09:52:48.222475 INFO::Fitting model to feature number 7, k__Bacteria.p__Actinobacteria
2024-12-02 09:52:48.242467 INFO::Fitting model to feature number 8, k__Bacteria.p__Tenericutes
2024-12-02 09:52:48.262689 INFO::Fitting model to feature number 9, k__Bacteria.p__Deferribacteres
2024-12-02 09:52:48.282499 INFO::Fitting model to feature number 10, Unassigned.__
2024-12-02 09:52:48.30566 INFO::Counting total values for each feature
2024-12-02 09:52:48.306585 INFO::Writing filtered data to file PL_Phylum/features/filtered_data.tsv
2024-12-02 09:52:48.307348 INFO::Writing filtered, normalized data to file PL_Phylum/features/filtered_data_norm.tsv
2024-12-02 09:52:48.308142 INFO::Writing filtered, normalized, transformed data to file PL_Phylum/features/filtered_data_norm_transformed.tsv
2024-12-02 09:52:48.308947 INFO::Writing residuals to file PL_Phylum/fits/residuals.rds
2024-12-02 09:52:48.309483 INFO::Writing fitted values to file PL_Phylum/fits/fitted.rds
2024-12-02 09:52:48.309982 INFO::Writing extracted random effects to file PL_Phylum/fits/ranef.rds
2024-12-02 09:52:48.310447 INFO::Writing all results to file (ordered by increasing q-values): PL_Phylum/all_results.tsv
2024-12-02 09:52:48.311185 INFO::Writing the significant results (those which are less than or equal to the threshold of 0.250000 ) to file (ordered by increasing q-values): PL_Phylum/significant_results.tsv
2024-12-02 09:52:48.311783 INFO::Writing heatmap of significant results to file: PL_Phylum/heatmap.pdf
2024-12-02 09:52:48.31248 INFO::Writing association plots (one for each significant association) to output folder: PL_Phylum
2024-12-02 09:52:48.313143 INFO::Plotting associations from most to least significant, grouped by metadata
2024-12-02 09:52:48.313527 INFO::Plotting data for metadata number 1, TimePoint
2024-12-02 09:52:48.316644 INFO::Creating boxplot for categorical data, TimePoint vs k__Bacteria.p__Bacteroidetes
2024-12-02 09:52:48.374923 INFO::Creating boxplot for categorical data, TimePoint vs k__Bacteria.p__Firmicutes
