2024-12-03 13:10:39.852044 INFO::Writing function arguments to log file
2024-12-03 13:10:39.855838 DEBUG::Function arguments
2024-12-03 13:10:39.856469 DEBUG::Output folder: Weight_phylum_PGH_b
2024-12-03 13:10:39.857125 DEBUG::Min Abundance: 0.000000
2024-12-03 13:10:39.857768 DEBUG::Min Prevalence: 0.100000
2024-12-03 13:10:39.858374 DEBUG::Normalization: TSS
2024-12-03 13:10:39.859156 DEBUG::Transform: LOG
2024-12-03 13:10:39.859762 DEBUG::Analysis method: LM
2024-12-03 13:10:39.860246 DEBUG::Max significance: 0.250000
2024-12-03 13:10:39.860698 DEBUG::Random effects: Mouse_ID
2024-12-03 13:10:39.8611 DEBUG::Fixed effects: Weight_g,Day_Num
2024-12-03 13:10:39.861568 DEBUG::Correction method: BH
2024-12-03 13:10:39.862046 DEBUG::Standardize: TRUE
2024-12-03 13:10:39.86244 DEBUG::Cores: 1
2024-12-03 13:10:39.862811 INFO::Verifying options selected are valid
2024-12-03 13:10:39.864584 INFO::Determining format of input files
2024-12-03 13:10:39.865773 INFO::Input format is data samples as rows and metadata samples as rows
2024-12-03 13:10:39.8677 DEBUG::The following samples were found to have features but no metadata. They will be removed. HEB24007,HEB24008,HEB24009,HEB24010,HEB24011,HEB24012,HEB24013,HEB24014,HEB24015,HEB24017,HEB24018,HEB24019,HEB24020,HEB24021,HEB24022,HEB24023,HEB24024,HEB24025,HEB24026,HEB24027,HEB24028,HEB24029,HEB24030,HEB24031,HEB24032,HEB24033,HEB24035,HEB24036,HEB24037,HEB24038,HEB24039,HEB24040,HEB24041,HEB24042,HEB24043,HEB24044,HEB24045,HEB24046,HEB24047,HEB24048,HEB24049,HEB24050,HEB24051,HEB24052,HEB24053,HEB24054,HEB24055,HEB24056,HEB24057,HEB24058,HEB24060,HEB24061,HEB24062,HEB24063,HEB24064,HEB24065,HEB24066,HEB24067,HEB24068,HEB24069,HEB24070,HEB24071,HEB24072,HEB24073,HEB24074,HEB24075,HEB24076,HEB24077,HEB24078,HEB24079,HEB24080,HEB24082,HEB24083,HEB24084,HEB24085,HEB24086,HEB24087,HEB24088,HEB24089,HEB24090,HEB24091,HEB24092,HEB24093,HEB24094,HEB24095,HEB24096,HEB24097,HEB24098,HEB24099,HEB24100,HEB24101,HEB24102,HEB24103,HEB24104,HEB24105,HEB24106,HEB24107,HEB24108,HEB24109,HEB24111,HEB24112,HEB24114,HEB24115,HEB24116,HEB24117,HEB24118,HEB24119,HEB24120,HEB24121,HEB24122,HEB24123,HEB24124,HEB24125,HEB24126,HEB24127,HEB24128,HEB24129,HEB24130,HEB24131,HEB24132,HEB24139,HEB24140,HEB24141,HEB24142,HEB24143,HEB24144,HEB24145,HEB24146,HEB24147,HEB24148,HEB24149,HEB24150,HEB24151,HEB24152,HEB24153,HEB24154,HEB24155,HEB24156,HEB24157,HEB24158,HEB24159,HEB24160,HEB24161,HEB24162,HEB24163,HEB24164,HEB24165,HEB24166,HEB24167,HEB24168,HEB24169,HEB24170,HEB24171,HEB24172,HEB24173,HEB24174,HEB24175,HEB24176,HEB24177,HEB24178,HEB24179,HEB24180,HEB24181,HEB24182,HEB24183,HEB24184,HEB24185,HEB24186,HEB24187,HEB24188,HEB24189,HEB24190,HEB24191,HEB24192,HEB24193,HEB24194,HEB24195,HEB24196,HEB24197,HEB24198
2024-12-03 13:10:39.868285 DEBUG::A total of 18 samples were found in both the data and metadata
2024-12-03 13:10:39.868815 DEBUG::Reordering data/metadata to use same sample ordering
2024-12-03 13:10:39.870072 INFO::Formula for random effects: expr ~ (1 | Mouse_ID)
2024-12-03 13:10:39.871406 INFO::Formula for fixed effects: expr ~  Weight_g + Day_Num
2024-12-03 13:10:39.872519 INFO::Filter data based on min abundance and min prevalence
2024-12-03 13:10:39.873271 INFO::Total samples in data: 18
2024-12-03 13:10:39.874311 INFO::Min samples required with min abundance for a feature not to be filtered: 1.800000
2024-12-03 13:10:39.87572 INFO::Total filtered features: 4
2024-12-03 13:10:39.876877 INFO::Filtered feature names from abundance and prevalence filtering: k__Archaea.p__Euryarchaeota, k__Bacteria.p__Chloroflexi, k__Bacteria.p__Spirochaetes, k__Bacteria.p__.Thermi.
2024-12-03 13:10:39.878493 INFO::Total filtered features with variance filtering: 0
2024-12-03 13:10:39.879949 INFO::Filtered feature names from variance filtering:
2024-12-03 13:10:39.881116 INFO::Running selected normalization method: TSS
2024-12-03 13:10:39.883769 INFO::Applying z-score to standardize continuous metadata
2024-12-03 13:10:39.893468 INFO::Running selected transform method: LOG
2024-12-03 13:10:39.897679 INFO::Running selected analysis method: LM
2024-12-03 13:10:39.910635 INFO::Fitting model to feature number 1, k__Bacteria.p__Bacteroidetes
2024-12-03 13:10:39.969389 INFO::Fitting model to feature number 2, k__Bacteria.p__Firmicutes
2024-12-03 13:10:39.997492 INFO::Fitting model to feature number 3, k__Bacteria.p__Verrucomicrobia
2024-12-03 13:10:40.031491 INFO::Fitting model to feature number 4, k__Bacteria.__
2024-12-03 13:10:40.054173 INFO::Fitting model to feature number 5, k__Bacteria.p__Proteobacteria
2024-12-03 13:10:40.083083 INFO::Fitting model to feature number 6, k__Bacteria.p__Cyanobacteria
2024-12-03 13:10:40.111556 INFO::Fitting model to feature number 7, k__Bacteria.p__Actinobacteria
2024-12-03 13:10:40.147521 INFO::Fitting model to feature number 8, k__Bacteria.p__Tenericutes
2024-12-03 13:10:40.17204 INFO::Fitting model to feature number 9, k__Bacteria.p__Deferribacteres
2024-12-03 13:10:40.198981 INFO::Fitting model to feature number 10, Unassigned.__
2024-12-03 13:10:40.230879 INFO::Counting total values for each feature
2024-12-03 13:10:40.232447 INFO::Writing filtered data to file Weight_phylum_PGH_b/features/filtered_data.tsv
2024-12-03 13:10:40.2337 INFO::Writing filtered, normalized data to file Weight_phylum_PGH_b/features/filtered_data_norm.tsv
2024-12-03 13:10:40.234606 INFO::Writing filtered, normalized, transformed data to file Weight_phylum_PGH_b/features/filtered_data_norm_transformed.tsv
2024-12-03 13:10:40.235539 WARNING::Deleting existing residuals file: Weight_phylum_PGH_b/fits/residuals.rds
2024-12-03 13:10:40.23664 INFO::Writing residuals to file Weight_phylum_PGH_b/fits/residuals.rds
2024-12-03 13:10:40.237284 WARNING::Deleting existing fitted file: Weight_phylum_PGH_b/fits/fitted.rds
2024-12-03 13:10:40.237822 INFO::Writing fitted values to file Weight_phylum_PGH_b/fits/fitted.rds
2024-12-03 13:10:40.238382 WARNING::Deleting existing ranef file: Weight_phylum_PGH_b/fits/ranef.rds
2024-12-03 13:10:40.238907 INFO::Writing extracted random effects to file Weight_phylum_PGH_b/fits/ranef.rds
2024-12-03 13:10:40.23961 INFO::Writing all results to file (ordered by increasing q-values): Weight_phylum_PGH_b/all_results.tsv
2024-12-03 13:10:40.240567 INFO::Writing the significant results (those which are less than or equal to the threshold of 0.250000 ) to file (ordered by increasing q-values): Weight_phylum_PGH_b/significant_results.tsv
2024-12-03 13:10:40.241163 INFO::Writing heatmap of significant results to file: Weight_phylum_PGH_b/heatmap.pdf
2024-12-03 13:10:40.27548 INFO::Writing association plots (one for each significant association) to output folder: Weight_phylum_PGH_b
2024-12-03 13:10:40.276813 INFO::Plotting associations from most to least significant, grouped by metadata
2024-12-03 13:10:40.277353 INFO::Plotting data for metadata number 1, Weight_g
2024-12-03 13:10:40.278075 INFO::Creating scatter plot for continuous data, Weight_g vs k__Bacteria.p__Cyanobacteria
2024-12-03 13:10:40.407967 DEBUG::`geom_smooth()` using formula = 'y ~ x'
2024-12-03 13:10:40.408391 INFO::Creating scatter plot for continuous data, Weight_g vs k__Bacteria.p__Verrucomicrobia
2024-12-03 13:10:40.473243 DEBUG::`geom_smooth()` using formula = 'y ~ x'
2024-12-03 13:10:40.589852 INFO::Plotting data for metadata number 2, Day_Num
2024-12-03 13:10:40.59068 INFO::Creating scatter plot for continuous data, Day_Num vs k__Bacteria.p__Bacteroidetes
2024-12-03 13:10:40.672548 DEBUG::`geom_smooth()` using formula = 'y ~ x'
