2024-12-02 10:55:02.758318 INFO::Writing function arguments to log file
2024-12-02 10:55:02.761959 DEBUG::Function arguments
2024-12-02 10:55:02.762428 DEBUG::Output folder: PGH_Long_species_no_d8
2024-12-02 10:55:02.762823 DEBUG::Min Abundance: 0.000000
2024-12-02 10:55:02.763172 DEBUG::Min Prevalence: 0.100000
2024-12-02 10:55:02.763517 DEBUG::Normalization: TSS
2024-12-02 10:55:02.763828 DEBUG::Transform: LOG
2024-12-02 10:55:02.764123 DEBUG::Analysis method: LM
2024-12-02 10:55:02.764468 DEBUG::Max significance: 0.250000
2024-12-02 10:55:02.764786 DEBUG::Random effects: Mouse_ID
2024-12-02 10:55:02.76512 DEBUG::Fixed effects: Day_Num
2024-12-02 10:55:02.765424 DEBUG::Correction method: BH
2024-12-02 10:55:02.765711 DEBUG::Standardize: TRUE
2024-12-02 10:55:02.765995 DEBUG::Cores: 1
2024-12-02 10:55:02.766312 INFO::Verifying options selected are valid
2024-12-02 10:55:02.767453 INFO::Determining format of input files
2024-12-02 10:55:02.768802 INFO::Input format is data samples as rows and metadata samples as rows
2024-12-02 10:55:02.773538 DEBUG::The following samples were found to have features but no metadata. They will be removed. HEB24007,HEB24008,HEB24009,HEB24010,HEB24011,HEB24012,HEB24013,HEB24014,HEB24015,HEB24017,HEB24018,HEB24019,HEB24020,HEB24021,HEB24022,HEB24024,HEB24026,HEB24027,HEB24028,HEB24029,HEB24030,HEB24031,HEB24032,HEB24033,HEB24035,HEB24036,HEB24038,HEB24039,HEB24040,HEB24041,HEB24042,HEB24043,HEB24045,HEB24046,HEB24047,HEB24048,HEB24049,HEB24050,HEB24051,HEB24052,HEB24053,HEB24054,HEB24055,HEB24056,HEB24057,HEB24058,HEB24060,HEB24061,HEB24062,HEB24063,HEB24064,HEB24065,HEB24066,HEB24067,HEB24068,HEB24069,HEB24070,HEB24071,HEB24072,HEB24073,HEB24074,HEB24075,HEB24076,HEB24077,HEB24078,HEB24079,HEB24080,HEB24082,HEB24083,HEB24084,HEB24085,HEB24086,HEB24087,HEB24088,HEB24089,HEB24090,HEB24091,HEB24092,HEB24093,HEB24094,HEB24095,HEB24096,HEB24097,HEB24098,HEB24099,HEB24100,HEB24101,HEB24102,HEB24103,HEB24104,HEB24105,HEB24107,HEB24108,HEB24109,HEB24111,HEB24112,HEB24114,HEB24115,HEB24116,HEB24117,HEB24118,HEB24119,HEB24120,HEB24121,HEB24123,HEB24124,HEB24125,HEB24126,HEB24127,HEB24128,HEB24129,HEB24130,HEB24131,HEB24132,HEB24139,HEB24140,HEB24141,HEB24142,HEB24143,HEB24144,HEB24145,HEB24146,HEB24147,HEB24148,HEB24149,HEB24150,HEB24151,HEB24152,HEB24153,HEB24154,HEB24155,HEB24156,HEB24157,HEB24158,HEB24159,HEB24160,HEB24161,HEB24162,HEB24163,HEB24164,HEB24165,HEB24166,HEB24167,HEB24168,HEB24169,HEB24170,HEB24171,HEB24172,HEB24173,HEB24174,HEB24175,HEB24176,HEB24177,HEB24178,HEB24179,HEB24180,HEB24181,HEB24182,HEB24183,HEB24184,HEB24185,HEB24186,HEB24187,HEB24188,HEB24189,HEB24190,HEB24191,HEB24192,HEB24193,HEB24194,HEB24195,HEB24196,HEB24197,HEB24198
2024-12-02 10:55:02.77406 DEBUG::A total of 24 samples were found in both the data and metadata
2024-12-02 10:55:02.774362 DEBUG::Reordering data/metadata to use same sample ordering
2024-12-02 10:55:02.776516 INFO::Formula for random effects: expr ~ (1 | Mouse_ID)
2024-12-02 10:55:02.777849 INFO::Formula for fixed effects: expr ~  Day_Num
2024-12-02 10:55:02.782047 INFO::Filter data based on min abundance and min prevalence
2024-12-02 10:55:02.785621 INFO::Total samples in data: 24
2024-12-02 10:55:02.787404 INFO::Min samples required with min abundance for a feature not to be filtered: 2.400000
2024-12-02 10:55:02.794878 INFO::Total filtered features: 96
2024-12-02 10:55:02.795876 INFO::Filtered feature names from abundance and prevalence filtering: k__Bacteria.p__Actinobacteria.c__Actinobacteria.o__Actinomycetales.f__Intrasporangiaceae.g__.s__, k__Bacteria.p__Firmicutes.c__Bacilli.o__Bacillales.f__Bacillaceae.g__Bacillus.__, k__Bacteria.p__Actinobacteria.c__Actinobacteria.o__Actinomycetales.f__Streptomycetaceae.__.__, k__Bacteria.p__Actinobacteria.c__Actinobacteria.o__Actinomycetales.f__Nocardiopsaceae.g__Prauseria.s__, k__Archaea.p__Euryarchaeota.c__Halobacteria.o__Halobacteriales.f__Halobacteriaceae.__.__, k__Bacteria.p__Actinobacteria.c__Actinobacteria.o__Actinomycetales.f__Micrococcaceae.__.__, k__Bacteria.p__Proteobacteria.c__Alphaproteobacteria.__.__.__.__, k__Bacteria.p__Firmicutes.c__Bacilli.__.__.__.__, k__Bacteria.p__Actinobacteria.c__Actinobacteria.o__Actinomycetales.f__Nocardiaceae.g__Rhodococcus.s__, k__Bacteria.p__Firmicutes.c__Bacilli.o__Bacillales.f__Planococcaceae.g__.s__, k__Bacteria.p__Firmicutes.c__Bacilli.o__Lactobacillales.f__Aerococcaceae.g__.s__, k__Bacteria.p__Proteobacteria.c__Alphaproteobacteria.o__Rhizobiales.f__Methylobacteriaceae.g__Methylobacterium.s__, k__Bacteria.p__Proteobacteria.c__Gammaproteobacteria.__.__.__.__, k__Bacteria.p__Proteobacteria.c__Betaproteobacteria.o__Burkholderiales.f__Comamonadaceae.__.__, k__Bacteria.p__Proteobacteria.c__Gammaproteobacteria.o__Pseudomonadales.f__Pseudomonadaceae.g__.s__, k__Bacteria.p__Proteobacteria.c__Alphaproteobacteria.o__Rhizobiales.f__Rhizobiaceae.g__.s__, k__Bacteria.p__Firmicutes.c__Clostridia.o__Clostridiales.f__Clostridiaceae.g__Clostridium.s__thermopalmarium, k__Bacteria.p__Proteobacteria.c__Gammaproteobacteria.o__Enterobacteriales.f__Enterobacteriaceae.g__Escherichia.s__coli, k__Bacteria.p__Firmicutes.c__Clostridia.o__Clostridiales.f__Peptococcaceae.g__Desulfosporosinus.s__meridiei, k__Bacteria.p__Firmicutes.c__Clostridia.o__Clostridiales.f__Clostridiaceae.g__Clostridium.s__butyricum, k__Bacteria.p__Firmicutes.c__Bacilli.o__Lactobacillales.__.__.__, k__Bacteria.p__Firmicutes.c__Clostridia.o__Clostridiales.f__.Tissierellaceae..g__Sporanaerobacter.s__, k__Bacteria.p__Firmicutes.c__Bacilli.o__Lactobacillales.f__Lactobacillaceae.__.__, k__Bacteria.p__Proteobacteria.c__Alphaproteobacteria.o__Rhizobiales.f__Hyphomicrobiaceae.g__.s__, k__Bacteria.p__Actinobacteria.c__Actinobacteria.o__Actinomycetales.f__Micrococcaceae.g__Sinomonas.s__, k__Bacteria.p__Firmicutes.c__Bacilli.o__Lactobacillales.f__Aerococcaceae.g__Aerococcus.s__, k__Bacteria.p__Firmicutes.c__Clostridia.o__Clostridiales.f__Clostridiaceae.g__Clostridium.__, k__Bacteria.p__Actinobacteria.c__Actinobacteria.o__Bifidobacteriales.f__Bifidobacteriaceae.g__Bifidobacterium.__, k__Bacteria.p__Proteobacteria.c__Alphaproteobacteria.o__Rickettsiales.f__mitochondria.g__Plantago.s__sericea, k__Bacteria.p__Proteobacteria.c__Alphaproteobacteria.o__Caulobacterales.f__Caulobacteraceae.g__.s__, k__Bacteria.p__Firmicutes.c__Clostridia.o__Clostridiales.f__.Tissierellaceae..g__Gallicola.s__, k__Bacteria.p__Firmicutes.c__Clostridia.o__Clostridiales.f__Clostridiaceae.__.__, k__Bacteria.p__Firmicutes.c__Bacilli.o__Lactobacillales.f__Lactobacillaceae.g__Lactobacillus.s__zeae, k__Bacteria.p__Actinobacteria.c__Actinobacteria.o__Actinomycetales.f__Streptomycetaceae.g__.s__, k__Bacteria.p__Firmicutes.c__Clostridia.o__Clostridiales.f__.Tissierellaceae..g__Anaerococcus.s__, k__Bacteria.p__Proteobacteria.c__Alphaproteobacteria.o__.f__.g__.s__, k__Bacteria.p__Firmicutes.c__Clostridia.o__.f__.g__.s__, k__Bacteria.p__Proteobacteria.c__Gammaproteobacteria.o__Pseudomonadales.f__Pseudomonadaceae.g__Pseudomonas.s__, k__Bacteria.p__Firmicutes.c__Clostridia.o__Clostridiales.f__Clostridiaceae.g__Caloramator.s__, k__Bacteria.p__Firmicutes.c__Clostridia.o__Natranaerobiales.f__Anaerobrancaceae.g__A55_D21.s__, k__Bacteria.p__Proteobacteria.c__Alphaproteobacteria.o__Rhodobacterales.f__Rhodobacteraceae.__.__, k__Bacteria.p__Firmicutes.c__Bacilli.o__Bacillales.f__Paenibacillaceae.g__Paenibacillus.s__, k__Bacteria.p__Proteobacteria.c__Alphaproteobacteria.o__Rhizobiales.f__Rhizobiaceae.g__Agrobacterium.s__, k__Bacteria.p__Actinobacteria.c__Actinobacteria.o__Actinomycetales.f__Micromonosporaceae.g__.s__, k__Archaea.p__Euryarchaeota.c__Halobacteria.o__Halobacteriales.f__Halobacteriaceae.g__Halobacteriaceae.s__XD46, k__Bacteria.p__Proteobacteria.c__Alphaproteobacteria.o__Rickettsiales.f__mitochondria.__.__, k__Bacteria.p__Proteobacteria.c__Gammaproteobacteria.o__Alteromonadales.f__OM60.g__.s__, k__Archaea.p__Euryarchaeota.c__Halobacteria.o__Halobacteriales.f__Halobacteriaceae.g__Halorubrum.s__, k__Bacteria.p__Proteobacteria.c__Gammaproteobacteria.o__Cardiobacteriales.f__.g__.s__, k__Bacteria.p__Proteobacteria.c__Alphaproteobacteria.o__Rhodobacterales.f__Rhodobacteraceae.g__Rhodobaca.s__, k__Bacteria.p__Proteobacteria.c__Alphaproteobacteria.o__Rhodobacterales.f__Rhodobacteraceae.g__Paracoccus.s__marcusii, k__Bacteria.p__Proteobacteria.c__Betaproteobacteria.o__Burkholderiales.f__Comamonadaceae.g__Brachymonas.s__denitrificans, k__Bacteria.p__Firmicutes.c__Bacilli.o__Bacillales.f__Paenibacillaceae.g__.s__, k__Bacteria.p__Proteobacteria.c__Alphaproteobacteria.o__Rhizobiales.__.__.__, k__Bacteria.p__Actinobacteria.c__Actinobacteria.o__Actinomycetales.f__Mycobacteriaceae.g__Mycobacterium.s__, k__Bacteria.p__Firmicutes.c__Clostridia.o__Clostridiales.f__.Tissierellaceae..g__ecb11.s__, k__Bacteria.p__Actinobacteria.c__Actinobacteria.o__Actinomycetales.f__Microbacteriaceae.g__Microbacterium.s__, k__Bacteria.p__Proteobacteria.c__Betaproteobacteria.o__Burkholderiales.f__Comamonadaceae.g__.s__, k__Bacteria.p__Actinobacteria.c__Actinobacteria.o__Actinomycetales.f__Nocardioidaceae.g__.s__, k__Bacteria.p__Proteobacteria.c__Alphaproteobacteria.o__Sphingomonadales.f__Sphingomonadaceae.g__Kaistobacter.s__, k__Archaea.p__Euryarchaeota.c__Halobacteria.o__Halobacteriales.f__Halobacteriaceae.g__Haloarcula.s__, k__Bacteria.p__Actinobacteria.c__Actinobacteria.o__Actinomycetales.f__Pseudonocardiaceae.g__Saccharomonospora.s__, k__Bacteria.p__Firmicutes.c__Clostridia.o__Clostridiales.f__.Tissierellaceae..__.__, k__Bacteria.p__Chloroflexi.c__Thermomicrobia.o__JG30.KF.CM45.f__.g__.s__, k__Bacteria.p__Proteobacteria.c__Betaproteobacteria.o__Burkholderiales.f__Comamonadaceae.g__Comamonas.s__, k__Bacteria.p__Proteobacteria.c__Epsilonproteobacteria.o__Campylobacterales.f__Campylobacteraceae.g__Campylobacter.s__, k__Bacteria.p__Proteobacteria.c__Alphaproteobacteria.o__Rickettsiales.f__mitochondria.g__Abies.s__homolepis, k__Bacteria.p__Proteobacteria.c__Betaproteobacteria.o__Burkholderiales.f__Oxalobacteraceae.g__.s__, k__Bacteria.p__Bacteroidetes.c__Flavobacteriia.o__Flavobacteriales.f__Cryomorphaceae.g__.s__, k__Bacteria.p__Proteobacteria.c__Betaproteobacteria.o__MKC10.f__.g__.s__, k__Bacteria.p__Actinobacteria.c__Actinobacteria.o__Actinomycetales.f__Actinomycetaceae.g__Arcanobacterium.s__, k__Bacteria.p__Proteobacteria.c__Alphaproteobacteria.o__Rhodospirillales.f__Rhodospirillaceae.g__Azospirillum.s__, k__Bacteria.p__Actinobacteria.c__Actinobacteria.o__Actinomycetales.f__Actinomycetaceae.g__Actinomyces.s__, k__Bacteria.p__Bacteroidetes.c__Flavobacteriia.o__Flavobacteriales.f__Flavobacteriaceae.g__.s__, k__Bacteria.p__Proteobacteria.c__Epsilonproteobacteria.o__Campylobacterales.f__Helicobacteraceae.g__Sulfurimonas.s__, k__Bacteria.p__Bacteroidetes.c__Bacteroidia.o__Bacteroidales.f__Prevotellaceae.g__.s__, k__Bacteria.p__Bacteroidetes.c__Bacteroidia.o__Bacteroidales.f__.Paraprevotellaceae..g__.Prevotella..s__, k__Bacteria.p__Firmicutes.c__Bacilli.o__Lactobacillales.f__Lactobacillaceae.g__Lactobacillus.__, k__Bacteria.p__Proteobacteria.c__Gammaproteobacteria.o__Enterobacteriales.f__Enterobacteriaceae.g__Klebsiella.s__, k__Bacteria.p__Spirochaetes.c__Spirochaetes.o__Spirochaetales.f__Spirochaetaceae.g__Treponema.s__, k__Bacteria.p__Firmicutes.c__Clostridia.o__Clostridiales.f__.Tissierellaceae..g__.s__, k__Bacteria.p__Actinobacteria.c__Thermoleophilia.__.__.__.__, k__Bacteria.p__Proteobacteria.c__Alphaproteobacteria.o__Rhizobiales.f__Bradyrhizobiaceae.g__Bradyrhizobium.s__, k__Bacteria.p__.Thermi..c__Deinococci.o__Thermales.f__Thermaceae.g__Thermus.s__, k__Bacteria.p__Verrucomicrobia.__.__.__.__.__, k__Bacteria.p__Proteobacteria.c__Alphaproteobacteria.o__Rhodospirillales.f__Rhodospirillaceae.g__Azospirillum.s__amazonense, k__Bacteria.p__Proteobacteria.c__Alphaproteobacteria.o__Sphingomonadales.f__Erythrobacteraceae.g__Erythrobacter.s__, k__Bacteria.p__Proteobacteria.c__Alphaproteobacteria.o__Sphingomonadales.f__Sphingomonadaceae.g__Sphingomonas.s__, k__Bacteria.p__Firmicutes.c__Bacilli.o__Bacillales.f__Bacillaceae.__.__, k__Bacteria.p__Spirochaetes.c__Spirochaetes.o__Spirochaetales.f__Spirochaetaceae.__.__, k__Bacteria.p__Firmicutes.c__Bacilli.o__Bacillales.f__.g__.s__, k__Bacteria.p__Firmicutes.c__Clostridia.o__Clostridiales.f__Veillonellaceae.g__.s__, k__Bacteria.p__Firmicutes.c__Clostridia.o__Clostridiales.f__Veillonellaceae.__.__, k__Bacteria.p__Proteobacteria.c__Deltaproteobacteria.o__Myxococcales.f__Myxococcaceae.g__Myxococcus.s__, k__Bacteria.p__Proteobacteria.c__Alphaproteobacteria.o__Rhodospirillales.f__Rhodospirillaceae.__.__, k__Bacteria.p__Actinobacteria.__.__.__.__.__
2024-12-02 10:55:02.798768 INFO::Total filtered features with variance filtering: 0
2024-12-02 10:55:02.799605 INFO::Filtered feature names from variance filtering:
2024-12-02 10:55:02.80027 INFO::Running selected normalization method: TSS
2024-12-02 10:55:02.802344 INFO::Applying z-score to standardize continuous metadata
2024-12-02 10:55:02.813454 INFO::Running selected transform method: LOG
2024-12-02 10:55:02.815592 INFO::Running selected analysis method: LM
2024-12-02 10:55:02.817622 INFO::Fitting model to feature number 1, k__Bacteria.p__Bacteroidetes.c__Bacteroidia.o__Bacteroidales.f__S24.7.g__.s__
2024-12-02 10:55:02.867023 INFO::Fitting model to feature number 2, k__Bacteria.p__Firmicutes.c__Bacilli.o__Lactobacillales.f__Lactobacillaceae.g__.s__
2024-12-02 10:55:02.891028 INFO::Fitting model to feature number 3, k__Bacteria.p__Firmicutes.c__Bacilli.o__Bacillales.f__.Exiguobacteraceae..g__.s__
2024-12-02 10:55:02.927473 INFO::Fitting model to feature number 4, k__Bacteria.p__Firmicutes.c__Bacilli.o__Lactobacillales.f__Streptococcaceae.g__Streptococcus.s__
2024-12-02 10:55:02.953711 INFO::Fitting model to feature number 5, k__Bacteria.p__Firmicutes.c__Bacilli.o__Bacillales.f__Bacillaceae.g__Bacillus.s__cereus
2024-12-02 10:55:02.990186 INFO::Fitting model to feature number 6, k__Bacteria.p__Firmicutes.c__Bacilli.o__Lactobacillales.f__Lactobacillaceae.g__Lactobacillus.s__
2024-12-02 10:55:03.090032 INFO::Fitting model to feature number 7, k__Bacteria.p__Firmicutes.c__Bacilli.o__Turicibacterales.f__Turicibacteraceae.g__Turicibacter.s__
2024-12-02 10:55:03.109845 INFO::Fitting model to feature number 8, k__Bacteria.p__Verrucomicrobia.c__Verrucomicrobiae.o__Verrucomicrobiales.f__Verrucomicrobiaceae.g__Akkermansia.s__muciniphila
2024-12-02 10:55:03.127607 INFO::Fitting model to feature number 9, k__Bacteria.__.__.__.__.__.__
2024-12-02 10:55:03.161463 INFO::Fitting model to feature number 10, k__Bacteria.p__Firmicutes.c__Clostridia.o__Clostridiales.f__Clostridiaceae.g__.s__
2024-12-02 10:55:03.179975 INFO::Fitting model to feature number 11, k__Bacteria.p__Firmicutes.c__Bacilli.o__Lactobacillales.f__Lactobacillaceae.g__Lactobacillus.s__helveticus
2024-12-02 10:55:03.200121 INFO::Fitting model to feature number 12, k__Bacteria.p__Firmicutes.c__Clostridia.o__Clostridiales.__.__.__
2024-12-02 10:55:03.217791 INFO::Fitting model to feature number 13, k__Bacteria.p__Firmicutes.c__Bacilli.o__Lactobacillales.f__Leuconostocaceae.g__.s__
2024-12-02 10:55:03.236116 INFO::Fitting model to feature number 14, k__Bacteria.p__Firmicutes.c__Clostridia.o__Clostridiales.f__.g__.s__
2024-12-02 10:55:03.254833 INFO::Fitting model to feature number 15, k__Bacteria.p__Proteobacteria.c__Gammaproteobacteria.o__Enterobacteriales.f__Enterobacteriaceae.g__.s__
2024-12-02 10:55:03.271854 INFO::Fitting model to feature number 16, k__Bacteria.p__Cyanobacteria.c__Chloroplast.o__Streptophyta.f__.g__.s__
2024-12-02 10:55:03.301744 INFO::Fitting model to feature number 17, k__Bacteria.p__Proteobacteria.c__Alphaproteobacteria.o__Rickettsiales.f__mitochondria.g__Lardizabala.s__biternata
2024-12-02 10:55:03.317318 INFO::Fitting model to feature number 18, k__Bacteria.p__Bacteroidetes.c__Bacteroidia.o__Bacteroidales.f__Bacteroidaceae.g__Bacteroides.s__
2024-12-02 10:55:03.332812 INFO::Fitting model to feature number 19, k__Bacteria.p__Firmicutes.c__Bacilli.o__Lactobacillales.f__Streptococcaceae.g__Lactococcus.s__
2024-12-02 10:55:03.34917 INFO::Fitting model to feature number 20, k__Bacteria.p__Firmicutes.c__Erysipelotrichi.o__Erysipelotrichales.f__Erysipelotrichaceae.__.__
2024-12-02 10:55:03.368895 INFO::Fitting model to feature number 21, k__Bacteria.p__Firmicutes.c__Clostridia.o__Clostridiales.f__Ruminococcaceae.__.__
2024-12-02 10:55:03.385006 INFO::Fitting model to feature number 22, k__Bacteria.p__Firmicutes.c__Clostridia.o__Clostridiales.f__Lachnospiraceae.g__Epulopiscium.s__
2024-12-02 10:55:03.399966 INFO::Fitting model to feature number 23, k__Bacteria.p__Firmicutes.c__Clostridia.o__Clostridiales.f__Ruminococcaceae.g__Ruminococcus.s__
2024-12-02 10:55:03.415263 INFO::Fitting model to feature number 24, k__Bacteria.p__Bacteroidetes.c__Bacteroidia.o__Bacteroidales.f__Porphyromonadaceae.g__Parabacteroides.s__gordonii
2024-12-02 10:55:03.43517 INFO::Fitting model to feature number 25, k__Bacteria.p__Firmicutes.c__Clostridia.o__Clostridiales.f__Lachnospiraceae.g__.s__
2024-12-02 10:55:03.464232 INFO::Fitting model to feature number 26, k__Bacteria.p__Firmicutes.c__Clostridia.o__Clostridiales.f__Lachnospiraceae.g__Lachnospira.s__
2024-12-02 10:55:03.48224 INFO::Fitting model to feature number 27, k__Bacteria.p__Firmicutes.c__Clostridia.o__Clostridiales.f__Clostridiaceae.g__SMB53.s__
2024-12-02 10:55:03.498204 INFO::Fitting model to feature number 28, k__Bacteria.p__Firmicutes.c__Clostridia.o__Clostridiales.f__Ruminococcaceae.g__Faecalibacterium.s__prausnitzii
2024-12-02 10:55:03.51408 INFO::Fitting model to feature number 29, k__Bacteria.p__Firmicutes.c__Clostridia.o__Clostridiales.f__Lachnospiraceae.__.__
2024-12-02 10:55:03.529273 INFO::Fitting model to feature number 30, k__Bacteria.p__Firmicutes.c__Clostridia.o__Clostridiales.f__Lachnospiraceae.g__Blautia.s__
2024-12-02 10:55:03.545003 INFO::Fitting model to feature number 31, k__Bacteria.p__Bacteroidetes.c__Bacteroidia.o__Bacteroidales.f__Bacteroidaceae.g__Bacteroides.__
2024-12-02 10:55:03.560447 INFO::Fitting model to feature number 32, k__Bacteria.p__Bacteroidetes.c__Bacteroidia.o__Bacteroidales.__.__.__
2024-12-02 10:55:03.577621 INFO::Fitting model to feature number 33, k__Bacteria.p__Firmicutes.c__Clostridia.__.__.__.__
2024-12-02 10:55:03.593153 INFO::Fitting model to feature number 34, k__Bacteria.p__Firmicutes.c__Clostridia.o__Clostridiales.f__Ruminococcaceae.g__Oscillospira.s__
2024-12-02 10:55:03.609703 INFO::Fitting model to feature number 35, k__Bacteria.p__Firmicutes.c__Clostridia.o__Clostridiales.f__Eubacteriaceae.g__Pseudoramibacter_Eubacterium.s__
2024-12-02 10:55:03.626231 INFO::Fitting model to feature number 36, k__Bacteria.p__Firmicutes.c__Clostridia.o__Clostridiales.f__Peptococcaceae.g__rc4.4.s__
2024-12-02 10:55:03.643333 INFO::Fitting model to feature number 37, k__Bacteria.p__Proteobacteria.c__Gammaproteobacteria.o__Pseudomonadales.f__Moraxellaceae.g__Acinetobacter.s__
2024-12-02 10:55:03.658948 INFO::Fitting model to feature number 38, k__Bacteria.p__Firmicutes.c__Erysipelotrichi.o__Erysipelotrichales.f__Erysipelotrichaceae.g__Allobaculum.s__
2024-12-02 10:55:03.674571 INFO::Fitting model to feature number 39, k__Bacteria.p__Actinobacteria.c__Actinobacteria.o__Actinomycetales.f__.g__.s__
2024-12-02 10:55:03.690285 INFO::Fitting model to feature number 40, k__Bacteria.p__Tenericutes.c__Mollicutes.o__RF39.f__.g__.s__
2024-12-02 10:55:03.706098 INFO::Fitting model to feature number 41, k__Bacteria.p__Firmicutes.c__Erysipelotrichi.o__Erysipelotrichales.f__Erysipelotrichaceae.g__Catenibacterium.s__
2024-12-02 10:55:03.721725 INFO::Fitting model to feature number 42, k__Bacteria.p__Firmicutes.c__Clostridia.o__Clostridiales.f__Ruminococcaceae.g__.s__
2024-12-02 10:55:03.737957 INFO::Fitting model to feature number 43, k__Bacteria.p__Firmicutes.c__Bacilli.o__Bacillales.f__Bacillaceae.g__Bacillus.s__
2024-12-02 10:55:03.757636 INFO::Fitting model to feature number 44, k__Bacteria.p__Actinobacteria.c__Actinobacteria.o__Bifidobacteriales.f__Bifidobacteriaceae.g__Bifidobacterium.s__longum
2024-12-02 10:55:04.00805 INFO::Fitting model to feature number 45, k__Bacteria.p__Bacteroidetes.c__Bacteroidia.o__Bacteroidales.f__Bacteroidaceae.g__Bacteroides.s__uniformis
2024-12-02 10:55:04.060157 INFO::Fitting model to feature number 46, k__Bacteria.p__Firmicutes.c__Clostridia.o__Clostridiales.f__Peptostreptococcaceae.g__.s__
2024-12-02 10:55:04.094866 INFO::Fitting model to feature number 47, k__Bacteria.p__Proteobacteria.c__Alphaproteobacteria.o__RF32.f__.g__.s__
2024-12-02 10:55:04.113058 INFO::Fitting model to feature number 48, k__Bacteria.p__Firmicutes.c__Clostridia.o__Clostridiales.f__Clostridiaceae.g__Candidatus.Arthromitus.s__
2024-12-02 10:55:04.131659 INFO::Fitting model to feature number 49, k__Bacteria.p__Firmicutes.__.__.__.__.__
2024-12-02 10:55:04.1555 INFO::Fitting model to feature number 50, k__Bacteria.p__Proteobacteria.c__Betaproteobacteria.o__Burkholderiales.f__Alcaligenaceae.g__Sutterella.s__
2024-12-02 10:55:04.175182 INFO::Fitting model to feature number 51, k__Bacteria.p__Deferribacteres.c__Deferribacteres.o__Deferribacterales.f__Deferribacteraceae.g__Mucispirillum.s__
2024-12-02 10:55:04.193905 INFO::Fitting model to feature number 52, k__Bacteria.p__Bacteroidetes.c__Bacteroidia.o__Bacteroidales.f__Prevotellaceae.g__Prevotella.s__
2024-12-02 10:55:04.214671 INFO::Fitting model to feature number 53, k__Bacteria.p__Actinobacteria.c__Actinobacteria.o__Actinomycetales.f__Streptomycetaceae.g__Streptomyces.s__
2024-12-02 10:55:04.26547 INFO::Fitting model to feature number 54, k__Bacteria.p__Actinobacteria.c__Actinobacteria.o__Actinomycetales.f__Brevibacteriaceae.g__Brevibacterium.s__casei
2024-12-02 10:55:04.289991 INFO::Fitting model to feature number 55, k__Bacteria.p__Firmicutes.c__Clostridia.o__Clostridiales.f__Ruminococcaceae.g__Ruminococcus.__
2024-12-02 10:55:04.313935 INFO::Fitting model to feature number 56, k__Bacteria.p__Actinobacteria.c__Actinobacteria.o__Actinomycetales.f__Corynebacteriaceae.g__Corynebacterium.s__
2024-12-02 10:55:04.33215 INFO::Fitting model to feature number 57, k__Bacteria.p__Proteobacteria.c__Gammaproteobacteria.o__Enterobacteriales.f__Enterobacteriaceae.g__Plesiomonas.s__shigelloides
2024-12-02 10:55:04.349757 INFO::Fitting model to feature number 58, Unassigned.__.__.__.__.__.__
2024-12-02 10:55:04.368981 INFO::Fitting model to feature number 59, k__Bacteria.p__Actinobacteria.c__Actinobacteria.o__Actinomycetales.f__Dermabacteraceae.g__Brachybacterium.s__
2024-12-02 10:55:04.392349 INFO::Fitting model to feature number 60, k__Bacteria.p__Firmicutes.c__Bacilli.o__Bacillales.__.__.__
2024-12-02 10:55:04.411683 INFO::Fitting model to feature number 61, k__Bacteria.p__Proteobacteria.c__Gammaproteobacteria.o__Xanthomonadales.f__Xanthomonadaceae.g__Stenotrophomonas.s__maltophilia
2024-12-02 10:55:04.429608 INFO::Fitting model to feature number 62, k__Bacteria.p__Firmicutes.c__Clostridia.o__Clostridiales.f__Dehalobacteriaceae.g__Dehalobacterium.s__
2024-12-02 10:55:04.448188 INFO::Fitting model to feature number 63, k__Bacteria.p__Firmicutes.c__Clostridia.o__Clostridiales.f__.Mogibacteriaceae..g__.s__
2024-12-02 10:55:04.465465 INFO::Fitting model to feature number 64, k__Bacteria.p__Firmicutes.c__Bacilli.o__Bacillales.f__Staphylococcaceae.g__Jeotgalicoccus.s__
2024-12-02 10:55:04.498648 INFO::Fitting model to feature number 65, k__Bacteria.p__Firmicutes.c__Erysipelotrichi.o__Erysipelotrichales.f__Erysipelotrichaceae.g__.s__
2024-12-02 10:55:04.514813 INFO::Fitting model to feature number 66, k__Bacteria.p__Bacteroidetes.__.__.__.__.__
2024-12-02 10:55:04.530909 INFO::Fitting model to feature number 67, k__Bacteria.p__Firmicutes.c__Clostridia.o__Clostridiales.f__Clostridiaceae.g__Clostridium.s__
2024-12-02 10:55:04.546699 INFO::Fitting model to feature number 68, k__Bacteria.p__Actinobacteria.c__Actinobacteria.__.__.__.__
2024-12-02 10:55:04.56273 INFO::Fitting model to feature number 69, k__Bacteria.p__Bacteroidetes.c__Bacteroidia.o__Bacteroidales.f__Rikenellaceae.g__.s__
2024-12-02 10:55:04.578985 INFO::Fitting model to feature number 70, k__Bacteria.p__Firmicutes.c__Clostridia.o__Clostridiales.f__Veillonellaceae.g__Dialister.s__
2024-12-02 10:55:04.595094 INFO::Fitting model to feature number 71, k__Bacteria.p__Actinobacteria.c__Coriobacteriia.o__Coriobacteriales.f__Coriobacteriaceae.g__.s__
2024-12-02 10:55:04.611252 INFO::Fitting model to feature number 72, k__Bacteria.p__Firmicutes.c__Clostridia.o__Clostridiales.f__Lachnospiraceae.g__Coprococcus.s__
2024-12-02 10:55:04.626878 INFO::Fitting model to feature number 73, k__Bacteria.p__Actinobacteria.c__Coriobacteriia.o__Coriobacteriales.f__Coriobacteriaceae.g__Adlercreutzia.s__
2024-12-02 10:55:04.642765 INFO::Fitting model to feature number 74, k__Bacteria.p__Proteobacteria.c__Alphaproteobacteria.o__Rhizobiales.f__Methylobacteriaceae.g__.s__
2024-12-02 10:55:04.658636 INFO::Fitting model to feature number 75, k__Bacteria.p__Firmicutes.c__Clostridia.o__Clostridiales.f__Veillonellaceae.g__Acidaminococcus.s__
2024-12-02 10:55:04.674827 INFO::Fitting model to feature number 76, k__Bacteria.p__Actinobacteria.c__Actinobacteria.o__Actinomycetales.__.__.__
2024-12-02 10:55:04.69095 INFO::Fitting model to feature number 77, k__Bacteria.p__Firmicutes.c__Bacilli.o__Bacillales.f__Paenibacillaceae.__.__
2024-12-02 10:55:04.707028 INFO::Fitting model to feature number 78, k__Bacteria.p__Proteobacteria.c__Alphaproteobacteria.o__Rhizobiales.f__Rhizobiaceae.__.__
2024-12-02 10:55:04.722651 INFO::Fitting model to feature number 79, k__Bacteria.p__Firmicutes.c__Clostridia.o__Clostridiales.f__Veillonellaceae.g__Megasphaera.s__
2024-12-02 10:55:04.738245 INFO::Fitting model to feature number 80, k__Bacteria.p__Proteobacteria.c__Gammaproteobacteria.o__Pasteurellales.f__Pasteurellaceae.g__Gallibacterium.s__
2024-12-02 10:55:04.753671 INFO::Fitting model to feature number 81, k__Bacteria.p__Firmicutes.c__Clostridia.o__Clostridiales.f__Veillonellaceae.g__Megamonas.s__
2024-12-02 10:55:04.769397 INFO::Fitting model to feature number 82, k__Bacteria.p__Firmicutes.c__Bacilli.o__Bacillales.f__.Thermicanaceae..g__Bacillus.s__schlegelii
2024-12-02 10:55:04.784821 INFO::Fitting model to feature number 83, k__Bacteria.p__Proteobacteria.c__Alphaproteobacteria.o__Rhodobacterales.f__Rhodobacteraceae.g__.s__
2024-12-02 10:55:04.820033 INFO::Counting total values for each feature
2024-12-02 10:55:04.822933 INFO::Writing filtered data to file PGH_Long_species_no_d8/features/filtered_data.tsv
2024-12-02 10:55:04.82501 INFO::Writing filtered, normalized data to file PGH_Long_species_no_d8/features/filtered_data_norm.tsv
2024-12-02 10:55:04.827542 INFO::Writing filtered, normalized, transformed data to file PGH_Long_species_no_d8/features/filtered_data_norm_transformed.tsv
2024-12-02 10:55:04.830331 INFO::Writing residuals to file PGH_Long_species_no_d8/fits/residuals.rds
2024-12-02 10:55:04.831394 INFO::Writing fitted values to file PGH_Long_species_no_d8/fits/fitted.rds
2024-12-02 10:55:04.832285 INFO::Writing extracted random effects to file PGH_Long_species_no_d8/fits/ranef.rds
2024-12-02 10:55:04.83298 INFO::Writing all results to file (ordered by increasing q-values): PGH_Long_species_no_d8/all_results.tsv
2024-12-02 10:55:04.833964 INFO::Writing the significant results (those which are less than or equal to the threshold of 0.250000 ) to file (ordered by increasing q-values): PGH_Long_species_no_d8/significant_results.tsv
2024-12-02 10:55:04.834512 INFO::Writing heatmap of significant results to file: PGH_Long_species_no_d8/heatmap.pdf
2024-12-02 10:55:04.835316 INFO::Writing association plots (one for each significant association) to output folder: PGH_Long_species_no_d8
2024-12-02 10:55:04.836477 INFO::Plotting associations from most to least significant, grouped by metadata
2024-12-02 10:55:04.836878 INFO::Plotting data for metadata number 1, Day_Num
2024-12-02 10:55:04.837776 INFO::Creating scatter plot for continuous data, Day_Num vs k__Bacteria.p__Actinobacteria.c__Actinobacteria.o__Actinomycetales.f__Streptomycetaceae.g__Streptomyces.s__
2024-12-02 10:55:04.9647 DEBUG::`geom_smooth()` using formula = 'y ~ x'
2024-12-02 10:55:04.965204 INFO::Creating scatter plot for continuous data, Day_Num vs k__Bacteria.p__Firmicutes.c__Clostridia.o__Clostridiales.f__.g__.s__
2024-12-02 10:55:05.058624 DEBUG::`geom_smooth()` using formula = 'y ~ x'
2024-12-02 10:55:05.059118 INFO::Creating scatter plot for continuous data, Day_Num vs k__Bacteria.p__Firmicutes.c__Clostridia.o__Clostridiales.f__Lachnospiraceae.g__.s__
2024-12-02 10:55:05.12923 DEBUG::`geom_smooth()` using formula = 'y ~ x'
2024-12-02 10:55:05.129651 INFO::Creating scatter plot for continuous data, Day_Num vs k__Bacteria.p__Firmicutes.c__Clostridia.o__Clostridiales.f__Clostridiaceae.g__SMB53.s__
2024-12-02 10:55:05.196754 DEBUG::`geom_smooth()` using formula = 'y ~ x'
2024-12-02 10:55:05.197111 INFO::Creating scatter plot for continuous data, Day_Num vs k__Bacteria.p__Firmicutes.c__Clostridia.o__Clostridiales.f__Eubacteriaceae.g__Pseudoramibacter_Eubacterium.s__
2024-12-02 10:55:05.300212 DEBUG::`geom_smooth()` using formula = 'y ~ x'
2024-12-02 10:55:05.300595 INFO::Creating scatter plot for continuous data, Day_Num vs k__Bacteria.p__Firmicutes.c__Clostridia.o__Clostridiales.f__Peptococcaceae.g__rc4.4.s__
2024-12-02 10:55:05.359673 DEBUG::`geom_smooth()` using formula = 'y ~ x'
2024-12-02 10:55:05.360003 INFO::Creating scatter plot for continuous data, Day_Num vs k__Bacteria.p__Firmicutes.c__Clostridia.o__Clostridiales.f__Dehalobacteriaceae.g__Dehalobacterium.s__
2024-12-02 10:55:05.417361 DEBUG::`geom_smooth()` using formula = 'y ~ x'
2024-12-02 10:55:05.417715 INFO::Creating scatter plot for continuous data, Day_Num vs k__Bacteria.p__Firmicutes.c__Bacilli.o__Bacillales.f__Paenibacillaceae.__.__
2024-12-02 10:55:05.479523 DEBUG::`geom_smooth()` using formula = 'y ~ x'
2024-12-02 10:55:05.479879 INFO::Creating scatter plot for continuous data, Day_Num vs k__Bacteria.p__Firmicutes.c__Clostridia.o__Clostridiales.f__Lachnospiraceae.g__Epulopiscium.s__
2024-12-02 10:55:05.536554 DEBUG::`geom_smooth()` using formula = 'y ~ x'
2024-12-02 10:55:05.536937 INFO::Creating scatter plot for continuous data, Day_Num vs k__Bacteria.p__Firmicutes.c__Clostridia.o__Clostridiales.f__Lachnospiraceae.g__Blautia.s__
2024-12-02 10:55:05.608871 DEBUG::`geom_smooth()` using formula = 'y ~ x'
2024-12-02 10:55:05.609204 INFO::Creating scatter plot for continuous data, Day_Num vs k__Bacteria.p__Tenericutes.c__Mollicutes.o__RF39.f__.g__.s__
2024-12-02 10:55:05.670858 DEBUG::`geom_smooth()` using formula = 'y ~ x'
2024-12-02 10:55:05.671197 INFO::Creating scatter plot for continuous data, Day_Num vs k__Bacteria.p__Firmicutes.c__Clostridia.o__Clostridiales.f__Clostridiaceae.g__.s__
2024-12-02 10:55:05.733666 DEBUG::`geom_smooth()` using formula = 'y ~ x'
2024-12-02 10:55:05.734079 INFO::Creating scatter plot for continuous data, Day_Num vs k__Bacteria.p__Firmicutes.c__Clostridia.o__Clostridiales.__.__.__
2024-12-02 10:55:05.800043 DEBUG::`geom_smooth()` using formula = 'y ~ x'
2024-12-02 10:55:05.800405 INFO::Creating scatter plot for continuous data, Day_Num vs k__Bacteria.p__Proteobacteria.c__Alphaproteobacteria.o__Rhodobacterales.f__Rhodobacteraceae.g__.s__
2024-12-02 10:55:05.891633 DEBUG::`geom_smooth()` using formula = 'y ~ x'
2024-12-02 10:55:05.892126 INFO::Creating scatter plot for continuous data, Day_Num vs k__Bacteria.p__Firmicutes.c__Clostridia.o__Clostridiales.f__Lachnospiraceae.g__Lachnospira.s__
2024-12-02 10:55:05.950392 DEBUG::`geom_smooth()` using formula = 'y ~ x'
