2024-12-02 10:39:45.372054 INFO::Writing function arguments to log file
2024-12-02 10:39:45.38393 DEBUG::Function arguments
2024-12-02 10:39:45.384492 DEBUG::Output folder: PL_Long_species
2024-12-02 10:39:45.384886 DEBUG::Min Abundance: 0.000000
2024-12-02 10:39:45.385201 DEBUG::Min Prevalence: 0.100000
2024-12-02 10:39:45.385501 DEBUG::Normalization: TSS
2024-12-02 10:39:45.385843 DEBUG::Transform: LOG
2024-12-02 10:39:45.386195 DEBUG::Analysis method: LM
2024-12-02 10:39:45.386578 DEBUG::Max significance: 0.250000
2024-12-02 10:39:45.386853 DEBUG::Random effects: Mouse_ID
2024-12-02 10:39:45.387101 DEBUG::Fixed effects: Day_Num
2024-12-02 10:39:45.387333 DEBUG::Correction method: BH
2024-12-02 10:39:45.387639 DEBUG::Standardize: TRUE
2024-12-02 10:39:45.387904 DEBUG::Cores: 1
2024-12-02 10:39:45.388133 INFO::Verifying options selected are valid
2024-12-02 10:39:45.389076 INFO::Determining format of input files
2024-12-02 10:39:45.389883 INFO::Input format is data samples as rows and metadata samples as rows
2024-12-02 10:39:45.393769 DEBUG::The following samples were found to have features but no metadata. They will be removed. HEB24001,HEB24002,HEB24003,HEB24004,HEB24005,HEB24006,HEB24009,HEB24011,HEB24012,HEB24013,HEB24014,HEB24015,HEB24016,HEB24018,HEB24019,HEB24020,HEB24021,HEB24022,HEB24023,HEB24024,HEB24025,HEB24026,HEB24027,HEB24028,HEB24029,HEB24030,HEB24031,HEB24032,HEB24033,HEB24034,HEB24035,HEB24036,HEB24037,HEB24038,HEB24039,HEB24041,HEB24043,HEB24044,HEB24045,HEB24046,HEB24047,HEB24048,HEB24049,HEB24050,HEB24051,HEB24052,HEB24053,HEB24054,HEB24055,HEB24056,HEB24057,HEB24059,HEB24060,HEB24061,HEB24062,HEB24063,HEB24064,HEB24066,HEB24068,HEB24069,HEB24070,HEB24071,HEB24072,HEB24073,HEB24074,HEB24075,HEB24076,HEB24077,HEB24078,HEB24079,HEB24080,HEB24081,HEB24082,HEB24083,HEB24084,HEB24085,HEB24086,HEB24087,HEB24089,HEB24091,HEB24092,HEB24093,HEB24094,HEB24095,HEB24096,HEB24101,HEB24102,HEB24103,HEB24104,HEB24105,HEB24106,HEB24107,HEB24108,HEB24109,HEB24110,HEB24112,HEB24113,HEB24114,HEB24115,HEB24116,HEB24117,HEB24118,HEB24119,HEB24121,HEB24122,HEB24124,HEB24125,HEB24126,HEB24127,HEB24128,HEB24129,HEB24130,HEB24131,HEB24132,HEB24133,HEB24134,HEB24135,HEB24136,HEB24137,HEB24138,HEB24145,HEB24146,HEB24147,HEB24148,HEB24149,HEB24150,HEB24151,HEB24152,HEB24153,HEB24154,HEB24155,HEB24156,HEB24157,HEB24158,HEB24159,HEB24160,HEB24161,HEB24162,HEB24163,HEB24164,HEB24165,HEB24166,HEB24167,HEB24168,HEB24169,HEB24170,HEB24171,HEB24172,HEB24173,HEB24174,HEB24181,HEB24182,HEB24183,HEB24184,HEB24185,HEB24186,HEB24187,HEB24188,HEB24189,HEB24190,HEB24191,HEB24192,HEB24193,HEB24194,HEB24195,HEB24196,HEB24197,HEB24198
2024-12-02 10:39:45.394223 DEBUG::A total of 30 samples were found in both the data and metadata
2024-12-02 10:39:45.394515 DEBUG::Reordering data/metadata to use same sample ordering
2024-12-02 10:39:45.396869 INFO::Formula for random effects: expr ~ (1 | Mouse_ID)
2024-12-02 10:39:45.397983 INFO::Formula for fixed effects: expr ~  Day_Num
2024-12-02 10:39:45.399134 INFO::Filter data based on min abundance and min prevalence
2024-12-02 10:39:45.399897 INFO::Total samples in data: 30
2024-12-02 10:39:45.400575 INFO::Min samples required with min abundance for a feature not to be filtered: 3.000000
2024-12-02 10:39:45.403722 INFO::Total filtered features: 90
2024-12-02 10:39:45.404452 INFO::Filtered feature names from abundance and prevalence filtering: k__Bacteria.p__Firmicutes.c__Bacilli.o__Bacillales.f__Bacillaceae.g__Bacillus.__, k__Archaea.p__Euryarchaeota.c__Halobacteria.o__Halobacteriales.f__Halobacteriaceae.__.__, k__Bacteria.p__Actinobacteria.c__Actinobacteria.o__Actinomycetales.f__Micrococcaceae.__.__, k__Bacteria.p__Actinobacteria.c__Actinobacteria.o__Actinomycetales.f__Nocardiaceae.g__Rhodococcus.s__, k__Bacteria.p__Firmicutes.c__Clostridia.o__Clostridiales.f__Veillonellaceae.g__Megasphaera.s__, k__Bacteria.p__Firmicutes.c__Bacilli.o__Bacillales.f__Planococcaceae.g__.s__, k__Bacteria.p__Firmicutes.c__Bacilli.o__Lactobacillales.f__Aerococcaceae.g__.s__, k__Bacteria.p__Proteobacteria.c__Alphaproteobacteria.o__Rhizobiales.f__Methylobacteriaceae.g__Methylobacterium.s__, k__Bacteria.p__Proteobacteria.c__Betaproteobacteria.o__Burkholderiales.f__Comamonadaceae.__.__, k__Bacteria.p__Proteobacteria.c__Alphaproteobacteria.o__Rhizobiales.f__Rhizobiaceae.g__.s__, k__Bacteria.p__Firmicutes.c__Clostridia.o__Clostridiales.f__Clostridiaceae.g__Clostridium.s__thermopalmarium, k__Bacteria.p__Proteobacteria.c__Gammaproteobacteria.o__Enterobacteriales.f__Enterobacteriaceae.g__Escherichia.s__coli, k__Bacteria.p__Firmicutes.c__Clostridia.o__Clostridiales.f__Clostridiaceae.g__Clostridium.s__butyricum, k__Bacteria.p__Firmicutes.c__Bacilli.o__Lactobacillales.__.__.__, k__Bacteria.p__Firmicutes.c__Clostridia.o__Clostridiales.f__.Tissierellaceae..g__Sporanaerobacter.s__, k__Bacteria.p__Proteobacteria.c__Alphaproteobacteria.o__Rhizobiales.f__Hyphomicrobiaceae.g__.s__, k__Bacteria.p__Firmicutes.c__Bacilli.o__Bacillales.f__.Thermicanaceae..g__Bacillus.s__schlegelii, k__Bacteria.p__Actinobacteria.c__Actinobacteria.o__Actinomycetales.f__Micrococcaceae.g__Sinomonas.s__, k__Bacteria.p__Firmicutes.c__Bacilli.o__Lactobacillales.f__Aerococcaceae.g__Aerococcus.s__, k__Bacteria.p__Firmicutes.c__Clostridia.o__Clostridiales.f__Clostridiaceae.g__Clostridium.__, k__Bacteria.p__Actinobacteria.c__Actinobacteria.o__Bifidobacteriales.f__Bifidobacteriaceae.g__Bifidobacterium.__, k__Bacteria.p__Proteobacteria.c__Alphaproteobacteria.o__Rickettsiales.f__mitochondria.g__Plantago.s__sericea, k__Bacteria.p__Proteobacteria.c__Alphaproteobacteria.o__Caulobacterales.f__Caulobacteraceae.g__.s__, k__Bacteria.p__Firmicutes.c__Clostridia.o__Clostridiales.f__.Tissierellaceae..g__Gallicola.s__, k__Bacteria.p__Firmicutes.c__Clostridia.o__Clostridiales.f__Clostridiaceae.__.__, k__Bacteria.p__Firmicutes.c__Bacilli.o__Lactobacillales.f__Lactobacillaceae.g__Lactobacillus.s__zeae, k__Bacteria.p__Actinobacteria.c__Actinobacteria.o__Actinomycetales.f__Streptomycetaceae.g__.s__, k__Bacteria.p__Firmicutes.c__Clostridia.o__Clostridiales.f__.Tissierellaceae..g__Anaerococcus.s__, k__Bacteria.p__Proteobacteria.c__Alphaproteobacteria.o__.f__.g__.s__, k__Bacteria.p__Firmicutes.c__Clostridia.o__.f__.g__.s__, k__Bacteria.p__Proteobacteria.c__Gammaproteobacteria.o__Pseudomonadales.f__Pseudomonadaceae.g__Pseudomonas.s__, k__Bacteria.p__Firmicutes.c__Clostridia.o__Clostridiales.f__Clostridiaceae.g__Caloramator.s__, k__Bacteria.p__Firmicutes.c__Clostridia.o__Natranaerobiales.f__Anaerobrancaceae.g__A55_D21.s__, k__Bacteria.p__Proteobacteria.c__Alphaproteobacteria.o__Rhodobacterales.f__Rhodobacteraceae.__.__, k__Bacteria.p__Firmicutes.c__Bacilli.o__Bacillales.f__Paenibacillaceae.g__Paenibacillus.s__, k__Bacteria.p__Proteobacteria.c__Alphaproteobacteria.o__Rhizobiales.f__Rhizobiaceae.g__Agrobacterium.s__, k__Bacteria.p__Proteobacteria.c__Alphaproteobacteria.o__Rhodobacterales.f__Rhodobacteraceae.g__.s__, k__Bacteria.p__Actinobacteria.c__Actinobacteria.o__Actinomycetales.f__Micromonosporaceae.g__.s__, k__Archaea.p__Euryarchaeota.c__Halobacteria.o__Halobacteriales.f__Halobacteriaceae.g__Halobacteriaceae.s__XD46, k__Bacteria.p__Proteobacteria.c__Alphaproteobacteria.o__Rickettsiales.f__mitochondria.__.__, k__Bacteria.p__Proteobacteria.c__Gammaproteobacteria.o__Alteromonadales.f__OM60.g__.s__, k__Archaea.p__Euryarchaeota.c__Halobacteria.o__Halobacteriales.f__Halobacteriaceae.g__Halorubrum.s__, k__Bacteria.p__Proteobacteria.c__Gammaproteobacteria.o__Cardiobacteriales.f__.g__.s__, k__Bacteria.p__Proteobacteria.c__Alphaproteobacteria.o__Rhodobacterales.f__Rhodobacteraceae.g__Rhodobaca.s__, k__Bacteria.p__Proteobacteria.c__Alphaproteobacteria.o__Rhodobacterales.f__Rhodobacteraceae.g__Paracoccus.s__marcusii, k__Bacteria.p__Proteobacteria.c__Betaproteobacteria.o__Burkholderiales.f__Comamonadaceae.g__Brachymonas.s__denitrificans, k__Bacteria.p__Firmicutes.c__Bacilli.o__Bacillales.f__Paenibacillaceae.g__.s__, k__Bacteria.p__Proteobacteria.c__Alphaproteobacteria.o__Rhizobiales.__.__.__, k__Bacteria.p__Actinobacteria.c__Actinobacteria.o__Actinomycetales.f__Mycobacteriaceae.g__Mycobacterium.s__, k__Bacteria.p__Firmicutes.c__Clostridia.o__Clostridiales.f__.Tissierellaceae..g__ecb11.s__, k__Bacteria.p__Actinobacteria.c__Actinobacteria.o__Actinomycetales.f__Microbacteriaceae.g__Microbacterium.s__, k__Bacteria.p__Proteobacteria.c__Betaproteobacteria.o__Burkholderiales.f__Comamonadaceae.g__.s__, k__Bacteria.p__Actinobacteria.c__Actinobacteria.o__Actinomycetales.f__Nocardioidaceae.g__.s__, k__Bacteria.p__Proteobacteria.c__Alphaproteobacteria.o__Sphingomonadales.f__Sphingomonadaceae.g__Kaistobacter.s__, k__Archaea.p__Euryarchaeota.c__Halobacteria.o__Halobacteriales.f__Halobacteriaceae.g__Haloarcula.s__, k__Bacteria.p__Actinobacteria.c__Actinobacteria.o__Actinomycetales.f__Pseudonocardiaceae.g__Saccharomonospora.s__, k__Bacteria.p__Firmicutes.c__Clostridia.o__Clostridiales.f__.Tissierellaceae..__.__, k__Bacteria.p__Chloroflexi.c__Thermomicrobia.o__JG30.KF.CM45.f__.g__.s__, k__Bacteria.p__Proteobacteria.c__Betaproteobacteria.o__Burkholderiales.f__Comamonadaceae.g__Comamonas.s__, k__Bacteria.p__Proteobacteria.c__Epsilonproteobacteria.o__Campylobacterales.f__Campylobacteraceae.g__Campylobacter.s__, k__Bacteria.p__Proteobacteria.c__Alphaproteobacteria.o__Rickettsiales.f__mitochondria.g__Abies.s__homolepis, k__Bacteria.p__Proteobacteria.c__Betaproteobacteria.o__Burkholderiales.f__Oxalobacteraceae.g__.s__, k__Bacteria.p__Bacteroidetes.c__Flavobacteriia.o__Flavobacteriales.f__Cryomorphaceae.g__.s__, k__Bacteria.p__Proteobacteria.c__Betaproteobacteria.o__MKC10.f__.g__.s__, k__Bacteria.p__Actinobacteria.c__Actinobacteria.o__Actinomycetales.f__Actinomycetaceae.g__Arcanobacterium.s__, k__Bacteria.p__Proteobacteria.c__Alphaproteobacteria.o__Rhodospirillales.f__Rhodospirillaceae.g__Azospirillum.s__, k__Bacteria.p__Actinobacteria.c__Actinobacteria.o__Actinomycetales.f__Actinomycetaceae.g__Actinomyces.s__, k__Bacteria.p__Bacteroidetes.c__Flavobacteriia.o__Flavobacteriales.f__Flavobacteriaceae.g__.s__, k__Bacteria.p__Proteobacteria.c__Epsilonproteobacteria.o__Campylobacterales.f__Helicobacteraceae.g__Sulfurimonas.s__, k__Bacteria.p__Bacteroidetes.c__Bacteroidia.o__Bacteroidales.f__Prevotellaceae.g__.s__, k__Bacteria.p__Bacteroidetes.c__Bacteroidia.o__Bacteroidales.f__.Paraprevotellaceae..g__.Prevotella..s__, k__Bacteria.p__Firmicutes.c__Bacilli.o__Lactobacillales.f__Lactobacillaceae.g__Lactobacillus.__, k__Bacteria.p__Proteobacteria.c__Gammaproteobacteria.o__Enterobacteriales.f__Enterobacteriaceae.g__Klebsiella.s__, k__Bacteria.p__Spirochaetes.c__Spirochaetes.o__Spirochaetales.f__Spirochaetaceae.g__Treponema.s__, k__Bacteria.p__Firmicutes.c__Clostridia.o__Clostridiales.f__.Tissierellaceae..g__.s__, k__Bacteria.p__Actinobacteria.c__Thermoleophilia.__.__.__.__, k__Bacteria.p__Proteobacteria.c__Alphaproteobacteria.o__Rhizobiales.f__Bradyrhizobiaceae.g__Bradyrhizobium.s__, k__Bacteria.p__.Thermi..c__Deinococci.o__Thermales.f__Thermaceae.g__Thermus.s__, k__Bacteria.p__Verrucomicrobia.__.__.__.__.__, k__Bacteria.p__Proteobacteria.c__Alphaproteobacteria.o__Rhodospirillales.f__Rhodospirillaceae.g__Azospirillum.s__amazonense, k__Bacteria.p__Proteobacteria.c__Alphaproteobacteria.o__Sphingomonadales.f__Erythrobacteraceae.g__Erythrobacter.s__, k__Bacteria.p__Proteobacteria.c__Alphaproteobacteria.o__Sphingomonadales.f__Sphingomonadaceae.g__Sphingomonas.s__, k__Bacteria.p__Firmicutes.c__Bacilli.o__Bacillales.f__Bacillaceae.__.__, k__Bacteria.p__Spirochaetes.c__Spirochaetes.o__Spirochaetales.f__Spirochaetaceae.__.__, k__Bacteria.p__Firmicutes.c__Bacilli.o__Bacillales.f__.g__.s__, k__Bacteria.p__Firmicutes.c__Clostridia.o__Clostridiales.f__Veillonellaceae.g__.s__, k__Bacteria.p__Firmicutes.c__Clostridia.o__Clostridiales.f__Veillonellaceae.__.__, k__Bacteria.p__Proteobacteria.c__Deltaproteobacteria.o__Myxococcales.f__Myxococcaceae.g__Myxococcus.s__, k__Bacteria.p__Proteobacteria.c__Alphaproteobacteria.o__Rhodospirillales.f__Rhodospirillaceae.__.__, k__Bacteria.p__Actinobacteria.__.__.__.__.__
2024-12-02 10:39:45.407852 INFO::Total filtered features with variance filtering: 0
2024-12-02 10:39:45.408794 INFO::Filtered feature names from variance filtering:
2024-12-02 10:39:45.409515 INFO::Running selected normalization method: TSS
2024-12-02 10:39:45.416444 INFO::Applying z-score to standardize continuous metadata
2024-12-02 10:39:45.423212 INFO::Running selected transform method: LOG
2024-12-02 10:39:45.42569 INFO::Running selected analysis method: LM
2024-12-02 10:39:45.427227 INFO::Fitting model to feature number 1, k__Bacteria.p__Bacteroidetes.c__Bacteroidia.o__Bacteroidales.f__S24.7.g__.s__
2024-12-02 10:39:45.462228 INFO::Fitting model to feature number 2, k__Bacteria.p__Firmicutes.c__Bacilli.o__Lactobacillales.f__Lactobacillaceae.g__.s__
2024-12-02 10:39:45.498829 INFO::Fitting model to feature number 3, k__Bacteria.p__Firmicutes.c__Bacilli.o__Bacillales.f__.Exiguobacteraceae..g__.s__
2024-12-02 10:39:45.521786 INFO::Fitting model to feature number 4, k__Bacteria.p__Firmicutes.c__Bacilli.o__Lactobacillales.f__Streptococcaceae.g__Streptococcus.s__
2024-12-02 10:39:45.552984 INFO::Fitting model to feature number 5, k__Bacteria.p__Firmicutes.c__Bacilli.o__Bacillales.f__Bacillaceae.g__Bacillus.s__cereus
2024-12-02 10:39:45.576264 INFO::Fitting model to feature number 6, k__Bacteria.p__Firmicutes.c__Bacilli.o__Lactobacillales.f__Lactobacillaceae.g__Lactobacillus.s__
2024-12-02 10:39:45.599781 INFO::Fitting model to feature number 7, k__Bacteria.p__Firmicutes.c__Bacilli.o__Turicibacterales.f__Turicibacteraceae.g__Turicibacter.s__
2024-12-02 10:39:45.623255 INFO::Fitting model to feature number 8, k__Bacteria.p__Verrucomicrobia.c__Verrucomicrobiae.o__Verrucomicrobiales.f__Verrucomicrobiaceae.g__Akkermansia.s__muciniphila
2024-12-02 10:39:45.657588 INFO::Fitting model to feature number 9, k__Bacteria.__.__.__.__.__.__
2024-12-02 10:39:45.679654 INFO::Fitting model to feature number 10, k__Bacteria.p__Firmicutes.c__Clostridia.o__Clostridiales.f__Clostridiaceae.g__.s__
2024-12-02 10:39:45.724235 INFO::Fitting model to feature number 11, k__Bacteria.p__Firmicutes.c__Bacilli.o__Lactobacillales.f__Lactobacillaceae.g__Lactobacillus.s__helveticus
2024-12-02 10:39:45.815846 INFO::Fitting model to feature number 12, k__Bacteria.p__Firmicutes.c__Clostridia.o__Clostridiales.__.__.__
2024-12-02 10:39:45.834587 INFO::Fitting model to feature number 13, k__Bacteria.p__Firmicutes.c__Bacilli.o__Lactobacillales.f__Leuconostocaceae.g__.s__
2024-12-02 10:39:45.851741 INFO::Fitting model to feature number 14, k__Bacteria.p__Firmicutes.c__Clostridia.o__Clostridiales.f__.g__.s__
2024-12-02 10:39:45.868404 INFO::Fitting model to feature number 15, k__Bacteria.p__Proteobacteria.c__Gammaproteobacteria.o__Enterobacteriales.f__Enterobacteriaceae.g__.s__
2024-12-02 10:39:45.88558 INFO::Fitting model to feature number 16, k__Bacteria.p__Cyanobacteria.c__Chloroplast.o__Streptophyta.f__.g__.s__
2024-12-02 10:39:45.90263 INFO::Fitting model to feature number 17, k__Bacteria.p__Proteobacteria.c__Alphaproteobacteria.o__Rickettsiales.f__mitochondria.g__Lardizabala.s__biternata
2024-12-02 10:39:45.929197 INFO::Fitting model to feature number 18, k__Bacteria.p__Bacteroidetes.c__Bacteroidia.o__Bacteroidales.f__Bacteroidaceae.g__Bacteroides.s__
2024-12-02 10:39:45.949211 INFO::Fitting model to feature number 19, k__Bacteria.p__Firmicutes.c__Bacilli.o__Lactobacillales.f__Streptococcaceae.g__Lactococcus.s__
2024-12-02 10:39:45.967902 INFO::Fitting model to feature number 20, k__Bacteria.p__Firmicutes.c__Erysipelotrichi.o__Erysipelotrichales.f__Erysipelotrichaceae.__.__
2024-12-02 10:39:45.983074 INFO::Fitting model to feature number 21, k__Bacteria.p__Firmicutes.c__Clostridia.o__Clostridiales.f__Ruminococcaceae.__.__
2024-12-02 10:39:45.998601 INFO::Fitting model to feature number 22, k__Bacteria.p__Firmicutes.c__Clostridia.o__Clostridiales.f__Lachnospiraceae.g__Epulopiscium.s__
2024-12-02 10:39:46.013754 INFO::Fitting model to feature number 23, k__Bacteria.p__Firmicutes.c__Clostridia.o__Clostridiales.f__Ruminococcaceae.g__Ruminococcus.s__
2024-12-02 10:39:46.029344 INFO::Fitting model to feature number 24, k__Bacteria.p__Bacteroidetes.c__Bacteroidia.o__Bacteroidales.f__Porphyromonadaceae.g__Parabacteroides.s__gordonii
2024-12-02 10:39:46.045921 INFO::Fitting model to feature number 25, k__Bacteria.p__Firmicutes.c__Clostridia.o__Clostridiales.f__Lachnospiraceae.g__.s__
2024-12-02 10:39:46.064237 INFO::Fitting model to feature number 26, k__Bacteria.p__Firmicutes.c__Clostridia.o__Clostridiales.f__Lachnospiraceae.g__Lachnospira.s__
2024-12-02 10:39:46.080511 INFO::Fitting model to feature number 27, k__Bacteria.p__Firmicutes.c__Clostridia.o__Clostridiales.f__Clostridiaceae.g__SMB53.s__
2024-12-02 10:39:46.096093 INFO::Fitting model to feature number 28, k__Bacteria.p__Firmicutes.c__Clostridia.o__Clostridiales.f__Ruminococcaceae.g__Faecalibacterium.s__prausnitzii
2024-12-02 10:39:46.111547 INFO::Fitting model to feature number 29, k__Bacteria.p__Firmicutes.c__Clostridia.o__Clostridiales.f__Lachnospiraceae.__.__
2024-12-02 10:39:46.127227 INFO::Fitting model to feature number 30, k__Bacteria.p__Firmicutes.c__Clostridia.o__Clostridiales.f__Lachnospiraceae.g__Blautia.s__
2024-12-02 10:39:46.157644 INFO::Fitting model to feature number 31, k__Bacteria.p__Bacteroidetes.c__Bacteroidia.o__Bacteroidales.f__Bacteroidaceae.g__Bacteroides.__
2024-12-02 10:39:46.173916 INFO::Fitting model to feature number 32, k__Bacteria.p__Bacteroidetes.c__Bacteroidia.o__Bacteroidales.__.__.__
2024-12-02 10:39:46.19286 INFO::Fitting model to feature number 33, k__Bacteria.p__Firmicutes.c__Clostridia.__.__.__.__
2024-12-02 10:39:46.209569 INFO::Fitting model to feature number 34, k__Bacteria.p__Firmicutes.c__Clostridia.o__Clostridiales.f__Ruminococcaceae.g__Oscillospira.s__
2024-12-02 10:39:46.226105 INFO::Fitting model to feature number 35, k__Bacteria.p__Firmicutes.c__Clostridia.o__Clostridiales.f__Eubacteriaceae.g__Pseudoramibacter_Eubacterium.s__
2024-12-02 10:39:46.242472 INFO::Fitting model to feature number 36, k__Bacteria.p__Firmicutes.c__Clostridia.o__Clostridiales.f__Peptococcaceae.g__rc4.4.s__
2024-12-02 10:39:46.25796 INFO::Fitting model to feature number 37, k__Bacteria.p__Proteobacteria.c__Gammaproteobacteria.o__Pseudomonadales.f__Moraxellaceae.g__Acinetobacter.s__
2024-12-02 10:39:46.274528 INFO::Fitting model to feature number 38, k__Bacteria.p__Firmicutes.c__Erysipelotrichi.o__Erysipelotrichales.f__Erysipelotrichaceae.g__Allobaculum.s__
2024-12-02 10:39:46.290159 INFO::Fitting model to feature number 39, k__Bacteria.p__Actinobacteria.c__Actinobacteria.o__Actinomycetales.f__.g__.s__
2024-12-02 10:39:46.305626 INFO::Fitting model to feature number 40, k__Bacteria.p__Tenericutes.c__Mollicutes.o__RF39.f__.g__.s__
2024-12-02 10:39:46.321368 INFO::Fitting model to feature number 41, k__Bacteria.p__Firmicutes.c__Erysipelotrichi.o__Erysipelotrichales.f__Erysipelotrichaceae.g__Catenibacterium.s__
2024-12-02 10:39:46.336716 INFO::Fitting model to feature number 42, k__Bacteria.p__Firmicutes.c__Clostridia.o__Clostridiales.f__Ruminococcaceae.g__.s__
2024-12-02 10:39:46.352206 INFO::Fitting model to feature number 43, k__Bacteria.p__Firmicutes.c__Bacilli.o__Bacillales.f__Bacillaceae.g__Bacillus.s__
2024-12-02 10:39:46.36761 INFO::Fitting model to feature number 44, k__Bacteria.p__Actinobacteria.c__Actinobacteria.o__Bifidobacteriales.f__Bifidobacteriaceae.g__Bifidobacterium.s__longum
2024-12-02 10:39:46.383586 INFO::Fitting model to feature number 45, k__Bacteria.p__Bacteroidetes.c__Bacteroidia.o__Bacteroidales.f__Bacteroidaceae.g__Bacteroides.s__uniformis
2024-12-02 10:39:46.398835 INFO::Fitting model to feature number 46, k__Bacteria.p__Firmicutes.c__Clostridia.o__Clostridiales.f__Peptostreptococcaceae.g__.s__
2024-12-02 10:39:46.414715 INFO::Fitting model to feature number 47, k__Bacteria.p__Proteobacteria.c__Alphaproteobacteria.o__RF32.f__.g__.s__
2024-12-02 10:39:46.430208 INFO::Fitting model to feature number 48, k__Bacteria.p__Firmicutes.c__Clostridia.o__Clostridiales.f__Clostridiaceae.g__Candidatus.Arthromitus.s__
2024-12-02 10:39:46.446097 INFO::Fitting model to feature number 49, k__Bacteria.p__Firmicutes.__.__.__.__.__
2024-12-02 10:39:46.476137 INFO::Fitting model to feature number 50, k__Bacteria.p__Proteobacteria.c__Betaproteobacteria.o__Burkholderiales.f__Alcaligenaceae.g__Sutterella.s__
2024-12-02 10:39:46.493947 INFO::Fitting model to feature number 51, k__Bacteria.p__Deferribacteres.c__Deferribacteres.o__Deferribacterales.f__Deferribacteraceae.g__Mucispirillum.s__
2024-12-02 10:39:46.511235 INFO::Fitting model to feature number 52, k__Bacteria.p__Bacteroidetes.c__Bacteroidia.o__Bacteroidales.f__Prevotellaceae.g__Prevotella.s__
2024-12-02 10:39:46.526837 INFO::Fitting model to feature number 53, k__Bacteria.p__Actinobacteria.c__Actinobacteria.o__Actinomycetales.f__Streptomycetaceae.g__Streptomyces.s__
2024-12-02 10:39:46.542876 INFO::Fitting model to feature number 54, k__Bacteria.p__Actinobacteria.c__Actinobacteria.o__Actinomycetales.f__Brevibacteriaceae.g__Brevibacterium.s__casei
2024-12-02 10:39:46.558559 INFO::Fitting model to feature number 55, k__Bacteria.p__Firmicutes.c__Clostridia.o__Clostridiales.f__Ruminococcaceae.g__Ruminococcus.__
2024-12-02 10:39:46.57382 INFO::Fitting model to feature number 56, k__Bacteria.p__Actinobacteria.c__Actinobacteria.o__Actinomycetales.f__Corynebacteriaceae.g__Corynebacterium.s__
2024-12-02 10:39:46.589337 INFO::Fitting model to feature number 57, k__Bacteria.p__Proteobacteria.c__Gammaproteobacteria.o__Enterobacteriales.f__Enterobacteriaceae.g__Plesiomonas.s__shigelloides
2024-12-02 10:39:46.605003 INFO::Fitting model to feature number 58, Unassigned.__.__.__.__.__.__
2024-12-02 10:39:46.620833 INFO::Fitting model to feature number 59, k__Bacteria.p__Actinobacteria.c__Actinobacteria.o__Actinomycetales.f__Intrasporangiaceae.g__.s__
2024-12-02 10:39:46.638031 INFO::Fitting model to feature number 60, k__Bacteria.p__Actinobacteria.c__Actinobacteria.o__Actinomycetales.f__Dermabacteraceae.g__Brachybacterium.s__
2024-12-02 10:39:46.65891 INFO::Fitting model to feature number 61, k__Bacteria.p__Firmicutes.c__Bacilli.o__Bacillales.__.__.__
2024-12-02 10:39:46.674159 INFO::Fitting model to feature number 62, k__Bacteria.p__Proteobacteria.c__Gammaproteobacteria.o__Xanthomonadales.f__Xanthomonadaceae.g__Stenotrophomonas.s__maltophilia
2024-12-02 10:39:46.692742 INFO::Fitting model to feature number 63, k__Bacteria.p__Firmicutes.c__Clostridia.o__Clostridiales.f__Dehalobacteriaceae.g__Dehalobacterium.s__
2024-12-02 10:39:46.708351 INFO::Fitting model to feature number 64, k__Bacteria.p__Firmicutes.c__Clostridia.o__Clostridiales.f__.Mogibacteriaceae..g__.s__
2024-12-02 10:39:46.724191 INFO::Fitting model to feature number 65, k__Bacteria.p__Firmicutes.c__Bacilli.o__Bacillales.f__Staphylococcaceae.g__Jeotgalicoccus.s__
2024-12-02 10:39:46.739411 INFO::Fitting model to feature number 66, k__Bacteria.p__Firmicutes.c__Erysipelotrichi.o__Erysipelotrichales.f__Erysipelotrichaceae.g__.s__
2024-12-02 10:39:46.755023 INFO::Fitting model to feature number 67, k__Bacteria.p__Bacteroidetes.__.__.__.__.__
2024-12-02 10:39:46.770935 INFO::Fitting model to feature number 68, k__Bacteria.p__Firmicutes.c__Clostridia.o__Clostridiales.f__Clostridiaceae.g__Clostridium.s__
2024-12-02 10:39:46.797363 INFO::Fitting model to feature number 69, k__Bacteria.p__Actinobacteria.c__Actinobacteria.__.__.__.__
2024-12-02 10:39:46.815959 INFO::Fitting model to feature number 70, k__Bacteria.p__Bacteroidetes.c__Bacteroidia.o__Bacteroidales.f__Rikenellaceae.g__.s__
2024-12-02 10:39:46.831938 INFO::Fitting model to feature number 71, k__Bacteria.p__Firmicutes.c__Clostridia.o__Clostridiales.f__Veillonellaceae.g__Dialister.s__
2024-12-02 10:39:46.847069 INFO::Fitting model to feature number 72, k__Bacteria.p__Actinobacteria.c__Coriobacteriia.o__Coriobacteriales.f__Coriobacteriaceae.g__.s__
2024-12-02 10:39:46.862825 INFO::Fitting model to feature number 73, k__Bacteria.p__Actinobacteria.c__Actinobacteria.o__Actinomycetales.f__Streptomycetaceae.__.__
2024-12-02 10:39:46.878073 INFO::Fitting model to feature number 74, k__Bacteria.p__Firmicutes.c__Clostridia.o__Clostridiales.f__Lachnospiraceae.g__Coprococcus.s__
2024-12-02 10:39:46.893309 INFO::Fitting model to feature number 75, k__Bacteria.p__Actinobacteria.c__Coriobacteriia.o__Coriobacteriales.f__Coriobacteriaceae.g__Adlercreutzia.s__
2024-12-02 10:39:46.90888 INFO::Fitting model to feature number 76, k__Bacteria.p__Proteobacteria.c__Alphaproteobacteria.o__Rhizobiales.f__Methylobacteriaceae.g__.s__
2024-12-02 10:39:46.924323 INFO::Fitting model to feature number 77, k__Bacteria.p__Firmicutes.c__Clostridia.o__Clostridiales.f__Veillonellaceae.g__Acidaminococcus.s__
2024-12-02 10:39:46.939386 INFO::Fitting model to feature number 78, k__Bacteria.p__Actinobacteria.c__Actinobacteria.o__Actinomycetales.__.__.__
2024-12-02 10:39:46.954839 INFO::Fitting model to feature number 79, k__Bacteria.p__Actinobacteria.c__Actinobacteria.o__Actinomycetales.f__Nocardiopsaceae.g__Prauseria.s__
2024-12-02 10:39:46.970039 INFO::Fitting model to feature number 80, k__Bacteria.p__Proteobacteria.c__Alphaproteobacteria.__.__.__.__
2024-12-02 10:39:46.984972 INFO::Fitting model to feature number 81, k__Bacteria.p__Firmicutes.c__Bacilli.o__Bacillales.f__Paenibacillaceae.__.__
2024-12-02 10:39:47.000048 INFO::Fitting model to feature number 82, k__Bacteria.p__Proteobacteria.c__Alphaproteobacteria.o__Rhizobiales.f__Rhizobiaceae.__.__
2024-12-02 10:39:47.015137 INFO::Fitting model to feature number 83, k__Bacteria.p__Firmicutes.c__Bacilli.__.__.__.__
2024-12-02 10:39:47.030968 INFO::Fitting model to feature number 84, k__Bacteria.p__Proteobacteria.c__Gammaproteobacteria.o__Pasteurellales.f__Pasteurellaceae.g__Gallibacterium.s__
2024-12-02 10:39:47.046008 INFO::Fitting model to feature number 85, k__Bacteria.p__Proteobacteria.c__Gammaproteobacteria.__.__.__.__
2024-12-02 10:39:47.061162 INFO::Fitting model to feature number 86, k__Bacteria.p__Proteobacteria.c__Gammaproteobacteria.o__Pseudomonadales.f__Pseudomonadaceae.g__.s__
2024-12-02 10:39:47.076275 INFO::Fitting model to feature number 87, k__Bacteria.p__Firmicutes.c__Clostridia.o__Clostridiales.f__Peptococcaceae.g__Desulfosporosinus.s__meridiei
2024-12-02 10:39:47.099598 INFO::Fitting model to feature number 88, k__Bacteria.p__Firmicutes.c__Clostridia.o__Clostridiales.f__Veillonellaceae.g__Megamonas.s__
2024-12-02 10:39:47.119199 INFO::Fitting model to feature number 89, k__Bacteria.p__Firmicutes.c__Bacilli.o__Lactobacillales.f__Lactobacillaceae.__.__
2024-12-02 10:39:47.139133 INFO::Counting total values for each feature
2024-12-02 10:39:47.141073 INFO::Writing filtered data to file PL_Long_species/features/filtered_data.tsv
2024-12-02 10:39:47.143145 INFO::Writing filtered, normalized data to file PL_Long_species/features/filtered_data_norm.tsv
2024-12-02 10:39:47.145941 INFO::Writing filtered, normalized, transformed data to file PL_Long_species/features/filtered_data_norm_transformed.tsv
2024-12-02 10:39:47.148951 WARNING::Deleting existing residuals file: PL_Long_species/fits/residuals.rds
2024-12-02 10:39:47.149615 INFO::Writing residuals to file PL_Long_species/fits/residuals.rds
2024-12-02 10:39:47.150793 WARNING::Deleting existing fitted file: PL_Long_species/fits/fitted.rds
2024-12-02 10:39:47.151801 INFO::Writing fitted values to file PL_Long_species/fits/fitted.rds
2024-12-02 10:39:47.154076 WARNING::Deleting existing ranef file: PL_Long_species/fits/ranef.rds
2024-12-02 10:39:47.154677 INFO::Writing extracted random effects to file PL_Long_species/fits/ranef.rds
2024-12-02 10:39:47.155372 INFO::Writing all results to file (ordered by increasing q-values): PL_Long_species/all_results.tsv
2024-12-02 10:39:47.157162 INFO::Writing the significant results (those which are less than or equal to the threshold of 0.250000 ) to file (ordered by increasing q-values): PL_Long_species/significant_results.tsv
2024-12-02 10:39:47.157653 INFO::Writing heatmap of significant results to file: PL_Long_species/heatmap.pdf
2024-12-02 10:39:47.158561 INFO::Writing association plots (one for each significant association) to output folder: PL_Long_species
