2024-12-02 17:26:46.298649 INFO::Writing function arguments to log file
2024-12-02 17:26:46.320356 DEBUG::Function arguments
2024-12-02 17:26:46.322165 DEBUG::Output folder: ABX_Kingdom
2024-12-02 17:26:46.323373 DEBUG::Min Abundance: 0.000000
2024-12-02 17:26:46.324282 DEBUG::Min Prevalence: 0.100000
2024-12-02 17:26:46.326304 DEBUG::Normalization: TSS
2024-12-02 17:26:46.327547 DEBUG::Transform: LOG
2024-12-02 17:26:46.328695 DEBUG::Analysis method: LM
2024-12-02 17:26:46.329927 DEBUG::Max significance: 0.250000
2024-12-02 17:26:46.330811 DEBUG::Random effects: Mouse_ID,Day
2024-12-02 17:26:46.33147 DEBUG::Fixed effects: Antibiotics
2024-12-02 17:26:46.332554 DEBUG::Correction method: BH
2024-12-02 17:26:46.333939 DEBUG::Standardize: TRUE
2024-12-02 17:26:46.334708 DEBUG::Cores: 1
2024-12-02 17:26:46.335372 INFO::Verifying options selected are valid
2024-12-02 17:26:46.339463 INFO::Determining format of input files
2024-12-02 17:26:46.342642 INFO::Input format is data samples as rows and metadata samples as rows
2024-12-02 17:26:46.345317 DEBUG::The following samples were found to have features but no metadata. They will be removed. HEB24001,HEB24002,HEB24003,HEB24004,HEB24005,HEB24006,HEB24007,HEB24008,HEB24010,HEB24011,HEB24013,HEB24014,HEB24015,HEB24016,HEB24017,HEB24018,HEB24019,HEB24021,HEB24022,HEB24023,HEB24024,HEB24025,HEB24026,HEB24034,HEB24036,HEB24037,HEB24038,HEB24039,HEB24040,HEB24042,HEB24043,HEB24044,HEB24047,HEB24048,HEB24049,HEB24050,HEB24051,HEB24052,HEB24053,HEB24054,HEB24058,HEB24059,HEB24060,HEB24061,HEB24062,HEB24063,HEB24065,HEB24066,HEB24067,HEB24069,HEB24070,HEB24075,HEB24076,HEB24077,HEB24078,HEB24079,HEB24080,HEB24081,HEB24083,HEB24085,HEB24086,HEB24087,HEB24088,HEB24090,HEB24092,HEB24094,HEB24095,HEB24096,HEB24097,HEB24098,HEB24099,HEB24100,HEB24106,HEB24107,HEB24108,HEB24109,HEB24110,HEB24111,HEB24112,HEB24113,HEB24116,HEB24118,HEB24119,HEB24120,HEB24121,HEB24122,HEB24123,HEB24124,HEB24125,HEB24126,HEB24133,HEB24134,HEB24135,HEB24136,HEB24137,HEB24138,HEB24139,HEB24140,HEB24141,HEB24142,HEB24143,HEB24144,HEB24151,HEB24152,HEB24153,HEB24154,HEB24155,HEB24156,HEB24157,HEB24158,HEB24159,HEB24160,HEB24161,HEB24162,HEB24169,HEB24170,HEB24171,HEB24172,HEB24173,HEB24174,HEB24175,HEB24176,HEB24177,HEB24178,HEB24179,HEB24180,HEB24187,HEB24188,HEB24189,HEB24190,HEB24191,HEB24192,HEB24193,HEB24194,HEB24195,HEB24196,HEB24197,HEB24198
2024-12-02 17:26:46.346412 DEBUG::A total of 60 samples were found in both the data and metadata
2024-12-02 17:26:46.35184 DEBUG::Reordering data/metadata to use same sample ordering
2024-12-02 17:26:46.36296 INFO::Formula for random effects: expr ~ (1 | Mouse_ID) + (1 | Day)
2024-12-02 17:26:46.368043 INFO::Formula for fixed effects: expr ~  Antibiotics
2024-12-02 17:26:46.371377 INFO::Filter data based on min abundance and min prevalence
2024-12-02 17:26:46.374181 INFO::Total samples in data: 60
2024-12-02 17:26:46.382409 INFO::Min samples required with min abundance for a feature not to be filtered: 6.000000
2024-12-02 17:26:46.390658 INFO::Total filtered features: 0
2024-12-02 17:26:46.394212 INFO::Filtered feature names from abundance and prevalence filtering:
2024-12-02 17:26:46.398061 INFO::Total filtered features with variance filtering: 0
2024-12-02 17:26:46.398566 INFO::Filtered feature names from variance filtering:
2024-12-02 17:26:46.398948 INFO::Running selected normalization method: TSS
2024-12-02 17:26:46.40044 INFO::Applying z-score to standardize continuous metadata
2024-12-02 17:26:46.406193 INFO::Running selected transform method: LOG
2024-12-02 17:26:46.40722 INFO::Running selected analysis method: LM
2024-12-02 17:26:46.408968 INFO::Fitting model to feature number 1, k__Bacteria
2024-12-02 17:26:46.50056 INFO::Fitting model to feature number 2, Unassigned
2024-12-02 17:26:46.535075 INFO::Fitting model to feature number 3, k__Archaea
2024-12-02 17:26:46.575836 INFO::Counting total values for each feature
2024-12-02 17:26:46.57694 INFO::Writing filtered data to file ABX_Kingdom/features/filtered_data.tsv
2024-12-02 17:26:46.578328 INFO::Writing filtered, normalized data to file ABX_Kingdom/features/filtered_data_norm.tsv
2024-12-02 17:26:46.579214 INFO::Writing filtered, normalized, transformed data to file ABX_Kingdom/features/filtered_data_norm_transformed.tsv
2024-12-02 17:26:46.580346 WARNING::Deleting existing residuals file: ABX_Kingdom/fits/residuals.rds
2024-12-02 17:26:46.581787 INFO::Writing residuals to file ABX_Kingdom/fits/residuals.rds
2024-12-02 17:26:46.582841 WARNING::Deleting existing fitted file: ABX_Kingdom/fits/fitted.rds
2024-12-02 17:26:46.583501 INFO::Writing fitted values to file ABX_Kingdom/fits/fitted.rds
2024-12-02 17:26:46.584077 WARNING::Deleting existing ranef file: ABX_Kingdom/fits/ranef.rds
2024-12-02 17:26:46.584655 INFO::Writing extracted random effects to file ABX_Kingdom/fits/ranef.rds
2024-12-02 17:26:46.585316 INFO::Writing all results to file (ordered by increasing q-values): ABX_Kingdom/all_results.tsv
2024-12-02 17:26:46.586197 INFO::Writing the significant results (those which are less than or equal to the threshold of 0.250000 ) to file (ordered by increasing q-values): ABX_Kingdom/significant_results.tsv
2024-12-02 17:26:46.586764 INFO::Writing heatmap of significant results to file: ABX_Kingdom/heatmap.pdf
2024-12-02 17:26:46.588057 INFO::Writing association plots (one for each significant association) to output folder: ABX_Kingdom
2024-12-02 17:26:46.588964 INFO::Plotting associations from most to least significant, grouped by metadata
2024-12-02 17:26:46.589616 INFO::Plotting data for metadata number 1, Antibiotics
2024-12-02 17:26:46.590705 INFO::Creating boxplot for categorical data, Antibiotics vs Unassigned
2024-12-02 17:26:46.672862 INFO::Creating boxplot for categorical data, Antibiotics vs k__Archaea
2024-12-02 17:26:46.752188 INFO::Creating boxplot for categorical data, Antibiotics vs k__Bacteria
