2024-12-02 10:54:55.891107 INFO::Writing function arguments to log file
2024-12-02 10:54:55.905346 DEBUG::Function arguments
2024-12-02 10:54:55.906036 DEBUG::Output folder: PGH_Long_phylum_no_d8
2024-12-02 10:54:55.90644 DEBUG::Min Abundance: 0.000000
2024-12-02 10:54:55.907578 DEBUG::Min Prevalence: 0.100000
2024-12-02 10:54:55.908575 DEBUG::Normalization: TSS
2024-12-02 10:54:55.909793 DEBUG::Transform: LOG
2024-12-02 10:54:55.911274 DEBUG::Analysis method: LM
2024-12-02 10:54:55.912786 DEBUG::Max significance: 0.250000
2024-12-02 10:54:55.914438 DEBUG::Random effects: Mouse_ID
2024-12-02 10:54:55.917488 DEBUG::Fixed effects: Day_Num
2024-12-02 10:54:55.917751 DEBUG::Correction method: BH
2024-12-02 10:54:55.920188 DEBUG::Standardize: TRUE
2024-12-02 10:54:55.921195 DEBUG::Cores: 1
2024-12-02 10:54:55.921412 INFO::Verifying options selected are valid
2024-12-02 10:54:55.923232 INFO::Determining format of input files
2024-12-02 10:54:55.924671 INFO::Input format is data samples as rows and metadata samples as rows
2024-12-02 10:54:55.92881 DEBUG::The following samples were found to have features but no metadata. They will be removed. HEB24007,HEB24008,HEB24009,HEB24010,HEB24011,HEB24012,HEB24013,HEB24014,HEB24015,HEB24017,HEB24018,HEB24019,HEB24020,HEB24021,HEB24022,HEB24024,HEB24026,HEB24027,HEB24028,HEB24029,HEB24030,HEB24031,HEB24032,HEB24033,HEB24035,HEB24036,HEB24038,HEB24039,HEB24040,HEB24041,HEB24042,HEB24043,HEB24045,HEB24046,HEB24047,HEB24048,HEB24049,HEB24050,HEB24051,HEB24052,HEB24053,HEB24054,HEB24055,HEB24056,HEB24057,HEB24058,HEB24060,HEB24061,HEB24062,HEB24063,HEB24064,HEB24065,HEB24066,HEB24067,HEB24068,HEB24069,HEB24070,HEB24071,HEB24072,HEB24073,HEB24074,HEB24075,HEB24076,HEB24077,HEB24078,HEB24079,HEB24080,HEB24082,HEB24083,HEB24084,HEB24085,HEB24086,HEB24087,HEB24088,HEB24089,HEB24090,HEB24091,HEB24092,HEB24093,HEB24094,HEB24095,HEB24096,HEB24097,HEB24098,HEB24099,HEB24100,HEB24101,HEB24102,HEB24103,HEB24104,HEB24105,HEB24107,HEB24108,HEB24109,HEB24111,HEB24112,HEB24114,HEB24115,HEB24116,HEB24117,HEB24118,HEB24119,HEB24120,HEB24121,HEB24123,HEB24124,HEB24125,HEB24126,HEB24127,HEB24128,HEB24129,HEB24130,HEB24131,HEB24132,HEB24139,HEB24140,HEB24141,HEB24142,HEB24143,HEB24144,HEB24145,HEB24146,HEB24147,HEB24148,HEB24149,HEB24150,HEB24151,HEB24152,HEB24153,HEB24154,HEB24155,HEB24156,HEB24157,HEB24158,HEB24159,HEB24160,HEB24161,HEB24162,HEB24163,HEB24164,HEB24165,HEB24166,HEB24167,HEB24168,HEB24169,HEB24170,HEB24171,HEB24172,HEB24173,HEB24174,HEB24175,HEB24176,HEB24177,HEB24178,HEB24179,HEB24180,HEB24181,HEB24182,HEB24183,HEB24184,HEB24185,HEB24186,HEB24187,HEB24188,HEB24189,HEB24190,HEB24191,HEB24192,HEB24193,HEB24194,HEB24195,HEB24196,HEB24197,HEB24198
2024-12-02 10:54:55.929447 DEBUG::A total of 24 samples were found in both the data and metadata
2024-12-02 10:54:55.930083 DEBUG::Reordering data/metadata to use same sample ordering
2024-12-02 10:54:55.932262 INFO::Formula for random effects: expr ~ (1 | Mouse_ID)
2024-12-02 10:54:55.934059 INFO::Formula for fixed effects: expr ~  Day_Num
2024-12-02 10:54:55.936586 INFO::Filter data based on min abundance and min prevalence
2024-12-02 10:54:55.93843 INFO::Total samples in data: 24
2024-12-02 10:54:55.940346 INFO::Min samples required with min abundance for a feature not to be filtered: 2.400000
2024-12-02 10:54:55.943609 INFO::Total filtered features: 4
2024-12-02 10:54:55.945094 INFO::Filtered feature names from abundance and prevalence filtering: k__Archaea.p__Euryarchaeota, k__Bacteria.p__Chloroflexi, k__Bacteria.p__Spirochaetes, k__Bacteria.p__.Thermi.
2024-12-02 10:54:55.94832 INFO::Total filtered features with variance filtering: 0
2024-12-02 10:54:55.950411 INFO::Filtered feature names from variance filtering:
2024-12-02 10:54:55.951955 INFO::Running selected normalization method: TSS
2024-12-02 10:54:55.955357 INFO::Applying z-score to standardize continuous metadata
2024-12-02 10:54:55.972021 INFO::Running selected transform method: LOG
2024-12-02 10:54:55.974863 INFO::Running selected analysis method: LM
2024-12-02 10:54:55.990253 INFO::Fitting model to feature number 1, k__Bacteria.p__Bacteroidetes
2024-12-02 10:54:56.087339 INFO::Fitting model to feature number 2, k__Bacteria.p__Firmicutes
2024-12-02 10:54:56.352368 INFO::Fitting model to feature number 3, k__Bacteria.p__Verrucomicrobia
2024-12-02 10:54:56.393649 INFO::Fitting model to feature number 4, k__Bacteria.__
2024-12-02 10:54:56.413308 INFO::Fitting model to feature number 5, k__Bacteria.p__Proteobacteria
2024-12-02 10:54:56.432796 INFO::Fitting model to feature number 6, k__Bacteria.p__Cyanobacteria
2024-12-02 10:54:56.451191 INFO::Fitting model to feature number 7, k__Bacteria.p__Actinobacteria
2024-12-02 10:54:56.471139 INFO::Fitting model to feature number 8, k__Bacteria.p__Tenericutes
2024-12-02 10:54:56.490706 INFO::Fitting model to feature number 9, k__Bacteria.p__Deferribacteres
2024-12-02 10:54:56.517242 INFO::Fitting model to feature number 10, Unassigned.__
2024-12-02 10:54:56.541942 INFO::Counting total values for each feature
2024-12-02 10:54:56.543656 INFO::Writing filtered data to file PGH_Long_phylum_no_d8/features/filtered_data.tsv
2024-12-02 10:54:56.544716 INFO::Writing filtered, normalized data to file PGH_Long_phylum_no_d8/features/filtered_data_norm.tsv
2024-12-02 10:54:56.546512 INFO::Writing filtered, normalized, transformed data to file PGH_Long_phylum_no_d8/features/filtered_data_norm_transformed.tsv
2024-12-02 10:54:56.547717 INFO::Writing residuals to file PGH_Long_phylum_no_d8/fits/residuals.rds
2024-12-02 10:54:56.549031 INFO::Writing fitted values to file PGH_Long_phylum_no_d8/fits/fitted.rds
2024-12-02 10:54:56.549685 INFO::Writing extracted random effects to file PGH_Long_phylum_no_d8/fits/ranef.rds
2024-12-02 10:54:56.550209 INFO::Writing all results to file (ordered by increasing q-values): PGH_Long_phylum_no_d8/all_results.tsv
2024-12-02 10:54:56.551032 INFO::Writing the significant results (those which are less than or equal to the threshold of 0.250000 ) to file (ordered by increasing q-values): PGH_Long_phylum_no_d8/significant_results.tsv
2024-12-02 10:54:56.551576 INFO::Writing heatmap of significant results to file: PGH_Long_phylum_no_d8/heatmap.pdf
2024-12-02 10:54:56.552579 INFO::Writing association plots (one for each significant association) to output folder: PGH_Long_phylum_no_d8
2024-12-02 10:54:56.553386 INFO::Plotting associations from most to least significant, grouped by metadata
2024-12-02 10:54:56.553823 INFO::Plotting data for metadata number 1, Day_Num
2024-12-02 10:54:56.556918 INFO::Creating scatter plot for continuous data, Day_Num vs k__Bacteria.p__Actinobacteria
2024-12-02 10:54:56.632352 DEBUG::`geom_smooth()` using formula = 'y ~ x'
2024-12-02 10:54:56.633586 INFO::Creating scatter plot for continuous data, Day_Num vs k__Bacteria.p__Tenericutes
2024-12-02 10:54:56.716751 DEBUG::`geom_smooth()` using formula = 'y ~ x'
2024-12-02 10:54:56.717151 INFO::Creating scatter plot for continuous data, Day_Num vs k__Bacteria.p__Bacteroidetes
2024-12-02 10:54:56.790404 DEBUG::`geom_smooth()` using formula = 'y ~ x'
