2024-12-02 10:39:47.16205 INFO::Writing function arguments to log file
2024-12-02 10:39:47.162449 DEBUG::Function arguments
2024-12-02 10:39:47.162597 DEBUG::Output folder: PL_Long_phylum
2024-12-02 10:39:47.162725 DEBUG::Min Abundance: 0.000000
2024-12-02 10:39:47.162855 DEBUG::Min Prevalence: 0.100000
2024-12-02 10:39:47.162973 DEBUG::Normalization: TSS
2024-12-02 10:39:47.163093 DEBUG::Transform: LOG
2024-12-02 10:39:47.163209 DEBUG::Analysis method: LM
2024-12-02 10:39:47.163331 DEBUG::Max significance: 0.250000
2024-12-02 10:39:47.163449 DEBUG::Random effects: Mouse_ID
2024-12-02 10:39:47.163564 DEBUG::Fixed effects: Day_Num
2024-12-02 10:39:47.163677 DEBUG::Correction method: BH
2024-12-02 10:39:47.163793 DEBUG::Standardize: TRUE
2024-12-02 10:39:47.163907 DEBUG::Cores: 1
2024-12-02 10:39:47.164017 INFO::Verifying options selected are valid
2024-12-02 10:39:47.164362 INFO::Determining format of input files
2024-12-02 10:39:47.164708 INFO::Input format is data samples as rows and metadata samples as rows
2024-12-02 10:39:47.16515 DEBUG::The following samples were found to have features but no metadata. They will be removed. HEB24001,HEB24002,HEB24003,HEB24004,HEB24005,HEB24006,HEB24009,HEB24011,HEB24012,HEB24013,HEB24014,HEB24015,HEB24016,HEB24018,HEB24019,HEB24020,HEB24021,HEB24022,HEB24023,HEB24024,HEB24025,HEB24026,HEB24027,HEB24028,HEB24029,HEB24030,HEB24031,HEB24032,HEB24033,HEB24034,HEB24035,HEB24036,HEB24037,HEB24038,HEB24039,HEB24041,HEB24043,HEB24044,HEB24045,HEB24046,HEB24047,HEB24048,HEB24049,HEB24050,HEB24051,HEB24052,HEB24053,HEB24054,HEB24055,HEB24056,HEB24057,HEB24059,HEB24060,HEB24061,HEB24062,HEB24063,HEB24064,HEB24066,HEB24068,HEB24069,HEB24070,HEB24071,HEB24072,HEB24073,HEB24074,HEB24075,HEB24076,HEB24077,HEB24078,HEB24079,HEB24080,HEB24081,HEB24082,HEB24083,HEB24084,HEB24085,HEB24086,HEB24087,HEB24089,HEB24091,HEB24092,HEB24093,HEB24094,HEB24095,HEB24096,HEB24101,HEB24102,HEB24103,HEB24104,HEB24105,HEB24106,HEB24107,HEB24108,HEB24109,HEB24110,HEB24112,HEB24113,HEB24114,HEB24115,HEB24116,HEB24117,HEB24118,HEB24119,HEB24121,HEB24122,HEB24124,HEB24125,HEB24126,HEB24127,HEB24128,HEB24129,HEB24130,HEB24131,HEB24132,HEB24133,HEB24134,HEB24135,HEB24136,HEB24137,HEB24138,HEB24145,HEB24146,HEB24147,HEB24148,HEB24149,HEB24150,HEB24151,HEB24152,HEB24153,HEB24154,HEB24155,HEB24156,HEB24157,HEB24158,HEB24159,HEB24160,HEB24161,HEB24162,HEB24163,HEB24164,HEB24165,HEB24166,HEB24167,HEB24168,HEB24169,HEB24170,HEB24171,HEB24172,HEB24173,HEB24174,HEB24181,HEB24182,HEB24183,HEB24184,HEB24185,HEB24186,HEB24187,HEB24188,HEB24189,HEB24190,HEB24191,HEB24192,HEB24193,HEB24194,HEB24195,HEB24196,HEB24197,HEB24198
2024-12-02 10:39:47.165365 DEBUG::A total of 30 samples were found in both the data and metadata
2024-12-02 10:39:47.1655 DEBUG::Reordering data/metadata to use same sample ordering
2024-12-02 10:39:47.16581 INFO::Formula for random effects: expr ~ (1 | Mouse_ID)
2024-12-02 10:39:47.166191 INFO::Formula for fixed effects: expr ~  Day_Num
2024-12-02 10:39:47.166528 INFO::Filter data based on min abundance and min prevalence
2024-12-02 10:39:47.16683 INFO::Total samples in data: 30
2024-12-02 10:39:47.167128 INFO::Min samples required with min abundance for a feature not to be filtered: 3.000000
2024-12-02 10:39:47.167567 INFO::Total filtered features: 4
2024-12-02 10:39:47.167905 INFO::Filtered feature names from abundance and prevalence filtering: k__Archaea.p__Euryarchaeota, k__Bacteria.p__Chloroflexi, k__Bacteria.p__Spirochaetes, k__Bacteria.p__.Thermi.
2024-12-02 10:39:47.168366 INFO::Total filtered features with variance filtering: 0
2024-12-02 10:39:47.168685 INFO::Filtered feature names from variance filtering:
2024-12-02 10:39:47.168976 INFO::Running selected normalization method: TSS
2024-12-02 10:39:47.169448 INFO::Applying z-score to standardize continuous metadata
2024-12-02 10:39:47.17106 INFO::Running selected transform method: LOG
2024-12-02 10:39:47.171516 INFO::Running selected analysis method: LM
2024-12-02 10:39:47.172064 INFO::Fitting model to feature number 1, k__Bacteria.p__Bacteroidetes
2024-12-02 10:39:47.189094 INFO::Fitting model to feature number 2, k__Bacteria.p__Firmicutes
2024-12-02 10:39:47.205419 INFO::Fitting model to feature number 3, k__Bacteria.p__Verrucomicrobia
2024-12-02 10:39:47.221058 INFO::Fitting model to feature number 4, k__Bacteria.__
2024-12-02 10:39:47.237569 INFO::Fitting model to feature number 5, k__Bacteria.p__Proteobacteria
2024-12-02 10:39:47.253194 INFO::Fitting model to feature number 6, k__Bacteria.p__Cyanobacteria
2024-12-02 10:39:47.268855 INFO::Fitting model to feature number 7, k__Bacteria.p__Actinobacteria
2024-12-02 10:39:47.284483 INFO::Fitting model to feature number 8, k__Bacteria.p__Tenericutes
2024-12-02 10:39:47.30116 INFO::Fitting model to feature number 9, k__Bacteria.p__Deferribacteres
2024-12-02 10:39:47.317257 INFO::Fitting model to feature number 10, Unassigned.__
2024-12-02 10:39:47.334288 INFO::Counting total values for each feature
2024-12-02 10:39:47.335136 INFO::Writing filtered data to file PL_Long_phylum/features/filtered_data.tsv
2024-12-02 10:39:47.335863 INFO::Writing filtered, normalized data to file PL_Long_phylum/features/filtered_data_norm.tsv
2024-12-02 10:39:47.336664 INFO::Writing filtered, normalized, transformed data to file PL_Long_phylum/features/filtered_data_norm_transformed.tsv
2024-12-02 10:39:47.337606 WARNING::Deleting existing residuals file: PL_Long_phylum/fits/residuals.rds
2024-12-02 10:39:47.338158 INFO::Writing residuals to file PL_Long_phylum/fits/residuals.rds
2024-12-02 10:39:47.338678 WARNING::Deleting existing fitted file: PL_Long_phylum/fits/fitted.rds
2024-12-02 10:39:47.339146 INFO::Writing fitted values to file PL_Long_phylum/fits/fitted.rds
2024-12-02 10:39:47.33963 WARNING::Deleting existing ranef file: PL_Long_phylum/fits/ranef.rds
2024-12-02 10:39:47.340086 INFO::Writing extracted random effects to file PL_Long_phylum/fits/ranef.rds
2024-12-02 10:39:47.340511 INFO::Writing all results to file (ordered by increasing q-values): PL_Long_phylum/all_results.tsv
2024-12-02 10:39:47.341177 INFO::Writing the significant results (those which are less than or equal to the threshold of 0.250000 ) to file (ordered by increasing q-values): PL_Long_phylum/significant_results.tsv
2024-12-02 10:39:47.341654 INFO::Writing heatmap of significant results to file: PL_Long_phylum/heatmap.pdf
2024-12-02 10:39:47.34222 INFO::Writing association plots (one for each significant association) to output folder: PL_Long_phylum
2024-12-02 10:39:47.342831 INFO::Plotting associations from most to least significant, grouped by metadata
2024-12-02 10:39:47.343193 INFO::Plotting data for metadata number 1, Day_Num
2024-12-02 10:39:47.343817 INFO::Creating scatter plot for continuous data, Day_Num vs k__Bacteria.p__Bacteroidetes
2024-12-02 10:39:47.413588 DEBUG::`geom_smooth()` using formula = 'y ~ x'
