2024-12-03 11:33:39.592812 INFO::Writing function arguments to log file
2024-12-03 11:33:39.596558 DEBUG::Function arguments
2024-12-03 11:33:39.596988 DEBUG::Output folder: Weight_genus_a
2024-12-03 11:33:39.597321 DEBUG::Min Abundance: 0.000000
2024-12-03 11:33:39.597614 DEBUG::Min Prevalence: 0.100000
2024-12-03 11:33:39.597929 DEBUG::Normalization: TSS
2024-12-03 11:33:39.600022 DEBUG::Transform: LOG
2024-12-03 11:33:39.602839 DEBUG::Analysis method: LM
2024-12-03 11:33:39.603313 DEBUG::Max significance: 0.250000
2024-12-03 11:33:39.604884 DEBUG::Random effects: Mouse_ID
2024-12-03 11:33:39.605468 DEBUG::Fixed effects: Weight_g
2024-12-03 11:33:39.605824 DEBUG::Correction method: BH
2024-12-03 11:33:39.60619 DEBUG::Standardize: TRUE
2024-12-03 11:33:39.606544 DEBUG::Cores: 1
2024-12-03 11:33:39.606852 INFO::Verifying options selected are valid
2024-12-03 11:33:39.608332 INFO::Determining format of input files
2024-12-03 11:33:39.609975 INFO::Input format is data samples as rows and metadata samples as rows
2024-12-03 11:33:39.613548 DEBUG::The following samples were found to have features but no metadata. They will be removed. HEB24009,HEB24011,HEB24012,HEB24013,HEB24014,HEB24015,HEB24017,HEB24018,HEB24019,HEB24021,HEB24022,HEB24023,HEB24024,HEB24025,HEB24026,HEB24035,HEB24036,HEB24037,HEB24038,HEB24039,HEB24040,HEB24041,HEB24042,HEB24043,HEB24044,HEB24045,HEB24046,HEB24047,HEB24048,HEB24049,HEB24050,HEB24051,HEB24052,HEB24053,HEB24054,HEB24057,HEB24058,HEB24060,HEB24061,HEB24062,HEB24063,HEB24064,HEB24066,HEB24068,HEB24069,HEB24070,HEB24072,HEB24073,HEB24074,HEB24075,HEB24076,HEB24077,HEB24078,HEB24079,HEB24080,HEB24082,HEB24083,HEB24085,HEB24086,HEB24087,HEB24088,HEB24089,HEB24090,HEB24091,HEB24092,HEB24094,HEB24095,HEB24096,HEB24101,HEB24102,HEB24103,HEB24104,HEB24106,HEB24107,HEB24108,HEB24109,HEB24112,HEB24114,HEB24115,HEB24116,HEB24117,HEB24118,HEB24119,HEB24121,HEB24122,HEB24124,HEB24125,HEB24126,HEB24127,HEB24128,HEB24145,HEB24146,HEB24147,HEB24148,HEB24149,HEB24150,HEB24151,HEB24152,HEB24153,HEB24154,HEB24155,HEB24156,HEB24157,HEB24158,HEB24159,HEB24160,HEB24161,HEB24162,HEB24181,HEB24182,HEB24183,HEB24184,HEB24185,HEB24186,HEB24187,HEB24188,HEB24189,HEB24190,HEB24191,HEB24192,HEB24193,HEB24194,HEB24195,HEB24196,HEB24197,HEB24198
2024-12-03 11:33:39.613997 DEBUG::A total of 72 samples were found in both the data and metadata
2024-12-03 11:33:39.61426 DEBUG::Reordering data/metadata to use same sample ordering
2024-12-03 11:33:39.616899 INFO::Formula for random effects: expr ~ (1 | Mouse_ID)
2024-12-03 11:33:39.617876 INFO::Formula for fixed effects: expr ~  Weight_g
2024-12-03 11:33:39.618695 INFO::Filter data based on min abundance and min prevalence
2024-12-03 11:33:39.619427 INFO::Total samples in data: 72
2024-12-03 11:33:39.620241 INFO::Min samples required with min abundance for a feature not to be filtered: 7.200000
2024-12-03 11:33:39.623503 INFO::Total filtered features: 81
2024-12-03 11:33:39.624283 INFO::Filtered feature names from abundance and prevalence filtering: k__Archaea.p__Euryarchaeota.c__Halobacteria.o__Halobacteriales.f__Halobacteriaceae.__, k__Bacteria.p__Actinobacteria.c__Actinobacteria.o__Actinomycetales.f__Micrococcaceae.__, k__Bacteria.p__Actinobacteria.c__Actinobacteria.o__Actinomycetales.f__Nocardiaceae.g__Rhodococcus, k__Bacteria.p__Firmicutes.c__Bacilli.o__Bacillales.f__Planococcaceae.g__, k__Bacteria.p__Firmicutes.c__Bacilli.o__Lactobacillales.f__Aerococcaceae.g__, k__Bacteria.p__Proteobacteria.c__Gammaproteobacteria.o__Pseudomonadales.f__Pseudomonadaceae.g__, k__Bacteria.p__Proteobacteria.c__Alphaproteobacteria.o__Rhizobiales.f__Rhizobiaceae.g__, k__Bacteria.p__Proteobacteria.c__Gammaproteobacteria.o__Enterobacteriales.f__Enterobacteriaceae.g__Escherichia, k__Bacteria.p__Firmicutes.c__Clostridia.o__Clostridiales.f__Peptococcaceae.g__Desulfosporosinus, k__Bacteria.p__Firmicutes.c__Bacilli.o__Lactobacillales.__.__, k__Bacteria.p__Firmicutes.c__Clostridia.o__Clostridiales.f__.Tissierellaceae..g__Sporanaerobacter, k__Bacteria.p__Proteobacteria.c__Alphaproteobacteria.o__Rhizobiales.f__Hyphomicrobiaceae.g__, k__Bacteria.p__Firmicutes.c__Bacilli.o__Bacillales.f__.Thermicanaceae..g__Bacillus, k__Bacteria.p__Actinobacteria.c__Actinobacteria.o__Actinomycetales.f__Micrococcaceae.g__Sinomonas, k__Bacteria.p__Firmicutes.c__Bacilli.o__Lactobacillales.f__Aerococcaceae.g__Aerococcus, k__Bacteria.p__Proteobacteria.c__Alphaproteobacteria.o__Rickettsiales.f__mitochondria.g__Plantago, k__Bacteria.p__Proteobacteria.c__Alphaproteobacteria.o__Caulobacterales.f__Caulobacteraceae.g__, k__Bacteria.p__Firmicutes.c__Clostridia.o__Clostridiales.f__.Tissierellaceae..g__Gallicola, k__Bacteria.p__Firmicutes.c__Clostridia.o__Clostridiales.f__Clostridiaceae.__, k__Bacteria.p__Actinobacteria.c__Actinobacteria.o__Actinomycetales.f__Streptomycetaceae.g__, k__Bacteria.p__Firmicutes.c__Clostridia.o__Clostridiales.f__.Tissierellaceae..g__Anaerococcus, k__Bacteria.p__Proteobacteria.c__Alphaproteobacteria.o__.f__.g__, k__Bacteria.p__Firmicutes.c__Clostridia.o__.f__.g__, k__Bacteria.p__Proteobacteria.c__Gammaproteobacteria.o__Pseudomonadales.f__Pseudomonadaceae.g__Pseudomonas, k__Bacteria.p__Firmicutes.c__Clostridia.o__Clostridiales.f__Clostridiaceae.g__Caloramator, k__Bacteria.p__Firmicutes.c__Clostridia.o__Natranaerobiales.f__Anaerobrancaceae.g__A55_D21, k__Bacteria.p__Proteobacteria.c__Alphaproteobacteria.o__Rhodobacterales.f__Rhodobacteraceae.__, k__Bacteria.p__Firmicutes.c__Bacilli.o__Bacillales.f__Paenibacillaceae.g__Paenibacillus, k__Bacteria.p__Proteobacteria.c__Alphaproteobacteria.o__Rhizobiales.f__Rhizobiaceae.g__Agrobacterium, k__Bacteria.p__Proteobacteria.c__Alphaproteobacteria.o__Rhodobacterales.f__Rhodobacteraceae.g__, k__Bacteria.p__Actinobacteria.c__Actinobacteria.o__Actinomycetales.f__Micromonosporaceae.g__, k__Archaea.p__Euryarchaeota.c__Halobacteria.o__Halobacteriales.f__Halobacteriaceae.g__Halobacteriaceae, k__Bacteria.p__Proteobacteria.c__Alphaproteobacteria.o__Rickettsiales.f__mitochondria.__, k__Bacteria.p__Proteobacteria.c__Gammaproteobacteria.o__Alteromonadales.f__OM60.g__, k__Archaea.p__Euryarchaeota.c__Halobacteria.o__Halobacteriales.f__Halobacteriaceae.g__Halorubrum, k__Bacteria.p__Proteobacteria.c__Gammaproteobacteria.o__Cardiobacteriales.f__.g__, k__Bacteria.p__Proteobacteria.c__Alphaproteobacteria.o__Rhodobacterales.f__Rhodobacteraceae.g__Rhodobaca, k__Bacteria.p__Proteobacteria.c__Alphaproteobacteria.o__Rhodobacterales.f__Rhodobacteraceae.g__Paracoccus, k__Bacteria.p__Proteobacteria.c__Betaproteobacteria.o__Burkholderiales.f__Comamonadaceae.g__Brachymonas, k__Bacteria.p__Firmicutes.c__Bacilli.o__Bacillales.f__Paenibacillaceae.g__, k__Bacteria.p__Proteobacteria.c__Alphaproteobacteria.o__Rhizobiales.__.__, k__Bacteria.p__Actinobacteria.c__Actinobacteria.o__Actinomycetales.f__Mycobacteriaceae.g__Mycobacterium, k__Bacteria.p__Firmicutes.c__Clostridia.o__Clostridiales.f__.Tissierellaceae..g__ecb11, k__Bacteria.p__Actinobacteria.c__Actinobacteria.o__Actinomycetales.f__Microbacteriaceae.g__Microbacterium, k__Bacteria.p__Proteobacteria.c__Betaproteobacteria.o__Burkholderiales.f__Comamonadaceae.g__, k__Bacteria.p__Actinobacteria.c__Actinobacteria.o__Actinomycetales.f__Nocardioidaceae.g__, k__Bacteria.p__Proteobacteria.c__Alphaproteobacteria.o__Sphingomonadales.f__Sphingomonadaceae.g__Kaistobacter, k__Archaea.p__Euryarchaeota.c__Halobacteria.o__Halobacteriales.f__Halobacteriaceae.g__Haloarcula, k__Bacteria.p__Actinobacteria.c__Actinobacteria.o__Actinomycetales.f__Pseudonocardiaceae.g__Saccharomonospora, k__Bacteria.p__Firmicutes.c__Clostridia.o__Clostridiales.f__.Tissierellaceae..__, k__Bacteria.p__Chloroflexi.c__Thermomicrobia.o__JG30.KF.CM45.f__.g__, k__Bacteria.p__Proteobacteria.c__Betaproteobacteria.o__Burkholderiales.f__Comamonadaceae.g__Comamonas, k__Bacteria.p__Proteobacteria.c__Epsilonproteobacteria.o__Campylobacterales.f__Campylobacteraceae.g__Campylobacter, k__Bacteria.p__Proteobacteria.c__Alphaproteobacteria.o__Rickettsiales.f__mitochondria.g__Abies, k__Bacteria.p__Proteobacteria.c__Betaproteobacteria.o__Burkholderiales.f__Oxalobacteraceae.g__, k__Bacteria.p__Bacteroidetes.c__Flavobacteriia.o__Flavobacteriales.f__Cryomorphaceae.g__, k__Bacteria.p__Proteobacteria.c__Betaproteobacteria.o__MKC10.f__.g__, k__Bacteria.p__Actinobacteria.c__Actinobacteria.o__Actinomycetales.f__Actinomycetaceae.g__Arcanobacterium, k__Bacteria.p__Proteobacteria.c__Alphaproteobacteria.o__Rhodospirillales.f__Rhodospirillaceae.g__Azospirillum, k__Bacteria.p__Actinobacteria.c__Actinobacteria.o__Actinomycetales.f__Actinomycetaceae.g__Actinomyces, k__Bacteria.p__Bacteroidetes.c__Flavobacteriia.o__Flavobacteriales.f__Flavobacteriaceae.g__, k__Bacteria.p__Proteobacteria.c__Epsilonproteobacteria.o__Campylobacterales.f__Helicobacteraceae.g__Sulfurimonas, k__Bacteria.p__Bacteroidetes.c__Bacteroidia.o__Bacteroidales.f__Prevotellaceae.g__, k__Bacteria.p__Bacteroidetes.c__Bacteroidia.o__Bacteroidales.f__.Paraprevotellaceae..g__.Prevotella., k__Bacteria.p__Proteobacteria.c__Gammaproteobacteria.o__Enterobacteriales.f__Enterobacteriaceae.g__Klebsiella, k__Bacteria.p__Spirochaetes.c__Spirochaetes.o__Spirochaetales.f__Spirochaetaceae.g__Treponema, k__Bacteria.p__Firmicutes.c__Clostridia.o__Clostridiales.f__.Tissierellaceae..g__, k__Bacteria.p__Actinobacteria.c__Thermoleophilia.__.__.__, k__Bacteria.p__Proteobacteria.c__Alphaproteobacteria.o__Rhizobiales.f__Bradyrhizobiaceae.g__Bradyrhizobium, k__Bacteria.p__.Thermi..c__Deinococci.o__Thermales.f__Thermaceae.g__Thermus, k__Bacteria.p__Verrucomicrobia.__.__.__.__, k__Bacteria.p__Proteobacteria.c__Alphaproteobacteria.o__Sphingomonadales.f__Erythrobacteraceae.g__Erythrobacter, k__Bacteria.p__Proteobacteria.c__Alphaproteobacteria.o__Sphingomonadales.f__Sphingomonadaceae.g__Sphingomonas, k__Bacteria.p__Firmicutes.c__Bacilli.o__Bacillales.f__Bacillaceae.__, k__Bacteria.p__Spirochaetes.c__Spirochaetes.o__Spirochaetales.f__Spirochaetaceae.__, k__Bacteria.p__Firmicutes.c__Bacilli.o__Bacillales.f__.g__, k__Bacteria.p__Firmicutes.c__Clostridia.o__Clostridiales.f__Veillonellaceae.g__, k__Bacteria.p__Firmicutes.c__Clostridia.o__Clostridiales.f__Veillonellaceae.__, k__Bacteria.p__Proteobacteria.c__Deltaproteobacteria.o__Myxococcales.f__Myxococcaceae.g__Myxococcus, k__Bacteria.p__Proteobacteria.c__Alphaproteobacteria.o__Rhodospirillales.f__Rhodospirillaceae.__, k__Bacteria.p__Actinobacteria.__.__.__.__
2024-12-03 11:33:39.627906 INFO::Total filtered features with variance filtering: 0
2024-12-03 11:33:39.62867 INFO::Filtered feature names from variance filtering:
2024-12-03 11:33:39.629315 INFO::Running selected normalization method: TSS
2024-12-03 11:33:39.631403 INFO::Applying z-score to standardize continuous metadata
2024-12-03 11:33:39.639415 INFO::Running selected transform method: LOG
2024-12-03 11:33:39.642043 INFO::Running selected analysis method: LM
2024-12-03 11:33:39.643834 INFO::Fitting model to feature number 1, k__Bacteria.p__Bacteroidetes.c__Bacteroidia.o__Bacteroidales.f__S24.7.g__
2024-12-03 11:33:39.710953 INFO::Fitting model to feature number 2, k__Bacteria.p__Firmicutes.c__Bacilli.o__Lactobacillales.f__Lactobacillaceae.g__
2024-12-03 11:33:39.742533 INFO::Fitting model to feature number 3, k__Bacteria.p__Firmicutes.c__Bacilli.o__Bacillales.f__.Exiguobacteraceae..g__
2024-12-03 11:33:39.7689 INFO::Fitting model to feature number 4, k__Bacteria.p__Firmicutes.c__Bacilli.o__Lactobacillales.f__Streptococcaceae.g__Streptococcus
2024-12-03 11:33:39.793899 INFO::Fitting model to feature number 5, k__Bacteria.p__Firmicutes.c__Bacilli.o__Bacillales.f__Bacillaceae.g__Bacillus
2024-12-03 11:33:39.827429 INFO::Fitting model to feature number 6, k__Bacteria.p__Firmicutes.c__Bacilli.o__Lactobacillales.f__Lactobacillaceae.g__Lactobacillus
2024-12-03 11:33:39.853011 INFO::Fitting model to feature number 7, k__Bacteria.p__Firmicutes.c__Bacilli.o__Turicibacterales.f__Turicibacteraceae.g__Turicibacter
2024-12-03 11:33:39.965622 INFO::Fitting model to feature number 8, k__Bacteria.p__Verrucomicrobia.c__Verrucomicrobiae.o__Verrucomicrobiales.f__Verrucomicrobiaceae.g__Akkermansia
2024-12-03 11:33:39.988597 INFO::Fitting model to feature number 9, k__Bacteria.__.__.__.__.__
2024-12-03 11:33:40.008564 INFO::Fitting model to feature number 10, k__Bacteria.p__Firmicutes.c__Clostridia.o__Clostridiales.f__Clostridiaceae.g__
2024-12-03 11:33:40.026376 INFO::Fitting model to feature number 11, k__Bacteria.p__Firmicutes.c__Clostridia.o__Clostridiales.__.__
2024-12-03 11:33:40.045469 INFO::Fitting model to feature number 12, k__Bacteria.p__Firmicutes.c__Bacilli.o__Lactobacillales.f__Leuconostocaceae.g__
2024-12-03 11:33:40.062941 INFO::Fitting model to feature number 13, k__Bacteria.p__Firmicutes.c__Clostridia.o__Clostridiales.f__.g__
2024-12-03 11:33:40.088896 INFO::Fitting model to feature number 14, k__Bacteria.p__Proteobacteria.c__Gammaproteobacteria.o__Enterobacteriales.f__Enterobacteriaceae.g__
2024-12-03 11:33:40.109987 INFO::Fitting model to feature number 15, k__Bacteria.p__Cyanobacteria.c__Chloroplast.o__Streptophyta.f__.g__
2024-12-03 11:33:40.128977 INFO::Fitting model to feature number 16, k__Bacteria.p__Proteobacteria.c__Alphaproteobacteria.o__Rickettsiales.f__mitochondria.g__Lardizabala
2024-12-03 11:33:40.160414 INFO::Fitting model to feature number 17, k__Bacteria.p__Bacteroidetes.c__Bacteroidia.o__Bacteroidales.f__Bacteroidaceae.g__Bacteroides
2024-12-03 11:33:40.177594 INFO::Fitting model to feature number 18, k__Bacteria.p__Firmicutes.c__Bacilli.o__Lactobacillales.f__Streptococcaceae.g__Lactococcus
2024-12-03 11:33:40.193385 INFO::Fitting model to feature number 19, k__Bacteria.p__Firmicutes.c__Erysipelotrichi.o__Erysipelotrichales.f__Erysipelotrichaceae.__
2024-12-03 11:33:40.210076 INFO::Fitting model to feature number 20, k__Bacteria.p__Firmicutes.c__Clostridia.o__Clostridiales.f__Ruminococcaceae.__
2024-12-03 11:33:40.226646 INFO::Fitting model to feature number 21, k__Bacteria.p__Firmicutes.c__Clostridia.o__Clostridiales.f__Lachnospiraceae.g__Epulopiscium
2024-12-03 11:33:40.243008 INFO::Fitting model to feature number 22, k__Bacteria.p__Firmicutes.c__Clostridia.o__Clostridiales.f__Ruminococcaceae.g__Ruminococcus
2024-12-03 11:33:40.260133 INFO::Fitting model to feature number 23, k__Bacteria.p__Bacteroidetes.c__Bacteroidia.o__Bacteroidales.f__Porphyromonadaceae.g__Parabacteroides
2024-12-03 11:33:40.29266 INFO::Fitting model to feature number 24, k__Bacteria.p__Firmicutes.c__Clostridia.o__Clostridiales.f__Lachnospiraceae.g__
2024-12-03 11:33:40.322664 INFO::Fitting model to feature number 25, k__Bacteria.p__Firmicutes.c__Clostridia.o__Clostridiales.f__Lachnospiraceae.g__Lachnospira
2024-12-03 11:33:40.356585 INFO::Fitting model to feature number 26, k__Bacteria.p__Firmicutes.c__Clostridia.o__Clostridiales.f__Clostridiaceae.g__SMB53
2024-12-03 11:33:40.378384 INFO::Fitting model to feature number 27, k__Bacteria.p__Firmicutes.c__Clostridia.o__Clostridiales.f__Ruminococcaceae.g__Faecalibacterium
2024-12-03 11:33:40.395622 INFO::Fitting model to feature number 28, k__Bacteria.p__Firmicutes.c__Clostridia.o__Clostridiales.f__Lachnospiraceae.__
2024-12-03 11:33:40.413322 INFO::Fitting model to feature number 29, k__Bacteria.p__Firmicutes.c__Clostridia.o__Clostridiales.f__Lachnospiraceae.g__Blautia
2024-12-03 11:33:40.432905 INFO::Fitting model to feature number 30, k__Bacteria.p__Bacteroidetes.c__Bacteroidia.o__Bacteroidales.__.__
2024-12-03 11:33:40.450042 INFO::Fitting model to feature number 31, k__Bacteria.p__Firmicutes.c__Clostridia.__.__.__
2024-12-03 11:33:40.466633 INFO::Fitting model to feature number 32, k__Bacteria.p__Firmicutes.c__Clostridia.o__Clostridiales.f__Ruminococcaceae.g__Oscillospira
2024-12-03 11:33:40.484654 INFO::Fitting model to feature number 33, k__Bacteria.p__Firmicutes.c__Clostridia.o__Clostridiales.f__Eubacteriaceae.g__Pseudoramibacter_Eubacterium
2024-12-03 11:33:40.503103 INFO::Fitting model to feature number 34, k__Bacteria.p__Firmicutes.c__Clostridia.o__Clostridiales.f__Peptococcaceae.g__rc4.4
2024-12-03 11:33:40.522758 INFO::Fitting model to feature number 35, k__Bacteria.p__Proteobacteria.c__Gammaproteobacteria.o__Pseudomonadales.f__Moraxellaceae.g__Acinetobacter
2024-12-03 11:33:40.540243 INFO::Fitting model to feature number 36, k__Bacteria.p__Firmicutes.c__Erysipelotrichi.o__Erysipelotrichales.f__Erysipelotrichaceae.g__Allobaculum
2024-12-03 11:33:40.556529 INFO::Fitting model to feature number 37, k__Bacteria.p__Actinobacteria.c__Actinobacteria.o__Actinomycetales.f__.g__
2024-12-03 11:33:40.572786 INFO::Fitting model to feature number 38, k__Bacteria.p__Tenericutes.c__Mollicutes.o__RF39.f__.g__
2024-12-03 11:33:40.589406 INFO::Fitting model to feature number 39, k__Bacteria.p__Firmicutes.c__Erysipelotrichi.o__Erysipelotrichales.f__Erysipelotrichaceae.g__Catenibacterium
2024-12-03 11:33:40.607747 INFO::Fitting model to feature number 40, k__Bacteria.p__Firmicutes.c__Clostridia.o__Clostridiales.f__Ruminococcaceae.g__
2024-12-03 11:33:40.646262 INFO::Fitting model to feature number 41, k__Bacteria.p__Actinobacteria.c__Actinobacteria.o__Bifidobacteriales.f__Bifidobacteriaceae.g__Bifidobacterium
2024-12-03 11:33:40.662435 INFO::Fitting model to feature number 42, k__Bacteria.p__Firmicutes.c__Clostridia.o__Clostridiales.f__Peptostreptococcaceae.g__
2024-12-03 11:33:40.67798 INFO::Fitting model to feature number 43, k__Bacteria.p__Proteobacteria.c__Alphaproteobacteria.o__RF32.f__.g__
2024-12-03 11:33:40.694294 INFO::Fitting model to feature number 44, k__Bacteria.p__Firmicutes.c__Clostridia.o__Clostridiales.f__Clostridiaceae.g__Candidatus.Arthromitus
2024-12-03 11:33:40.709826 INFO::Fitting model to feature number 45, k__Bacteria.p__Firmicutes.__.__.__.__
2024-12-03 11:33:40.726471 INFO::Fitting model to feature number 46, k__Bacteria.p__Proteobacteria.c__Betaproteobacteria.o__Burkholderiales.f__Alcaligenaceae.g__Sutterella
2024-12-03 11:33:40.742889 INFO::Fitting model to feature number 47, k__Bacteria.p__Deferribacteres.c__Deferribacteres.o__Deferribacterales.f__Deferribacteraceae.g__Mucispirillum
2024-12-03 11:33:40.759112 INFO::Fitting model to feature number 48, k__Bacteria.p__Bacteroidetes.c__Bacteroidia.o__Bacteroidales.f__Prevotellaceae.g__Prevotella
2024-12-03 11:33:40.775751 INFO::Fitting model to feature number 49, k__Bacteria.p__Actinobacteria.c__Actinobacteria.o__Actinomycetales.f__Streptomycetaceae.g__Streptomyces
2024-12-03 11:33:40.794036 INFO::Fitting model to feature number 50, k__Bacteria.p__Actinobacteria.c__Actinobacteria.o__Actinomycetales.f__Brevibacteriaceae.g__Brevibacterium
2024-12-03 11:33:40.810901 INFO::Fitting model to feature number 51, k__Bacteria.p__Actinobacteria.c__Actinobacteria.o__Actinomycetales.f__Corynebacteriaceae.g__Corynebacterium
2024-12-03 11:33:40.827544 INFO::Fitting model to feature number 52, k__Bacteria.p__Proteobacteria.c__Gammaproteobacteria.o__Enterobacteriales.f__Enterobacteriaceae.g__Plesiomonas
2024-12-03 11:33:40.844601 INFO::Fitting model to feature number 53, Unassigned.__.__.__.__.__
2024-12-03 11:33:40.862 INFO::Fitting model to feature number 54, k__Bacteria.p__Actinobacteria.c__Actinobacteria.o__Actinomycetales.f__Intrasporangiaceae.g__
2024-12-03 11:33:40.878739 INFO::Fitting model to feature number 55, k__Bacteria.p__Actinobacteria.c__Actinobacteria.o__Actinomycetales.f__Dermabacteraceae.g__Brachybacterium
2024-12-03 11:33:40.895793 INFO::Fitting model to feature number 56, k__Bacteria.p__Firmicutes.c__Bacilli.o__Bacillales.__.__
2024-12-03 11:33:40.931697 INFO::Fitting model to feature number 57, k__Bacteria.p__Proteobacteria.c__Gammaproteobacteria.o__Xanthomonadales.f__Xanthomonadaceae.g__Stenotrophomonas
2024-12-03 11:33:40.957781 INFO::Fitting model to feature number 58, k__Bacteria.p__Firmicutes.c__Clostridia.o__Clostridiales.f__Dehalobacteriaceae.g__Dehalobacterium
2024-12-03 11:33:40.990174 INFO::Fitting model to feature number 59, k__Bacteria.p__Firmicutes.c__Clostridia.o__Clostridiales.f__.Mogibacteriaceae..g__
2024-12-03 11:33:41.009751 INFO::Fitting model to feature number 60, k__Bacteria.p__Firmicutes.c__Bacilli.o__Bacillales.f__Staphylococcaceae.g__Jeotgalicoccus
2024-12-03 11:33:41.030769 INFO::Fitting model to feature number 61, k__Bacteria.p__Firmicutes.c__Erysipelotrichi.o__Erysipelotrichales.f__Erysipelotrichaceae.g__
2024-12-03 11:33:41.048575 INFO::Fitting model to feature number 62, k__Bacteria.p__Bacteroidetes.__.__.__.__
2024-12-03 11:33:41.111841 INFO::Fitting model to feature number 63, k__Bacteria.p__Firmicutes.c__Clostridia.o__Clostridiales.f__Clostridiaceae.g__Clostridium
2024-12-03 11:33:41.177396 INFO::Fitting model to feature number 64, k__Bacteria.p__Actinobacteria.c__Actinobacteria.__.__.__
2024-12-03 11:33:41.217531 INFO::Fitting model to feature number 65, k__Bacteria.p__Bacteroidetes.c__Bacteroidia.o__Bacteroidales.f__Rikenellaceae.g__
2024-12-03 11:33:41.246429 INFO::Fitting model to feature number 66, k__Bacteria.p__Firmicutes.c__Clostridia.o__Clostridiales.f__Veillonellaceae.g__Dialister
2024-12-03 11:33:41.271548 INFO::Fitting model to feature number 67, k__Bacteria.p__Actinobacteria.c__Coriobacteriia.o__Coriobacteriales.f__Coriobacteriaceae.g__
2024-12-03 11:33:41.294822 INFO::Fitting model to feature number 68, k__Bacteria.p__Actinobacteria.c__Actinobacteria.o__Actinomycetales.f__Streptomycetaceae.__
2024-12-03 11:33:41.323995 INFO::Fitting model to feature number 69, k__Bacteria.p__Firmicutes.c__Clostridia.o__Clostridiales.f__Lachnospiraceae.g__Coprococcus
2024-12-03 11:33:41.353466 INFO::Fitting model to feature number 70, k__Bacteria.p__Actinobacteria.c__Coriobacteriia.o__Coriobacteriales.f__Coriobacteriaceae.g__Adlercreutzia
2024-12-03 11:33:41.377883 INFO::Fitting model to feature number 71, k__Bacteria.p__Proteobacteria.c__Alphaproteobacteria.o__Rhizobiales.f__Methylobacteriaceae.g__
2024-12-03 11:33:41.40334 INFO::Fitting model to feature number 72, k__Bacteria.p__Firmicutes.c__Clostridia.o__Clostridiales.f__Veillonellaceae.g__Acidaminococcus
2024-12-03 11:33:41.434477 INFO::Fitting model to feature number 73, k__Bacteria.p__Actinobacteria.c__Actinobacteria.o__Actinomycetales.__.__
2024-12-03 11:33:41.536079 INFO::Fitting model to feature number 74, k__Bacteria.p__Actinobacteria.c__Actinobacteria.o__Actinomycetales.f__Nocardiopsaceae.g__Prauseria
2024-12-03 11:33:41.555262 INFO::Fitting model to feature number 75, k__Bacteria.p__Proteobacteria.c__Alphaproteobacteria.__.__.__
2024-12-03 11:33:41.573351 INFO::Fitting model to feature number 76, k__Bacteria.p__Firmicutes.c__Bacilli.o__Bacillales.f__Paenibacillaceae.__
2024-12-03 11:33:41.590846 INFO::Fitting model to feature number 77, k__Bacteria.p__Proteobacteria.c__Alphaproteobacteria.o__Rhizobiales.f__Rhizobiaceae.__
2024-12-03 11:33:41.607476 INFO::Fitting model to feature number 78, k__Bacteria.p__Firmicutes.c__Bacilli.__.__.__
2024-12-03 11:33:41.634353 INFO::Fitting model to feature number 79, k__Bacteria.p__Firmicutes.c__Clostridia.o__Clostridiales.f__Veillonellaceae.g__Megasphaera
2024-12-03 11:33:41.650868 INFO::Fitting model to feature number 80, k__Bacteria.p__Proteobacteria.c__Gammaproteobacteria.o__Pasteurellales.f__Pasteurellaceae.g__Gallibacterium
2024-12-03 11:33:41.667303 INFO::Fitting model to feature number 81, k__Bacteria.p__Proteobacteria.c__Alphaproteobacteria.o__Rhizobiales.f__Methylobacteriaceae.g__Methylobacterium
2024-12-03 11:33:41.683539 INFO::Fitting model to feature number 82, k__Bacteria.p__Proteobacteria.c__Gammaproteobacteria.__.__.__
2024-12-03 11:33:41.70011 INFO::Fitting model to feature number 83, k__Bacteria.p__Proteobacteria.c__Betaproteobacteria.o__Burkholderiales.f__Comamonadaceae.__
2024-12-03 11:33:41.716902 INFO::Fitting model to feature number 84, k__Bacteria.p__Firmicutes.c__Clostridia.o__Clostridiales.f__Veillonellaceae.g__Megamonas
2024-12-03 11:33:41.733597 INFO::Fitting model to feature number 85, k__Bacteria.p__Firmicutes.c__Bacilli.o__Lactobacillales.f__Lactobacillaceae.__
2024-12-03 11:33:41.753913 INFO::Counting total values for each feature
2024-12-03 11:33:41.755985 INFO::Writing filtered data to file Weight_genus_a/features/filtered_data.tsv
2024-12-03 11:33:41.761422 INFO::Writing filtered, normalized data to file Weight_genus_a/features/filtered_data_norm.tsv
2024-12-03 11:33:41.773313 INFO::Writing filtered, normalized, transformed data to file Weight_genus_a/features/filtered_data_norm_transformed.tsv
2024-12-03 11:33:41.786324 INFO::Writing residuals to file Weight_genus_a/fits/residuals.rds
2024-12-03 11:33:41.793888 INFO::Writing fitted values to file Weight_genus_a/fits/fitted.rds
2024-12-03 11:33:41.796903 INFO::Writing extracted random effects to file Weight_genus_a/fits/ranef.rds
2024-12-03 11:33:41.798701 INFO::Writing all results to file (ordered by increasing q-values): Weight_genus_a/all_results.tsv
2024-12-03 11:33:41.801037 INFO::Writing the significant results (those which are less than or equal to the threshold of 0.250000 ) to file (ordered by increasing q-values): Weight_genus_a/significant_results.tsv
2024-12-03 11:33:41.801868 INFO::Writing heatmap of significant results to file: Weight_genus_a/heatmap.pdf
2024-12-03 11:33:41.802962 INFO::Writing association plots (one for each significant association) to output folder: Weight_genus_a
2024-12-03 11:33:41.804146 INFO::Plotting associations from most to least significant, grouped by metadata
2024-12-03 11:33:41.804924 INFO::Plotting data for metadata number 1, Weight_g
2024-12-03 11:33:41.809991 INFO::Creating scatter plot for continuous data, Weight_g vs k__Bacteria.p__Firmicutes.c__Bacilli.o__Lactobacillales.f__Lactobacillaceae.g__Lactobacillus
2024-12-03 11:33:41.901968 DEBUG::`geom_smooth()` using formula = 'y ~ x'
2024-12-03 11:33:41.902339 INFO::Creating scatter plot for continuous data, Weight_g vs k__Bacteria.p__Firmicutes.c__Bacilli.o__Lactobacillales.f__Lactobacillaceae.g__
2024-12-03 11:33:41.957939 DEBUG::`geom_smooth()` using formula = 'y ~ x'
2024-12-03 11:33:41.958302 INFO::Creating scatter plot for continuous data, Weight_g vs k__Bacteria.p__Firmicutes.c__Bacilli.o__Bacillales.f__.Exiguobacteraceae..g__
2024-12-03 11:33:42.020161 DEBUG::`geom_smooth()` using formula = 'y ~ x'
2024-12-03 11:33:42.020525 INFO::Creating scatter plot for continuous data, Weight_g vs k__Bacteria.p__Firmicutes.c__Bacilli.o__Lactobacillales.f__Streptococcaceae.g__Streptococcus
2024-12-03 11:33:42.131391 DEBUG::`geom_smooth()` using formula = 'y ~ x'
2024-12-03 11:33:42.131986 INFO::Creating scatter plot for continuous data, Weight_g vs k__Bacteria.p__Firmicutes.c__Bacilli.o__Lactobacillales.f__Leuconostocaceae.g__
2024-12-03 11:33:42.775749 DEBUG::`geom_smooth()` using formula = 'y ~ x'
2024-12-03 11:33:42.776449 INFO::Creating scatter plot for continuous data, Weight_g vs k__Bacteria.p__Firmicutes.c__Clostridia.o__Clostridiales.f__Ruminococcaceae.g__Faecalibacterium
2024-12-03 11:33:42.871852 DEBUG::`geom_smooth()` using formula = 'y ~ x'
2024-12-03 11:33:42.872284 INFO::Creating scatter plot for continuous data, Weight_g vs k__Bacteria.p__Bacteroidetes.c__Bacteroidia.o__Bacteroidales.f__S24.7.g__
2024-12-03 11:33:42.936144 DEBUG::`geom_smooth()` using formula = 'y ~ x'
2024-12-03 11:33:42.936509 INFO::Creating scatter plot for continuous data, Weight_g vs k__Bacteria.p__Actinobacteria.c__Actinobacteria.o__Actinomycetales.f__Brevibacteriaceae.g__Brevibacterium
2024-12-03 11:33:43.008041 DEBUG::`geom_smooth()` using formula = 'y ~ x'
2024-12-03 11:33:43.008439 INFO::Creating scatter plot for continuous data, Weight_g vs k__Bacteria.p__Firmicutes.c__Bacilli.o__Lactobacillales.f__Streptococcaceae.g__Lactococcus
2024-12-03 11:33:43.146859 DEBUG::`geom_smooth()` using formula = 'y ~ x'
2024-12-03 11:33:43.147436 INFO::Creating scatter plot for continuous data, Weight_g vs k__Bacteria.p__Verrucomicrobia.c__Verrucomicrobiae.o__Verrucomicrobiales.f__Verrucomicrobiaceae.g__Akkermansia
2024-12-03 11:33:43.21865 DEBUG::`geom_smooth()` using formula = 'y ~ x'
2024-12-03 11:33:43.219069 INFO::Creating scatter plot for continuous data, Weight_g vs k__Bacteria.p__Proteobacteria.c__Alphaproteobacteria.o__RF32.f__.g__
2024-12-03 11:33:43.286133 DEBUG::`geom_smooth()` using formula = 'y ~ x'
2024-12-03 11:33:43.286675 INFO::Creating scatter plot for continuous data, Weight_g vs k__Bacteria.p__Actinobacteria.c__Actinobacteria.o__Actinomycetales.f__Streptomycetaceae.g__Streptomyces
2024-12-03 11:33:43.351314 DEBUG::`geom_smooth()` using formula = 'y ~ x'
2024-12-03 11:33:43.351688 INFO::Creating scatter plot for continuous data, Weight_g vs k__Bacteria.p__Firmicutes.c__Clostridia.o__Clostridiales.f__Clostridiaceae.g__Clostridium
2024-12-03 11:33:43.414995 DEBUG::`geom_smooth()` using formula = 'y ~ x'
2024-12-03 11:33:43.415336 INFO::Creating scatter plot for continuous data, Weight_g vs k__Bacteria.p__Proteobacteria.c__Betaproteobacteria.o__Burkholderiales.f__Comamonadaceae.__
2024-12-03 11:33:43.49419 DEBUG::`geom_smooth()` using formula = 'y ~ x'
2024-12-03 11:33:43.494508 INFO::Creating scatter plot for continuous data, Weight_g vs k__Bacteria.p__Cyanobacteria.c__Chloroplast.o__Streptophyta.f__.g__
2024-12-03 11:33:43.551851 DEBUG::`geom_smooth()` using formula = 'y ~ x'
2024-12-03 11:33:43.552224 INFO::Creating scatter plot for continuous data, Weight_g vs k__Bacteria.p__Firmicutes.c__Bacilli.o__Turicibacterales.f__Turicibacteraceae.g__Turicibacter
2024-12-03 11:33:43.61084 DEBUG::`geom_smooth()` using formula = 'y ~ x'
2024-12-03 11:33:43.611196 INFO::Creating scatter plot for continuous data, Weight_g vs k__Bacteria.p__Proteobacteria.c__Alphaproteobacteria.o__Rickettsiales.f__mitochondria.g__Lardizabala
2024-12-03 11:33:43.668018 DEBUG::`geom_smooth()` using formula = 'y ~ x'
2024-12-03 11:33:43.668413 INFO::Creating scatter plot for continuous data, Weight_g vs k__Bacteria.p__Firmicutes.c__Clostridia.o__Clostridiales.f__Veillonellaceae.g__Megamonas
2024-12-03 11:33:43.740722 DEBUG::`geom_smooth()` using formula = 'y ~ x'
2024-12-03 11:33:43.741061 INFO::Creating scatter plot for continuous data, Weight_g vs k__Bacteria.p__Firmicutes.c__Clostridia.o__Clostridiales.f__Lachnospiraceae.g__Blautia
2024-12-03 11:33:43.796728 DEBUG::`geom_smooth()` using formula = 'y ~ x'
2024-12-03 11:33:43.797069 INFO::Creating scatter plot for continuous data, Weight_g vs k__Bacteria.p__Firmicutes.c__Bacilli.__.__.__
2024-12-03 11:33:43.854672 DEBUG::`geom_smooth()` using formula = 'y ~ x'
2024-12-03 11:33:43.855038 INFO::Creating scatter plot for continuous data, Weight_g vs k__Bacteria.p__Bacteroidetes.c__Bacteroidia.o__Bacteroidales.f__Bacteroidaceae.g__Bacteroides
2024-12-03 11:33:43.911926 DEBUG::`geom_smooth()` using formula = 'y ~ x'
2024-12-03 11:33:43.912287 INFO::Creating scatter plot for continuous data, Weight_g vs k__Bacteria.p__Firmicutes.c__Clostridia.o__Clostridiales.f__Lachnospiraceae.g__Epulopiscium
2024-12-03 11:33:43.984923 DEBUG::`geom_smooth()` using formula = 'y ~ x'
2024-12-03 11:33:43.985253 INFO::Creating scatter plot for continuous data, Weight_g vs k__Bacteria.p__Firmicutes.c__Clostridia.o__Clostridiales.f__Peptococcaceae.g__rc4.4
2024-12-03 11:33:44.042228 DEBUG::`geom_smooth()` using formula = 'y ~ x'
2024-12-03 11:33:44.042589 INFO::Creating scatter plot for continuous data, Weight_g vs k__Bacteria.p__Proteobacteria.c__Gammaproteobacteria.o__Pseudomonadales.f__Moraxellaceae.g__Acinetobacter
2024-12-03 11:33:44.100109 DEBUG::`geom_smooth()` using formula = 'y ~ x'
2024-12-03 11:33:44.100535 INFO::Creating scatter plot for continuous data, Weight_g vs k__Bacteria.p__Deferribacteres.c__Deferribacteres.o__Deferribacterales.f__Deferribacteraceae.g__Mucispirillum
2024-12-03 11:33:44.158674 DEBUG::`geom_smooth()` using formula = 'y ~ x'
2024-12-03 11:33:44.15911 INFO::Creating scatter plot for continuous data, Weight_g vs k__Bacteria.p__Actinobacteria.c__Actinobacteria.o__Actinomycetales.f__Dermabacteraceae.g__Brachybacterium
2024-12-03 11:33:44.235655 DEBUG::`geom_smooth()` using formula = 'y ~ x'
2024-12-03 11:33:44.236017 INFO::Creating scatter plot for continuous data, Weight_g vs k__Bacteria.p__Firmicutes.c__Bacilli.o__Bacillales.f__Staphylococcaceae.g__Jeotgalicoccus
2024-12-03 11:33:44.2943 DEBUG::`geom_smooth()` using formula = 'y ~ x'
2024-12-03 11:33:44.294707 INFO::Creating scatter plot for continuous data, Weight_g vs k__Bacteria.p__Firmicutes.c__Clostridia.o__Clostridiales.f__Clostridiaceae.g__
2024-12-03 11:33:44.37098 DEBUG::`geom_smooth()` using formula = 'y ~ x'
2024-12-03 11:33:44.371322 INFO::Creating scatter plot for continuous data, Weight_g vs k__Bacteria.p__Actinobacteria.c__Actinobacteria.o__Actinomycetales.f__Nocardiopsaceae.g__Prauseria
2024-12-03 11:33:44.437635 DEBUG::`geom_smooth()` using formula = 'y ~ x'
2024-12-03 11:33:44.438076 INFO::Creating scatter plot for continuous data, Weight_g vs k__Bacteria.p__Firmicutes.c__Clostridia.o__Clostridiales.f__Clostridiaceae.g__Candidatus.Arthromitus
2024-12-03 11:33:44.51155 DEBUG::`geom_smooth()` using formula = 'y ~ x'
2024-12-03 11:33:44.511891 INFO::Creating scatter plot for continuous data, Weight_g vs k__Bacteria.p__Proteobacteria.c__Alphaproteobacteria.o__Rhizobiales.f__Rhizobiaceae.__
2024-12-03 11:33:44.567309 DEBUG::`geom_smooth()` using formula = 'y ~ x'
2024-12-03 11:33:44.567636 INFO::Creating scatter plot for continuous data, Weight_g vs k__Bacteria.p__Firmicutes.c__Clostridia.o__Clostridiales.f__.g__
2024-12-03 11:33:44.624083 DEBUG::`geom_smooth()` using formula = 'y ~ x'
2024-12-03 11:33:44.624495 INFO::Creating scatter plot for continuous data, Weight_g vs k__Bacteria.p__Actinobacteria.c__Actinobacteria.o__Actinomycetales.f__Intrasporangiaceae.g__
2024-12-03 11:33:44.685101 DEBUG::`geom_smooth()` using formula = 'y ~ x'
2024-12-03 11:33:44.685516 INFO::Creating scatter plot for continuous data, Weight_g vs k__Bacteria.p__Proteobacteria.c__Gammaproteobacteria.o__Enterobacteriales.f__Enterobacteriaceae.g__
2024-12-03 11:33:44.761295 DEBUG::`geom_smooth()` using formula = 'y ~ x'
