2024-12-02 13:48:55.705981 INFO::Writing function arguments to log file
2024-12-02 13:48:55.70934 DEBUG::Function arguments
2024-12-02 13:48:55.71029 DEBUG::Output folder: Echo_totalwater_family_a
2024-12-02 13:48:55.711276 DEBUG::Min Abundance: 0.000000
2024-12-02 13:48:55.711989 DEBUG::Min Prevalence: 0.100000
2024-12-02 13:48:55.712409 DEBUG::Normalization: TSS
2024-12-02 13:48:55.712777 DEBUG::Transform: LOG
2024-12-02 13:48:55.713095 DEBUG::Analysis method: LM
2024-12-02 13:48:55.713571 DEBUG::Max significance: 0.250000
2024-12-02 13:48:55.713953 DEBUG::Random effects: Mouse_ID
2024-12-02 13:48:55.714318 DEBUG::Fixed effects: Total_water_percentage
2024-12-02 13:48:55.714903 DEBUG::Correction method: BH
2024-12-02 13:48:55.715416 DEBUG::Standardize: TRUE
2024-12-02 13:48:55.716055 DEBUG::Cores: 1
2024-12-02 13:48:55.716751 INFO::Verifying options selected are valid
2024-12-02 13:48:55.718318 INFO::Determining format of input files
2024-12-02 13:48:55.719255 INFO::Input format is data samples as rows and metadata samples as rows
2024-12-02 13:48:55.72708 DEBUG::The following samples were found to have features but no metadata. They will be removed. HEB24001,HEB24002,HEB24003,HEB24004,HEB24005,HEB24006,HEB24007,HEB24008,HEB24009,HEB24010,HEB24011,HEB24012,HEB24013,HEB24014,HEB24015,HEB24016,HEB24018,HEB24019,HEB24020,HEB24021,HEB24022,HEB24024,HEB24026,HEB24027,HEB24028,HEB24029,HEB24030,HEB24031,HEB24032,HEB24033,HEB24034,HEB24035,HEB24036,HEB24038,HEB24039,HEB24043,HEB24046,HEB24047,HEB24048,HEB24049,HEB24050,HEB24051,HEB24052,HEB24053,HEB24054,HEB24059,HEB24060,HEB24061,HEB24062,HEB24063,HEB24064,HEB24065,HEB24066,HEB24067,HEB24069,HEB24070,HEB24071,HEB24072,HEB24073,HEB24074,HEB24075,HEB24076,HEB24077,HEB24078,HEB24079,HEB24080,HEB24081,HEB24082,HEB24083,HEB24084,HEB24085,HEB24086,HEB24087,HEB24091,HEB24092,HEB24093,HEB24094,HEB24095,HEB24096,HEB24097,HEB24098,HEB24099,HEB24100,HEB24101,HEB24102,HEB24103,HEB24104,HEB24105,HEB24107,HEB24108,HEB24109,HEB24110,HEB24111,HEB24112,HEB24113,HEB24114,HEB24115,HEB24116,HEB24117,HEB24118,HEB24119,HEB24120,HEB24121,HEB24123,HEB24124,HEB24125,HEB24126,HEB24128,HEB24145,HEB24146,HEB24147,HEB24148,HEB24149,HEB24150,HEB24151,HEB24152,HEB24153,HEB24154,HEB24155,HEB24156,HEB24157,HEB24158,HEB24159,HEB24160,HEB24161,HEB24162,HEB24163,HEB24164,HEB24165,HEB24166,HEB24167,HEB24168,HEB24169,HEB24170,HEB24171,HEB24172,HEB24173,HEB24174,HEB24175,HEB24176,HEB24177,HEB24178,HEB24179,HEB24180,HEB24181,HEB24182,HEB24183,HEB24184,HEB24185,HEB24186,HEB24187,HEB24188,HEB24189,HEB24190,HEB24191,HEB24192,HEB24193,HEB24194,HEB24195,HEB24196,HEB24197,HEB24198
2024-12-02 13:48:55.728589 DEBUG::A total of 36 samples were found in both the data and metadata
2024-12-02 13:48:55.729193 DEBUG::Reordering data/metadata to use same sample ordering
2024-12-02 13:48:55.73502 INFO::Formula for random effects: expr ~ (1 | Mouse_ID)
2024-12-02 13:48:55.736908 INFO::Formula for fixed effects: expr ~  Total_water_percentage
2024-12-02 13:48:55.737982 INFO::Filter data based on min abundance and min prevalence
2024-12-02 13:48:55.738682 INFO::Total samples in data: 36
2024-12-02 13:48:55.739745 INFO::Min samples required with min abundance for a feature not to be filtered: 3.600000
2024-12-02 13:48:55.742269 INFO::Total filtered features: 44
2024-12-02 13:48:55.743154 INFO::Filtered feature names from abundance and prevalence filtering: k__Archaea.p__Euryarchaeota.c__Halobacteria.o__Halobacteriales.f__Halobacteriaceae, k__Bacteria.p__Actinobacteria.c__Actinobacteria.o__Actinomycetales.f__Micrococcaceae, k__Bacteria.p__Firmicutes.c__Bacilli.__.__, k__Bacteria.p__Actinobacteria.c__Actinobacteria.o__Actinomycetales.f__Nocardiaceae, k__Bacteria.p__Firmicutes.c__Bacilli.o__Bacillales.f__Planococcaceae, k__Bacteria.p__Firmicutes.c__Bacilli.o__Lactobacillales.f__Aerococcaceae, k__Bacteria.p__Proteobacteria.c__Gammaproteobacteria.__.__, k__Bacteria.p__Proteobacteria.c__Betaproteobacteria.o__Burkholderiales.f__Comamonadaceae, k__Bacteria.p__Firmicutes.c__Bacilli.o__Lactobacillales.__, k__Bacteria.p__Firmicutes.c__Clostridia.o__Clostridiales.f__.Tissierellaceae., k__Bacteria.p__Proteobacteria.c__Alphaproteobacteria.o__Rhizobiales.f__Hyphomicrobiaceae, k__Bacteria.p__Firmicutes.c__Bacilli.o__Bacillales.f__.Thermicanaceae., k__Bacteria.p__Proteobacteria.c__Alphaproteobacteria.o__Caulobacterales.f__Caulobacteraceae, k__Bacteria.p__Proteobacteria.c__Alphaproteobacteria.o__.f__, k__Bacteria.p__Firmicutes.c__Clostridia.o__.f__, k__Bacteria.p__Firmicutes.c__Clostridia.o__Natranaerobiales.f__Anaerobrancaceae, k__Bacteria.p__Actinobacteria.c__Actinobacteria.o__Actinomycetales.f__Micromonosporaceae, k__Bacteria.p__Proteobacteria.c__Gammaproteobacteria.o__Alteromonadales.f__OM60, k__Bacteria.p__Proteobacteria.c__Gammaproteobacteria.o__Cardiobacteriales.f__, k__Bacteria.p__Proteobacteria.c__Alphaproteobacteria.o__Rhizobiales.__, k__Bacteria.p__Actinobacteria.c__Actinobacteria.o__Actinomycetales.f__Mycobacteriaceae, k__Bacteria.p__Actinobacteria.c__Actinobacteria.o__Actinomycetales.f__Microbacteriaceae, k__Bacteria.p__Actinobacteria.c__Actinobacteria.o__Actinomycetales.f__Nocardioidaceae, k__Bacteria.p__Proteobacteria.c__Alphaproteobacteria.o__Sphingomonadales.f__Sphingomonadaceae, k__Bacteria.p__Actinobacteria.c__Actinobacteria.o__Actinomycetales.f__Pseudonocardiaceae, k__Bacteria.p__Chloroflexi.c__Thermomicrobia.o__JG30.KF.CM45.f__, k__Bacteria.p__Proteobacteria.c__Epsilonproteobacteria.o__Campylobacterales.f__Campylobacteraceae, k__Bacteria.p__Proteobacteria.c__Betaproteobacteria.o__Burkholderiales.f__Oxalobacteraceae, k__Bacteria.p__Bacteroidetes.c__Flavobacteriia.o__Flavobacteriales.f__Cryomorphaceae, k__Bacteria.p__Proteobacteria.c__Betaproteobacteria.o__MKC10.f__, k__Bacteria.p__Actinobacteria.c__Actinobacteria.o__Actinomycetales.f__Actinomycetaceae, k__Bacteria.p__Proteobacteria.c__Alphaproteobacteria.o__Rhodospirillales.f__Rhodospirillaceae, k__Bacteria.p__Bacteroidetes.c__Flavobacteriia.o__Flavobacteriales.f__Flavobacteriaceae, k__Bacteria.p__Proteobacteria.c__Epsilonproteobacteria.o__Campylobacterales.f__Helicobacteraceae, k__Bacteria.p__Bacteroidetes.c__Bacteroidia.o__Bacteroidales.f__.Paraprevotellaceae., k__Bacteria.p__Spirochaetes.c__Spirochaetes.o__Spirochaetales.f__Spirochaetaceae, k__Bacteria.p__Actinobacteria.c__Thermoleophilia.__.__, k__Bacteria.p__Proteobacteria.c__Alphaproteobacteria.o__Rhizobiales.f__Bradyrhizobiaceae, k__Bacteria.p__.Thermi..c__Deinococci.o__Thermales.f__Thermaceae, k__Bacteria.p__Verrucomicrobia.__.__.__, k__Bacteria.p__Proteobacteria.c__Alphaproteobacteria.o__Sphingomonadales.f__Erythrobacteraceae, k__Bacteria.p__Firmicutes.c__Bacilli.o__Bacillales.f__, k__Bacteria.p__Proteobacteria.c__Deltaproteobacteria.o__Myxococcales.f__Myxococcaceae, k__Bacteria.p__Actinobacteria.__.__.__
2024-12-02 13:48:55.747078 INFO::Total filtered features with variance filtering: 0
2024-12-02 13:48:55.748474 INFO::Filtered feature names from variance filtering:
2024-12-02 13:48:55.749696 INFO::Running selected normalization method: TSS
2024-12-02 13:48:55.752623 INFO::Applying z-score to standardize continuous metadata
2024-12-02 13:48:55.770643 INFO::Running selected transform method: LOG
2024-12-02 13:48:55.790177 INFO::Running selected analysis method: LM
2024-12-02 13:48:55.793764 INFO::Fitting model to feature number 1, k__Bacteria.p__Bacteroidetes.c__Bacteroidia.o__Bacteroidales.f__S24.7
2024-12-02 13:48:55.848864 INFO::Fitting model to feature number 2, k__Bacteria.p__Firmicutes.c__Bacilli.o__Lactobacillales.f__Lactobacillaceae
2024-12-02 13:48:55.886151 INFO::Fitting model to feature number 3, k__Bacteria.p__Firmicutes.c__Bacilli.o__Bacillales.f__.Exiguobacteraceae.
2024-12-02 13:48:55.936664 INFO::Fitting model to feature number 4, k__Bacteria.p__Firmicutes.c__Bacilli.o__Lactobacillales.f__Streptococcaceae
2024-12-02 13:48:55.990334 INFO::Fitting model to feature number 5, k__Bacteria.p__Firmicutes.c__Bacilli.o__Bacillales.f__Bacillaceae
2024-12-02 13:48:56.040826 INFO::Fitting model to feature number 6, k__Bacteria.p__Firmicutes.c__Bacilli.o__Turicibacterales.f__Turicibacteraceae
2024-12-02 13:48:56.074434 INFO::Fitting model to feature number 7, k__Bacteria.p__Verrucomicrobia.c__Verrucomicrobiae.o__Verrucomicrobiales.f__Verrucomicrobiaceae
2024-12-02 13:48:56.116962 INFO::Fitting model to feature number 8, k__Bacteria.__.__.__.__
2024-12-02 13:48:56.150573 INFO::Fitting model to feature number 9, k__Bacteria.p__Firmicutes.c__Clostridia.o__Clostridiales.f__Clostridiaceae
2024-12-02 13:48:56.172063 INFO::Fitting model to feature number 10, k__Bacteria.p__Firmicutes.c__Clostridia.o__Clostridiales.__
2024-12-02 13:48:56.194421 INFO::Fitting model to feature number 11, k__Bacteria.p__Firmicutes.c__Bacilli.o__Lactobacillales.f__Leuconostocaceae
2024-12-02 13:48:56.232479 INFO::Fitting model to feature number 12, k__Bacteria.p__Firmicutes.c__Clostridia.o__Clostridiales.f__
2024-12-02 13:48:56.254131 INFO::Fitting model to feature number 13, k__Bacteria.p__Proteobacteria.c__Gammaproteobacteria.o__Enterobacteriales.f__Enterobacteriaceae
2024-12-02 13:48:56.276018 INFO::Fitting model to feature number 14, k__Bacteria.p__Cyanobacteria.c__Chloroplast.o__Streptophyta.f__
2024-12-02 13:48:56.307592 INFO::Fitting model to feature number 15, k__Bacteria.p__Proteobacteria.c__Alphaproteobacteria.o__Rickettsiales.f__mitochondria
2024-12-02 13:48:56.374936 INFO::Fitting model to feature number 16, k__Bacteria.p__Bacteroidetes.c__Bacteroidia.o__Bacteroidales.f__Bacteroidaceae
2024-12-02 13:48:56.393033 INFO::Fitting model to feature number 17, k__Bacteria.p__Firmicutes.c__Erysipelotrichi.o__Erysipelotrichales.f__Erysipelotrichaceae
2024-12-02 13:48:56.411141 INFO::Fitting model to feature number 18, k__Bacteria.p__Firmicutes.c__Clostridia.o__Clostridiales.f__Ruminococcaceae
2024-12-02 13:48:56.427393 INFO::Fitting model to feature number 19, k__Bacteria.p__Firmicutes.c__Clostridia.o__Clostridiales.f__Lachnospiraceae
2024-12-02 13:48:56.443359 INFO::Fitting model to feature number 20, k__Bacteria.p__Bacteroidetes.c__Bacteroidia.o__Bacteroidales.f__Porphyromonadaceae
2024-12-02 13:48:56.458857 INFO::Fitting model to feature number 21, k__Bacteria.p__Bacteroidetes.c__Bacteroidia.o__Bacteroidales.__
2024-12-02 13:48:56.474505 INFO::Fitting model to feature number 22, k__Bacteria.p__Firmicutes.c__Clostridia.__.__
2024-12-02 13:48:56.490316 INFO::Fitting model to feature number 23, k__Bacteria.p__Firmicutes.c__Clostridia.o__Clostridiales.f__Eubacteriaceae
2024-12-02 13:48:56.509698 INFO::Fitting model to feature number 24, k__Bacteria.p__Firmicutes.c__Clostridia.o__Clostridiales.f__Peptococcaceae
2024-12-02 13:48:56.527313 INFO::Fitting model to feature number 25, k__Bacteria.p__Proteobacteria.c__Gammaproteobacteria.o__Pseudomonadales.f__Moraxellaceae
2024-12-02 13:48:56.547422 INFO::Fitting model to feature number 26, k__Bacteria.p__Actinobacteria.c__Actinobacteria.o__Actinomycetales.f__
2024-12-02 13:48:56.589072 INFO::Fitting model to feature number 27, k__Bacteria.p__Tenericutes.c__Mollicutes.o__RF39.f__
2024-12-02 13:48:56.608428 INFO::Fitting model to feature number 28, k__Bacteria.p__Actinobacteria.c__Actinobacteria.o__Bifidobacteriales.f__Bifidobacteriaceae
2024-12-02 13:48:56.626652 INFO::Fitting model to feature number 29, k__Bacteria.p__Firmicutes.c__Clostridia.o__Clostridiales.f__Peptostreptococcaceae
2024-12-02 13:48:56.64482 INFO::Fitting model to feature number 30, k__Bacteria.p__Proteobacteria.c__Alphaproteobacteria.o__RF32.f__
2024-12-02 13:48:56.662508 INFO::Fitting model to feature number 31, k__Bacteria.p__Firmicutes.__.__.__
2024-12-02 13:48:56.686166 INFO::Fitting model to feature number 32, k__Bacteria.p__Proteobacteria.c__Betaproteobacteria.o__Burkholderiales.f__Alcaligenaceae
2024-12-02 13:48:56.733863 INFO::Fitting model to feature number 33, k__Bacteria.p__Deferribacteres.c__Deferribacteres.o__Deferribacterales.f__Deferribacteraceae
2024-12-02 13:48:56.752501 INFO::Fitting model to feature number 34, k__Bacteria.p__Bacteroidetes.c__Bacteroidia.o__Bacteroidales.f__Prevotellaceae
2024-12-02 13:48:56.771077 INFO::Fitting model to feature number 35, k__Bacteria.p__Actinobacteria.c__Actinobacteria.o__Actinomycetales.f__Streptomycetaceae
2024-12-02 13:48:56.788358 INFO::Fitting model to feature number 36, k__Bacteria.p__Actinobacteria.c__Actinobacteria.o__Actinomycetales.f__Brevibacteriaceae
2024-12-02 13:48:56.806093 INFO::Fitting model to feature number 37, k__Bacteria.p__Actinobacteria.c__Actinobacteria.o__Actinomycetales.f__Corynebacteriaceae
2024-12-02 13:48:56.823633 INFO::Fitting model to feature number 38, Unassigned.__.__.__.__
2024-12-02 13:48:56.84151 INFO::Fitting model to feature number 39, k__Bacteria.p__Actinobacteria.c__Actinobacteria.o__Actinomycetales.f__Intrasporangiaceae
2024-12-02 13:48:56.858155 INFO::Fitting model to feature number 40, k__Bacteria.p__Actinobacteria.c__Actinobacteria.o__Actinomycetales.f__Dermabacteraceae
2024-12-02 13:48:56.877459 INFO::Fitting model to feature number 41, k__Bacteria.p__Firmicutes.c__Bacilli.o__Bacillales.__
2024-12-02 13:48:56.897893 INFO::Fitting model to feature number 42, k__Bacteria.p__Proteobacteria.c__Gammaproteobacteria.o__Xanthomonadales.f__Xanthomonadaceae
2024-12-02 13:48:56.91614 INFO::Fitting model to feature number 43, k__Bacteria.p__Firmicutes.c__Clostridia.o__Clostridiales.f__Dehalobacteriaceae
2024-12-02 13:48:56.933161 INFO::Fitting model to feature number 44, k__Bacteria.p__Firmicutes.c__Clostridia.o__Clostridiales.f__.Mogibacteriaceae.
2024-12-02 13:48:56.950613 INFO::Fitting model to feature number 45, k__Bacteria.p__Firmicutes.c__Bacilli.o__Bacillales.f__Staphylococcaceae
2024-12-02 13:48:56.976686 INFO::Fitting model to feature number 46, k__Bacteria.p__Bacteroidetes.__.__.__
2024-12-02 13:48:56.99401 INFO::Fitting model to feature number 47, k__Bacteria.p__Actinobacteria.c__Actinobacteria.__.__
2024-12-02 13:48:57.01049 INFO::Fitting model to feature number 48, k__Bacteria.p__Bacteroidetes.c__Bacteroidia.o__Bacteroidales.f__Rikenellaceae
2024-12-02 13:48:57.026552 INFO::Fitting model to feature number 49, k__Bacteria.p__Firmicutes.c__Clostridia.o__Clostridiales.f__Veillonellaceae
2024-12-02 13:48:57.066378 INFO::Fitting model to feature number 50, k__Bacteria.p__Actinobacteria.c__Coriobacteriia.o__Coriobacteriales.f__Coriobacteriaceae
2024-12-02 13:48:57.088218 INFO::Fitting model to feature number 51, k__Bacteria.p__Proteobacteria.c__Alphaproteobacteria.o__Rhizobiales.f__Methylobacteriaceae
2024-12-02 13:48:57.105126 INFO::Fitting model to feature number 52, k__Bacteria.p__Actinobacteria.c__Actinobacteria.o__Actinomycetales.__
2024-12-02 13:48:57.122089 INFO::Fitting model to feature number 53, k__Bacteria.p__Actinobacteria.c__Actinobacteria.o__Actinomycetales.f__Nocardiopsaceae
2024-12-02 13:48:57.138066 INFO::Fitting model to feature number 54, k__Bacteria.p__Proteobacteria.c__Alphaproteobacteria.__.__
2024-12-02 13:48:57.154004 INFO::Fitting model to feature number 55, k__Bacteria.p__Firmicutes.c__Bacilli.o__Bacillales.f__Paenibacillaceae
2024-12-02 13:48:57.169336 INFO::Fitting model to feature number 56, k__Bacteria.p__Proteobacteria.c__Alphaproteobacteria.o__Rhizobiales.f__Rhizobiaceae
2024-12-02 13:48:57.185267 INFO::Fitting model to feature number 57, k__Bacteria.p__Proteobacteria.c__Gammaproteobacteria.o__Pasteurellales.f__Pasteurellaceae
2024-12-02 13:48:57.200885 INFO::Fitting model to feature number 58, k__Bacteria.p__Proteobacteria.c__Gammaproteobacteria.o__Pseudomonadales.f__Pseudomonadaceae
2024-12-02 13:48:57.216747 INFO::Fitting model to feature number 59, k__Bacteria.p__Proteobacteria.c__Alphaproteobacteria.o__Rhodobacterales.f__Rhodobacteraceae
2024-12-02 13:48:57.235861 INFO::Counting total values for each feature
2024-12-02 13:48:57.237537 INFO::Writing filtered data to file Echo_totalwater_family_a/features/filtered_data.tsv
2024-12-02 13:48:57.23938 INFO::Writing filtered, normalized data to file Echo_totalwater_family_a/features/filtered_data_norm.tsv
2024-12-02 13:48:57.241554 INFO::Writing filtered, normalized, transformed data to file Echo_totalwater_family_a/features/filtered_data_norm_transformed.tsv
2024-12-02 13:48:57.243853 INFO::Writing residuals to file Echo_totalwater_family_a/fits/residuals.rds
2024-12-02 13:48:57.244879 INFO::Writing fitted values to file Echo_totalwater_family_a/fits/fitted.rds
2024-12-02 13:48:57.245772 INFO::Writing extracted random effects to file Echo_totalwater_family_a/fits/ranef.rds
2024-12-02 13:48:57.246512 INFO::Writing all results to file (ordered by increasing q-values): Echo_totalwater_family_a/all_results.tsv
2024-12-02 13:48:57.247427 INFO::Writing the significant results (those which are less than or equal to the threshold of 0.250000 ) to file (ordered by increasing q-values): Echo_totalwater_family_a/significant_results.tsv
2024-12-02 13:48:57.247943 INFO::Writing heatmap of significant results to file: Echo_totalwater_family_a/heatmap.pdf
2024-12-02 13:48:57.249597 INFO::Writing association plots (one for each significant association) to output folder: Echo_totalwater_family_a
